Calling target program-options parser
Adding interface s3-eth1 as port 1
[12:09:43.696] [bmv2] [D] [thread 5284] Adding interface s3-eth1 as port 1
Adding interface s3-eth2 as port 2
[12:09:43.727] [bmv2] [D] [thread 5284] Adding interface s3-eth2 as port 2
Adding interface s3-eth3 as port 3
[12:09:43.739] [bmv2] [D] [thread 5284] Adding interface s3-eth3 as port 3
Server listening on 0.0.0.0:9561
[12:09:43.756] [bmv2] [I] [thread 5284] Starting Thrift server on port 9092
[12:09:43.756] [bmv2] [I] [thread 5284] Thrift server was started
[12:40:15.799] [bmv2] [D] [thread 6542] Set default default entry for table 'MyIngress.ipv4_lpm': MyIngress.drop - 
[12:40:15.801] [bmv2] [D] [thread 6542] simple_switch target has been notified of a config swap
[12:40:15.803] [bmv2] [D] [thread 6542] Set default entry for table 'MyIngress.ipv4_lpm': MyIngress.drop - 
[12:40:15.805] [bmv2] [D] [thread 6556] [0.0] [cxt 0] Processing packet received on port 1
[12:40:15.805] [bmv2] [D] [thread 6556] [0.0] [cxt 0] Parser 'parser': start
[12:40:15.805] [bmv2] [D] [thread 6556] [0.0] [cxt 0] Parser 'parser' entering state 'start'
[12:40:15.805] [bmv2] [D] [thread 6556] [0.0] [cxt 0] Extracting header 'ethernet'
[12:40:15.805] [bmv2] [D] [thread 6556] [0.0] [cxt 0] Parser state 'start': key is 86dd
[12:40:15.805] [bmv2] [T] [thread 6556] [0.0] [cxt 0] Bytes parsed: 14
[12:40:15.805] [bmv2] [D] [thread 6556] [0.0] [cxt 0] Parser 'parser': end
[12:40:15.805] [bmv2] [D] [thread 6556] [0.0] [cxt 0] Pipeline 'ingress': start
[12:40:15.805] [bmv2] [T] [thread 6556] [0.0] [cxt 0] basico.p4(114) Condition "hdr.ipv4.isValid()" (node_2) is false
[12:40:15.805] [bmv2] [D] [thread 6556] [0.0] [cxt 0] Pipeline 'ingress': end
[12:40:15.805] [bmv2] [D] [thread 6556] [0.0] [cxt 0] Egress port is 0
[12:40:15.805] [bmv2] [D] [thread 6556] [1.0] [cxt 0] Processing packet received on port 3
[12:40:15.805] [bmv2] [D] [thread 6556] [1.0] [cxt 0] Parser 'parser': start
[12:40:15.805] [bmv2] [D] [thread 6556] [1.0] [cxt 0] Parser 'parser' entering state 'start'
[12:40:15.805] [bmv2] [D] [thread 6556] [1.0] [cxt 0] Extracting header 'ethernet'
[12:40:15.805] [bmv2] [D] [thread 6556] [1.0] [cxt 0] Parser state 'start': key is 86dd
[12:40:15.805] [bmv2] [T] [thread 6556] [1.0] [cxt 0] Bytes parsed: 14
[12:40:15.805] [bmv2] [D] [thread 6556] [1.0] [cxt 0] Parser 'parser': end
[12:40:15.805] [bmv2] [D] [thread 6556] [1.0] [cxt 0] Pipeline 'ingress': start
[12:40:15.805] [bmv2] [T] [thread 6556] [1.0] [cxt 0] basico.p4(114) Condition "hdr.ipv4.isValid()" (node_2) is false
[12:40:15.805] [bmv2] [D] [thread 6556] [1.0] [cxt 0] Pipeline 'ingress': end
[12:40:15.805] [bmv2] [D] [thread 6556] [1.0] [cxt 0] Egress port is 0
[12:40:15.805] [bmv2] [D] [thread 6556] [2.0] [cxt 0] Processing packet received on port 1
[12:40:15.805] [bmv2] [D] [thread 6556] [2.0] [cxt 0] Parser 'parser': start
[12:40:15.805] [bmv2] [D] [thread 6556] [2.0] [cxt 0] Parser 'parser' entering state 'start'
[12:40:15.805] [bmv2] [D] [thread 6556] [2.0] [cxt 0] Extracting header 'ethernet'
[12:40:15.805] [bmv2] [D] [thread 6556] [2.0] [cxt 0] Parser state 'start': key is 86dd
[12:40:15.805] [bmv2] [T] [thread 6556] [2.0] [cxt 0] Bytes parsed: 14
[12:40:15.805] [bmv2] [D] [thread 6556] [2.0] [cxt 0] Parser 'parser': end
[12:40:15.805] [bmv2] [D] [thread 6556] [2.0] [cxt 0] Pipeline 'ingress': start
[12:40:15.805] [bmv2] [T] [thread 6556] [2.0] [cxt 0] basico.p4(114) Condition "hdr.ipv4.isValid()" (node_2) is false
[12:40:15.805] [bmv2] [D] [thread 6556] [2.0] [cxt 0] Pipeline 'ingress': end
[12:40:15.805] [bmv2] [D] [thread 6556] [2.0] [cxt 0] Egress port is 0
[12:40:15.805] [bmv2] [D] [thread 6556] [3.0] [cxt 0] Processing packet received on port 1
[12:40:15.806] [bmv2] [D] [thread 6556] [3.0] [cxt 0] Parser 'parser': start
[12:40:15.806] [bmv2] [D] [thread 6556] [3.0] [cxt 0] Parser 'parser' entering state 'start'
[12:40:15.806] [bmv2] [D] [thread 6556] [3.0] [cxt 0] Extracting header 'ethernet'
[12:40:15.806] [bmv2] [D] [thread 6556] [3.0] [cxt 0] Parser state 'start': key is 86dd
[12:40:15.806] [bmv2] [T] [thread 6556] [3.0] [cxt 0] Bytes parsed: 14
[12:40:15.806] [bmv2] [D] [thread 6556] [3.0] [cxt 0] Parser 'parser': end
[12:40:15.806] [bmv2] [D] [thread 6556] [3.0] [cxt 0] Pipeline 'ingress': start
[12:40:15.806] [bmv2] [T] [thread 6556] [3.0] [cxt 0] basico.p4(114) Condition "hdr.ipv4.isValid()" (node_2) is false
[12:40:15.806] [bmv2] [D] [thread 6556] [3.0] [cxt 0] Pipeline 'ingress': end
[12:40:15.806] [bmv2] [D] [thread 6556] [3.0] [cxt 0] Egress port is 0
[12:40:15.806] [bmv2] [D] [thread 6556] [4.0] [cxt 0] Processing packet received on port 1
[12:40:15.806] [bmv2] [D] [thread 6556] [4.0] [cxt 0] Parser 'parser': start
[12:40:15.806] [bmv2] [D] [thread 6556] [4.0] [cxt 0] Parser 'parser' entering state 'start'
[12:40:15.806] [bmv2] [D] [thread 6556] [4.0] [cxt 0] Extracting header 'ethernet'
[12:40:15.806] [bmv2] [D] [thread 6556] [4.0] [cxt 0] Parser state 'start': key is 0800
[12:40:15.806] [bmv2] [T] [thread 6556] [4.0] [cxt 0] Bytes parsed: 14
[12:40:15.806] [bmv2] [D] [thread 6556] [4.0] [cxt 0] Parser 'parser' entering state 'parse_ipv4'
[12:40:15.806] [bmv2] [D] [thread 6556] [4.0] [cxt 0] Extracting header 'ipv4'
[12:40:15.806] [bmv2] [D] [thread 6556] [4.0] [cxt 0] Parser state 'parse_ipv4' has no switch, going to default next state
[12:40:15.806] [bmv2] [T] [thread 6556] [4.0] [cxt 0] Bytes parsed: 34
[12:40:15.806] [bmv2] [D] [thread 6556] [4.0] [cxt 0] Parser 'parser': end
[12:40:15.806] [bmv2] [D] [thread 6556] [4.0] [cxt 0] Pipeline 'ingress': start
[12:40:15.806] [bmv2] [T] [thread 6556] [4.0] [cxt 0] basico.p4(114) Condition "hdr.ipv4.isValid()" (node_2) is true
[12:40:15.806] [bmv2] [T] [thread 6556] [4.0] [cxt 0] Applying table 'MyIngress.ipv4_lpm'
[12:40:15.806] [bmv2] [D] [thread 6556] [4.0] [cxt 0] Looking up key:
* hdr.ipv4.dstAddr    : 0a000101

[12:40:15.806] [bmv2] [D] [thread 6556] [4.0] [cxt 0] Table 'MyIngress.ipv4_lpm': miss
[12:40:15.806] [bmv2] [D] [thread 6556] [4.0] [cxt 0] Action entry is MyIngress.drop - 
[12:40:15.806] [bmv2] [T] [thread 6556] [4.0] [cxt 0] Action MyIngress.drop
[12:40:15.806] [bmv2] [T] [thread 6556] [4.0] [cxt 0] basico.p4(90) Primitive mark_to_drop(standard_metadata)
[12:40:15.806] [bmv2] [D] [thread 6556] [4.0] [cxt 0] Pipeline 'ingress': end
[12:40:15.806] [bmv2] [D] [thread 6556] [4.0] [cxt 0] Egress port is 511
[12:40:15.806] [bmv2] [D] [thread 6556] [4.0] [cxt 0] Dropping packet at the end of ingress
[12:40:15.806] [bmv2] [D] [thread 6556] [5.0] [cxt 0] Processing packet received on port 1
[12:40:15.806] [bmv2] [D] [thread 6556] [5.0] [cxt 0] Parser 'parser': start
[12:40:15.806] [bmv2] [D] [thread 6556] [5.0] [cxt 0] Parser 'parser' entering state 'start'
[12:40:15.806] [bmv2] [D] [thread 6556] [5.0] [cxt 0] Extracting header 'ethernet'
[12:40:15.806] [bmv2] [D] [thread 6556] [5.0] [cxt 0] Parser state 'start': key is 0800
[12:40:15.806] [bmv2] [T] [thread 6556] [5.0] [cxt 0] Bytes parsed: 14
[12:40:15.806] [bmv2] [D] [thread 6556] [5.0] [cxt 0] Parser 'parser' entering state 'parse_ipv4'
[12:40:15.806] [bmv2] [D] [thread 6556] [5.0] [cxt 0] Extracting header 'ipv4'
[12:40:15.806] [bmv2] [D] [thread 6556] [5.0] [cxt 0] Parser state 'parse_ipv4' has no switch, going to default next state
[12:40:15.806] [bmv2] [T] [thread 6556] [5.0] [cxt 0] Bytes parsed: 34
[12:40:15.806] [bmv2] [D] [thread 6556] [5.0] [cxt 0] Parser 'parser': end
[12:40:15.806] [bmv2] [D] [thread 6556] [5.0] [cxt 0] Pipeline 'ingress': start
[12:40:15.806] [bmv2] [T] [thread 6556] [5.0] [cxt 0] basico.p4(114) Condition "hdr.ipv4.isValid()" (node_2) is true
[12:40:15.806] [bmv2] [T] [thread 6556] [5.0] [cxt 0] Applying table 'MyIngress.ipv4_lpm'
[12:40:15.806] [bmv2] [D] [thread 6556] [5.0] [cxt 0] Looking up key:
* hdr.ipv4.dstAddr    : 0a000202

[12:40:15.806] [bmv2] [D] [thread 6556] [5.0] [cxt 0] Table 'MyIngress.ipv4_lpm': miss
[12:40:15.806] [bmv2] [D] [thread 6556] [5.0] [cxt 0] Action entry is MyIngress.drop - 
[12:40:15.807] [bmv2] [D] [thread 6557] [0.0] [cxt 0] Pipeline 'egress': start
[12:40:15.807] [bmv2] [D] [thread 6557] [0.0] [cxt 0] Pipeline 'egress': end
[12:40:15.807] [bmv2] [D] [thread 6557] [0.0] [cxt 0] Deparser 'deparser': start
[12:40:15.807] [bmv2] [T] [thread 6557] [0.0] [cxt 0] Skipping checksum 'cksum' update because condition not met
[12:40:15.807] [bmv2] [D] [thread 6557] [0.0] [cxt 0] Deparsing header 'ethernet'
[12:40:15.807] [bmv2] [D] [thread 6557] [0.0] [cxt 0] Deparser 'deparser': end
[12:40:15.807] [bmv2] [D] [thread 6557] [1.0] [cxt 0] Pipeline 'egress': start
[12:40:15.807] [bmv2] [D] [thread 6557] [1.0] [cxt 0] Pipeline 'egress': end
[12:40:15.807] [bmv2] [D] [thread 6557] [1.0] [cxt 0] Deparser 'deparser': start
[12:40:15.807] [bmv2] [T] [thread 6557] [1.0] [cxt 0] Skipping checksum 'cksum' update because condition not met
[12:40:15.807] [bmv2] [D] [thread 6557] [1.0] [cxt 0] Deparsing header 'ethernet'
[12:40:15.807] [bmv2] [D] [thread 6557] [1.0] [cxt 0] Deparser 'deparser': end
[12:40:15.807] [bmv2] [D] [thread 6557] [2.0] [cxt 0] Pipeline 'egress': start
[12:40:15.807] [bmv2] [D] [thread 6557] [2.0] [cxt 0] Pipeline 'egress': end
[12:40:15.807] [bmv2] [D] [thread 6557] [2.0] [cxt 0] Deparser 'deparser': start
[12:40:15.807] [bmv2] [T] [thread 6557] [2.0] [cxt 0] Skipping checksum 'cksum' update because condition not met
[12:40:15.807] [bmv2] [D] [thread 6557] [2.0] [cxt 0] Deparsing header 'ethernet'
[12:40:15.807] [bmv2] [D] [thread 6557] [2.0] [cxt 0] Deparser 'deparser': end
[12:40:15.807] [bmv2] [D] [thread 6557] [3.0] [cxt 0] Pipeline 'egress': start
[12:40:15.807] [bmv2] [D] [thread 6557] [3.0] [cxt 0] Pipeline 'egress': end
[12:40:15.807] [bmv2] [D] [thread 6557] [3.0] [cxt 0] Deparser 'deparser': start
[12:40:15.807] [bmv2] [T] [thread 6557] [3.0] [cxt 0] Skipping checksum 'cksum' update because condition not met
[12:40:15.807] [bmv2] [D] [thread 6557] [3.0] [cxt 0] Deparsing header 'ethernet'
[12:40:15.807] [bmv2] [D] [thread 6557] [3.0] [cxt 0] Deparser 'deparser': end
[12:40:15.807] [bmv2] [D] [thread 6561] [0.0] [cxt 0] Transmitting packet of size 90 out of port 0
[12:40:15.807] [bmv2] [D] [thread 6561] [1.0] [cxt 0] Transmitting packet of size 90 out of port 0
[12:40:15.807] [bmv2] [D] [thread 6561] [2.0] [cxt 0] Transmitting packet of size 70 out of port 0
[12:40:15.807] [bmv2] [D] [thread 6561] [3.0] [cxt 0] Transmitting packet of size 90 out of port 0
[12:40:15.809] [bmv2] [T] [thread 6556] [5.0] [cxt 0] Action MyIngress.drop
[12:40:15.809] [bmv2] [T] [thread 6556] [5.0] [cxt 0] basico.p4(90) Primitive mark_to_drop(standard_metadata)
[12:40:15.809] [bmv2] [D] [thread 6556] [5.0] [cxt 0] Pipeline 'ingress': end
[12:40:15.809] [bmv2] [D] [thread 6556] [5.0] [cxt 0] Egress port is 511
[12:40:15.809] [bmv2] [D] [thread 6556] [5.0] [cxt 0] Dropping packet at the end of ingress
[12:40:15.810] [bmv2] [D] [thread 6542] Entry 0 added to table 'MyIngress.ipv4_lpm'
[12:40:15.810] [bmv2] [D] [thread 6542] Dumping entry 0
Match key:
* hdr.ipv4.dstAddr    : LPM       0a000100/24
Action entry: MyIngress.ipv4_forward - 10300,3,

[12:40:15.816] [bmv2] [D] [thread 6549] Entry 1 added to table 'MyIngress.ipv4_lpm'
[12:40:15.816] [bmv2] [D] [thread 6549] Dumping entry 1
Match key:
* hdr.ipv4.dstAddr    : LPM       0a000200/24
Action entry: MyIngress.ipv4_forward - 10300,3,

[12:40:15.819] [bmv2] [D] [thread 6542] Entry 2 added to table 'MyIngress.ipv4_lpm'
[12:40:15.820] [bmv2] [D] [thread 6542] Dumping entry 2
Match key:
* hdr.ipv4.dstAddr    : LPM       0a000303/32
Action entry: MyIngress.ipv4_forward - a000303,1,

[12:40:15.823] [bmv2] [D] [thread 6549] Entry 3 added to table 'MyIngress.ipv4_lpm'
[12:40:15.823] [bmv2] [D] [thread 6549] Dumping entry 3
Match key:
* hdr.ipv4.dstAddr    : LPM       0a000304/32
Action entry: MyIngress.ipv4_forward - a000304,2,

[12:41:04.440] [bmv2] [D] [thread 6556] [6.0] [cxt 0] Processing packet received on port 3
[12:41:04.440] [bmv2] [D] [thread 6556] [6.0] [cxt 0] Parser 'parser': start
[12:41:04.440] [bmv2] [D] [thread 6556] [6.0] [cxt 0] Parser 'parser' entering state 'start'
[12:41:04.440] [bmv2] [D] [thread 6556] [6.0] [cxt 0] Extracting header 'ethernet'
[12:41:04.440] [bmv2] [D] [thread 6556] [6.0] [cxt 0] Parser state 'start': key is 0800
[12:41:04.440] [bmv2] [T] [thread 6556] [6.0] [cxt 0] Bytes parsed: 14
[12:41:04.440] [bmv2] [D] [thread 6556] [6.0] [cxt 0] Parser 'parser' entering state 'parse_ipv4'
[12:41:04.440] [bmv2] [D] [thread 6556] [6.0] [cxt 0] Extracting header 'ipv4'
[12:41:04.440] [bmv2] [D] [thread 6556] [6.0] [cxt 0] Parser state 'parse_ipv4' has no switch, going to default next state
[12:41:04.440] [bmv2] [T] [thread 6556] [6.0] [cxt 0] Bytes parsed: 34
[12:41:04.440] [bmv2] [D] [thread 6556] [6.0] [cxt 0] Parser 'parser': end
[12:41:04.440] [bmv2] [D] [thread 6556] [6.0] [cxt 0] Pipeline 'ingress': start
[12:41:04.440] [bmv2] [T] [thread 6556] [6.0] [cxt 0] basico.p4(114) Condition "hdr.ipv4.isValid()" (node_2) is true
[12:41:04.440] [bmv2] [T] [thread 6556] [6.0] [cxt 0] Applying table 'MyIngress.ipv4_lpm'
[12:41:04.440] [bmv2] [D] [thread 6556] [6.0] [cxt 0] Looking up key:
* hdr.ipv4.dstAddr    : 0a000303

[12:41:04.440] [bmv2] [D] [thread 6556] [6.0] [cxt 0] Table 'MyIngress.ipv4_lpm': hit with handle 2
[12:41:04.440] [bmv2] [D] [thread 6556] [6.0] [cxt 0] Dumping entry 2
Match key:
* hdr.ipv4.dstAddr    : LPM       0a000303/32
Action entry: MyIngress.ipv4_forward - a000303,1,

[12:41:04.440] [bmv2] [D] [thread 6556] [6.0] [cxt 0] Action entry is MyIngress.ipv4_forward - a000303,1,
[12:41:04.440] [bmv2] [T] [thread 6556] [6.0] [cxt 0] Action MyIngress.ipv4_forward
[12:41:04.440] [bmv2] [T] [thread 6556] [6.0] [cxt 0] basico.p4(94) Primitive standard_metadata.egress_spec = port
[12:41:04.440] [bmv2] [T] [thread 6556] [6.0] [cxt 0] basico.p4(95) Primitive hdr.ethernet.srcAddr = hdr.ethernet.dstAddr
[12:41:04.440] [bmv2] [T] [thread 6556] [6.0] [cxt 0] basico.p4(96) Primitive hdr.ethernet.dstAddr = dstAddr
[12:41:04.440] [bmv2] [T] [thread 6556] [6.0] [cxt 0] basico.p4(97) Primitive hdr.ipv4.ttl = hdr.ipv4.ttl - 1
[12:41:04.440] [bmv2] [D] [thread 6556] [6.0] [cxt 0] Pipeline 'ingress': end
[12:41:04.440] [bmv2] [D] [thread 6556] [6.0] [cxt 0] Egress port is 1
[12:41:04.440] [bmv2] [D] [thread 6558] [6.0] [cxt 0] Pipeline 'egress': start
[12:41:04.440] [bmv2] [D] [thread 6558] [6.0] [cxt 0] Pipeline 'egress': end
[12:41:04.440] [bmv2] [D] [thread 6558] [6.0] [cxt 0] Deparser 'deparser': start
[12:41:04.440] [bmv2] [D] [thread 6558] [6.0] [cxt 0] Updating checksum 'cksum'
[12:41:04.440] [bmv2] [D] [thread 6558] [6.0] [cxt 0] Deparsing header 'ethernet'
[12:41:04.440] [bmv2] [D] [thread 6558] [6.0] [cxt 0] Deparsing header 'ipv4'
[12:41:04.440] [bmv2] [D] [thread 6558] [6.0] [cxt 0] Deparser 'deparser': end
[12:41:04.440] [bmv2] [D] [thread 6561] [6.0] [cxt 0] Transmitting packet of size 98 out of port 1
[12:41:04.440] [bmv2] [D] [thread 6556] [7.0] [cxt 0] Processing packet received on port 1
[12:41:04.440] [bmv2] [D] [thread 6556] [7.0] [cxt 0] Parser 'parser': start
[12:41:04.440] [bmv2] [D] [thread 6556] [7.0] [cxt 0] Parser 'parser' entering state 'start'
[12:41:04.440] [bmv2] [D] [thread 6556] [7.0] [cxt 0] Extracting header 'ethernet'
[12:41:04.440] [bmv2] [D] [thread 6556] [7.0] [cxt 0] Parser state 'start': key is 0800
[12:41:04.440] [bmv2] [T] [thread 6556] [7.0] [cxt 0] Bytes parsed: 14
[12:41:04.440] [bmv2] [D] [thread 6556] [7.0] [cxt 0] Parser 'parser' entering state 'parse_ipv4'
[12:41:04.440] [bmv2] [D] [thread 6556] [7.0] [cxt 0] Extracting header 'ipv4'
[12:41:04.440] [bmv2] [D] [thread 6556] [7.0] [cxt 0] Parser state 'parse_ipv4' has no switch, going to default next state
[12:41:04.440] [bmv2] [T] [thread 6556] [7.0] [cxt 0] Bytes parsed: 34
[12:41:04.440] [bmv2] [D] [thread 6556] [7.0] [cxt 0] Parser 'parser': end
[12:41:04.440] [bmv2] [D] [thread 6556] [7.0] [cxt 0] Pipeline 'ingress': start
[12:41:04.440] [bmv2] [T] [thread 6556] [7.0] [cxt 0] basico.p4(114) Condition "hdr.ipv4.isValid()" (node_2) is true
[12:41:04.440] [bmv2] [T] [thread 6556] [7.0] [cxt 0] Applying table 'MyIngress.ipv4_lpm'
[12:41:04.440] [bmv2] [D] [thread 6556] [7.0] [cxt 0] Looking up key:
* hdr.ipv4.dstAddr    : 0a000101

[12:41:04.440] [bmv2] [D] [thread 6556] [7.0] [cxt 0] Table 'MyIngress.ipv4_lpm': hit with handle 0
[12:41:04.440] [bmv2] [D] [thread 6556] [7.0] [cxt 0] Dumping entry 0
Match key:
* hdr.ipv4.dstAddr    : LPM       0a000100/24
Action entry: MyIngress.ipv4_forward - 10300,3,

[12:41:04.440] [bmv2] [D] [thread 6556] [7.0] [cxt 0] Action entry is MyIngress.ipv4_forward - 10300,3,
[12:41:04.440] [bmv2] [T] [thread 6556] [7.0] [cxt 0] Action MyIngress.ipv4_forward
[12:41:04.440] [bmv2] [T] [thread 6556] [7.0] [cxt 0] basico.p4(94) Primitive standard_metadata.egress_spec = port
[12:41:04.440] [bmv2] [T] [thread 6556] [7.0] [cxt 0] basico.p4(95) Primitive hdr.ethernet.srcAddr = hdr.ethernet.dstAddr
[12:41:04.440] [bmv2] [T] [thread 6556] [7.0] [cxt 0] basico.p4(96) Primitive hdr.ethernet.dstAddr = dstAddr
[12:41:04.440] [bmv2] [T] [thread 6556] [7.0] [cxt 0] basico.p4(97) Primitive hdr.ipv4.ttl = hdr.ipv4.ttl - 1
[12:41:04.440] [bmv2] [D] [thread 6556] [7.0] [cxt 0] Pipeline 'ingress': end
[12:41:04.440] [bmv2] [D] [thread 6556] [7.0] [cxt 0] Egress port is 3
[12:41:04.441] [bmv2] [D] [thread 6560] [7.0] [cxt 0] Pipeline 'egress': start
[12:41:04.441] [bmv2] [D] [thread 6560] [7.0] [cxt 0] Pipeline 'egress': end
[12:41:04.441] [bmv2] [D] [thread 6560] [7.0] [cxt 0] Deparser 'deparser': start
[12:41:04.441] [bmv2] [D] [thread 6560] [7.0] [cxt 0] Updating checksum 'cksum'
[12:41:04.441] [bmv2] [D] [thread 6560] [7.0] [cxt 0] Deparsing header 'ethernet'
[12:41:04.441] [bmv2] [D] [thread 6560] [7.0] [cxt 0] Deparsing header 'ipv4'
[12:41:04.441] [bmv2] [D] [thread 6560] [7.0] [cxt 0] Deparser 'deparser': end
[12:41:04.441] [bmv2] [D] [thread 6561] [7.0] [cxt 0] Transmitting packet of size 98 out of port 3
[12:41:04.444] [bmv2] [D] [thread 6556] [8.0] [cxt 0] Processing packet received on port 3
[12:41:04.444] [bmv2] [D] [thread 6556] [8.0] [cxt 0] Parser 'parser': start
[12:41:04.444] [bmv2] [D] [thread 6556] [8.0] [cxt 0] Parser 'parser' entering state 'start'
[12:41:04.444] [bmv2] [D] [thread 6556] [8.0] [cxt 0] Extracting header 'ethernet'
[12:41:04.444] [bmv2] [D] [thread 6556] [8.0] [cxt 0] Parser state 'start': key is 0800
[12:41:04.444] [bmv2] [T] [thread 6556] [8.0] [cxt 0] Bytes parsed: 14
[12:41:04.444] [bmv2] [D] [thread 6556] [8.0] [cxt 0] Parser 'parser' entering state 'parse_ipv4'
[12:41:04.444] [bmv2] [D] [thread 6556] [8.0] [cxt 0] Extracting header 'ipv4'
[12:41:04.444] [bmv2] [D] [thread 6556] [8.0] [cxt 0] Parser state 'parse_ipv4' has no switch, going to default next state
[12:41:04.444] [bmv2] [T] [thread 6556] [8.0] [cxt 0] Bytes parsed: 34
[12:41:04.444] [bmv2] [D] [thread 6556] [8.0] [cxt 0] Parser 'parser': end
[12:41:04.444] [bmv2] [D] [thread 6556] [8.0] [cxt 0] Pipeline 'ingress': start
[12:41:04.444] [bmv2] [T] [thread 6556] [8.0] [cxt 0] basico.p4(114) Condition "hdr.ipv4.isValid()" (node_2) is true
[12:41:04.444] [bmv2] [T] [thread 6556] [8.0] [cxt 0] Applying table 'MyIngress.ipv4_lpm'
[12:41:04.444] [bmv2] [D] [thread 6556] [8.0] [cxt 0] Looking up key:
* hdr.ipv4.dstAddr    : 0a000304

[12:41:04.444] [bmv2] [D] [thread 6556] [8.0] [cxt 0] Table 'MyIngress.ipv4_lpm': hit with handle 3
[12:41:04.444] [bmv2] [D] [thread 6556] [8.0] [cxt 0] Dumping entry 3
Match key:
* hdr.ipv4.dstAddr    : LPM       0a000304/32
Action entry: MyIngress.ipv4_forward - a000304,2,

[12:41:04.444] [bmv2] [D] [thread 6556] [8.0] [cxt 0] Action entry is MyIngress.ipv4_forward - a000304,2,
[12:41:04.444] [bmv2] [T] [thread 6556] [8.0] [cxt 0] Action MyIngress.ipv4_forward
[12:41:04.444] [bmv2] [T] [thread 6556] [8.0] [cxt 0] basico.p4(94) Primitive standard_metadata.egress_spec = port
[12:41:04.444] [bmv2] [T] [thread 6556] [8.0] [cxt 0] basico.p4(95) Primitive hdr.ethernet.srcAddr = hdr.ethernet.dstAddr
[12:41:04.444] [bmv2] [T] [thread 6556] [8.0] [cxt 0] basico.p4(96) Primitive hdr.ethernet.dstAddr = dstAddr
[12:41:04.444] [bmv2] [T] [thread 6556] [8.0] [cxt 0] basico.p4(97) Primitive hdr.ipv4.ttl = hdr.ipv4.ttl - 1
[12:41:04.444] [bmv2] [D] [thread 6556] [8.0] [cxt 0] Pipeline 'ingress': end
[12:41:04.444] [bmv2] [D] [thread 6556] [8.0] [cxt 0] Egress port is 2
[12:41:04.444] [bmv2] [D] [thread 6559] [8.0] [cxt 0] Pipeline 'egress': start
[12:41:04.444] [bmv2] [D] [thread 6559] [8.0] [cxt 0] Pipeline 'egress': end
[12:41:04.444] [bmv2] [D] [thread 6559] [8.0] [cxt 0] Deparser 'deparser': start
[12:41:04.444] [bmv2] [D] [thread 6559] [8.0] [cxt 0] Updating checksum 'cksum'
[12:41:04.444] [bmv2] [D] [thread 6559] [8.0] [cxt 0] Deparsing header 'ethernet'
[12:41:04.444] [bmv2] [D] [thread 6559] [8.0] [cxt 0] Deparsing header 'ipv4'
[12:41:04.444] [bmv2] [D] [thread 6559] [8.0] [cxt 0] Deparser 'deparser': end
[12:41:04.444] [bmv2] [D] [thread 6561] [8.0] [cxt 0] Transmitting packet of size 98 out of port 2
[12:41:04.444] [bmv2] [D] [thread 6556] [9.0] [cxt 0] Processing packet received on port 2
[12:41:04.444] [bmv2] [D] [thread 6556] [9.0] [cxt 0] Parser 'parser': start
[12:41:04.444] [bmv2] [D] [thread 6556] [9.0] [cxt 0] Parser 'parser' entering state 'start'
[12:41:04.444] [bmv2] [D] [thread 6556] [9.0] [cxt 0] Extracting header 'ethernet'
[12:41:04.444] [bmv2] [D] [thread 6556] [9.0] [cxt 0] Parser state 'start': key is 0800
[12:41:04.444] [bmv2] [T] [thread 6556] [9.0] [cxt 0] Bytes parsed: 14
[12:41:04.444] [bmv2] [D] [thread 6556] [9.0] [cxt 0] Parser 'parser' entering state 'parse_ipv4'
[12:41:04.444] [bmv2] [D] [thread 6556] [9.0] [cxt 0] Extracting header 'ipv4'
[12:41:04.445] [bmv2] [D] [thread 6556] [9.0] [cxt 0] Parser state 'parse_ipv4' has no switch, going to default next state
[12:41:04.445] [bmv2] [T] [thread 6556] [9.0] [cxt 0] Bytes parsed: 34
[12:41:04.445] [bmv2] [D] [thread 6556] [9.0] [cxt 0] Parser 'parser': end
[12:41:04.445] [bmv2] [D] [thread 6556] [9.0] [cxt 0] Pipeline 'ingress': start
[12:41:04.445] [bmv2] [T] [thread 6556] [9.0] [cxt 0] basico.p4(114) Condition "hdr.ipv4.isValid()" (node_2) is true
[12:41:04.445] [bmv2] [T] [thread 6556] [9.0] [cxt 0] Applying table 'MyIngress.ipv4_lpm'
[12:41:04.445] [bmv2] [D] [thread 6556] [9.0] [cxt 0] Looking up key:
* hdr.ipv4.dstAddr    : 0a000101

[12:41:04.445] [bmv2] [D] [thread 6556] [9.0] [cxt 0] Table 'MyIngress.ipv4_lpm': hit with handle 0
[12:41:04.445] [bmv2] [D] [thread 6556] [9.0] [cxt 0] Dumping entry 0
Match key:
* hdr.ipv4.dstAddr    : LPM       0a000100/24
Action entry: MyIngress.ipv4_forward - 10300,3,

[12:41:04.445] [bmv2] [D] [thread 6556] [9.0] [cxt 0] Action entry is MyIngress.ipv4_forward - 10300,3,
[12:41:04.445] [bmv2] [T] [thread 6556] [9.0] [cxt 0] Action MyIngress.ipv4_forward
[12:41:04.445] [bmv2] [T] [thread 6556] [9.0] [cxt 0] basico.p4(94) Primitive standard_metadata.egress_spec = port
[12:41:04.445] [bmv2] [T] [thread 6556] [9.0] [cxt 0] basico.p4(95) Primitive hdr.ethernet.srcAddr = hdr.ethernet.dstAddr
[12:41:04.445] [bmv2] [T] [thread 6556] [9.0] [cxt 0] basico.p4(96) Primitive hdr.ethernet.dstAddr = dstAddr
[12:41:04.445] [bmv2] [T] [thread 6556] [9.0] [cxt 0] basico.p4(97) Primitive hdr.ipv4.ttl = hdr.ipv4.ttl - 1
[12:41:04.445] [bmv2] [D] [thread 6556] [9.0] [cxt 0] Pipeline 'ingress': end
[12:41:04.445] [bmv2] [D] [thread 6556] [9.0] [cxt 0] Egress port is 3
[12:41:04.445] [bmv2] [D] [thread 6560] [9.0] [cxt 0] Pipeline 'egress': start
[12:41:04.445] [bmv2] [D] [thread 6560] [9.0] [cxt 0] Pipeline 'egress': end
[12:41:04.445] [bmv2] [D] [thread 6560] [9.0] [cxt 0] Deparser 'deparser': start
[12:41:04.445] [bmv2] [D] [thread 6560] [9.0] [cxt 0] Updating checksum 'cksum'
[12:41:04.445] [bmv2] [D] [thread 6560] [9.0] [cxt 0] Deparsing header 'ethernet'
[12:41:04.445] [bmv2] [D] [thread 6560] [9.0] [cxt 0] Deparsing header 'ipv4'
[12:41:04.445] [bmv2] [D] [thread 6560] [9.0] [cxt 0] Deparser 'deparser': end
[12:41:04.445] [bmv2] [D] [thread 6561] [9.0] [cxt 0] Transmitting packet of size 98 out of port 3
[12:41:04.459] [bmv2] [D] [thread 6556] [10.0] [cxt 0] Processing packet received on port 3
[12:41:04.459] [bmv2] [D] [thread 6556] [10.0] [cxt 0] Parser 'parser': start
[12:41:04.459] [bmv2] [D] [thread 6556] [10.0] [cxt 0] Parser 'parser' entering state 'start'
[12:41:04.459] [bmv2] [D] [thread 6556] [10.0] [cxt 0] Extracting header 'ethernet'
[12:41:04.459] [bmv2] [D] [thread 6556] [10.0] [cxt 0] Parser state 'start': key is 0800
[12:41:04.459] [bmv2] [T] [thread 6556] [10.0] [cxt 0] Bytes parsed: 14
[12:41:04.459] [bmv2] [D] [thread 6556] [10.0] [cxt 0] Parser 'parser' entering state 'parse_ipv4'
[12:41:04.459] [bmv2] [D] [thread 6556] [10.0] [cxt 0] Extracting header 'ipv4'
[12:41:04.459] [bmv2] [D] [thread 6556] [10.0] [cxt 0] Parser state 'parse_ipv4' has no switch, going to default next state
[12:41:04.460] [bmv2] [T] [thread 6556] [10.0] [cxt 0] Bytes parsed: 34
[12:41:04.460] [bmv2] [D] [thread 6556] [10.0] [cxt 0] Parser 'parser': end
[12:41:04.460] [bmv2] [D] [thread 6556] [10.0] [cxt 0] Pipeline 'ingress': start
[12:41:04.460] [bmv2] [T] [thread 6556] [10.0] [cxt 0] basico.p4(114) Condition "hdr.ipv4.isValid()" (node_2) is true
[12:41:04.460] [bmv2] [T] [thread 6556] [10.0] [cxt 0] Applying table 'MyIngress.ipv4_lpm'
[12:41:04.460] [bmv2] [D] [thread 6556] [10.0] [cxt 0] Looking up key:
* hdr.ipv4.dstAddr    : 0a000303

[12:41:04.460] [bmv2] [D] [thread 6556] [10.0] [cxt 0] Table 'MyIngress.ipv4_lpm': hit with handle 2
[12:41:04.460] [bmv2] [D] [thread 6556] [10.0] [cxt 0] Dumping entry 2
Match key:
* hdr.ipv4.dstAddr    : LPM       0a000303/32
Action entry: MyIngress.ipv4_forward - a000303,1,

[12:41:04.460] [bmv2] [D] [thread 6556] [10.0] [cxt 0] Action entry is MyIngress.ipv4_forward - a000303,1,
[12:41:04.460] [bmv2] [T] [thread 6556] [10.0] [cxt 0] Action MyIngress.ipv4_forward
[12:41:04.460] [bmv2] [T] [thread 6556] [10.0] [cxt 0] basico.p4(94) Primitive standard_metadata.egress_spec = port
[12:41:04.460] [bmv2] [T] [thread 6556] [10.0] [cxt 0] basico.p4(95) Primitive hdr.ethernet.srcAddr = hdr.ethernet.dstAddr
[12:41:04.460] [bmv2] [T] [thread 6556] [10.0] [cxt 0] basico.p4(96) Primitive hdr.ethernet.dstAddr = dstAddr
[12:41:04.460] [bmv2] [T] [thread 6556] [10.0] [cxt 0] basico.p4(97) Primitive hdr.ipv4.ttl = hdr.ipv4.ttl - 1
[12:41:04.460] [bmv2] [D] [thread 6556] [10.0] [cxt 0] Pipeline 'ingress': end
[12:41:04.460] [bmv2] [D] [thread 6556] [10.0] [cxt 0] Egress port is 1
[12:41:04.460] [bmv2] [D] [thread 6558] [10.0] [cxt 0] Pipeline 'egress': start
[12:41:04.460] [bmv2] [D] [thread 6558] [10.0] [cxt 0] Pipeline 'egress': end
[12:41:04.460] [bmv2] [D] [thread 6558] [10.0] [cxt 0] Deparser 'deparser': start
[12:41:04.460] [bmv2] [D] [thread 6558] [10.0] [cxt 0] Updating checksum 'cksum'
[12:41:04.460] [bmv2] [D] [thread 6558] [10.0] [cxt 0] Deparsing header 'ethernet'
[12:41:04.460] [bmv2] [D] [thread 6558] [10.0] [cxt 0] Deparsing header 'ipv4'
[12:41:04.460] [bmv2] [D] [thread 6558] [10.0] [cxt 0] Deparser 'deparser': end
[12:41:04.460] [bmv2] [D] [thread 6561] [10.0] [cxt 0] Transmitting packet of size 98 out of port 1
[12:41:04.461] [bmv2] [D] [thread 6556] [11.0] [cxt 0] Processing packet received on port 1
[12:41:04.461] [bmv2] [D] [thread 6556] [11.0] [cxt 0] Parser 'parser': start
[12:41:04.461] [bmv2] [D] [thread 6556] [11.0] [cxt 0] Parser 'parser' entering state 'start'
[12:41:04.461] [bmv2] [D] [thread 6556] [11.0] [cxt 0] Extracting header 'ethernet'
[12:41:04.461] [bmv2] [D] [thread 6556] [11.0] [cxt 0] Parser state 'start': key is 0800
[12:41:04.461] [bmv2] [T] [thread 6556] [11.0] [cxt 0] Bytes parsed: 14
[12:41:04.461] [bmv2] [D] [thread 6556] [11.0] [cxt 0] Parser 'parser' entering state 'parse_ipv4'
[12:41:04.461] [bmv2] [D] [thread 6556] [11.0] [cxt 0] Extracting header 'ipv4'
[12:41:04.461] [bmv2] [D] [thread 6556] [11.0] [cxt 0] Parser state 'parse_ipv4' has no switch, going to default next state
[12:41:04.461] [bmv2] [T] [thread 6556] [11.0] [cxt 0] Bytes parsed: 34
[12:41:04.461] [bmv2] [D] [thread 6556] [11.0] [cxt 0] Parser 'parser': end
[12:41:04.461] [bmv2] [D] [thread 6556] [11.0] [cxt 0] Pipeline 'ingress': start
[12:41:04.461] [bmv2] [T] [thread 6556] [11.0] [cxt 0] basico.p4(114) Condition "hdr.ipv4.isValid()" (node_2) is true
[12:41:04.461] [bmv2] [T] [thread 6556] [11.0] [cxt 0] Applying table 'MyIngress.ipv4_lpm'
[12:41:04.461] [bmv2] [D] [thread 6556] [11.0] [cxt 0] Looking up key:
* hdr.ipv4.dstAddr    : 0a000202

[12:41:04.461] [bmv2] [D] [thread 6556] [11.0] [cxt 0] Table 'MyIngress.ipv4_lpm': hit with handle 1
[12:41:04.461] [bmv2] [D] [thread 6556] [11.0] [cxt 0] Dumping entry 1
Match key:
* hdr.ipv4.dstAddr    : LPM       0a000200/24
Action entry: MyIngress.ipv4_forward - 10300,3,

[12:41:04.461] [bmv2] [D] [thread 6556] [11.0] [cxt 0] Action entry is MyIngress.ipv4_forward - 10300,3,
[12:41:04.461] [bmv2] [T] [thread 6556] [11.0] [cxt 0] Action MyIngress.ipv4_forward
[12:41:04.461] [bmv2] [T] [thread 6556] [11.0] [cxt 0] basico.p4(94) Primitive standard_metadata.egress_spec = port
[12:41:04.461] [bmv2] [T] [thread 6556] [11.0] [cxt 0] basico.p4(95) Primitive hdr.ethernet.srcAddr = hdr.ethernet.dstAddr
[12:41:04.461] [bmv2] [T] [thread 6556] [11.0] [cxt 0] basico.p4(96) Primitive hdr.ethernet.dstAddr = dstAddr
[12:41:04.461] [bmv2] [T] [thread 6556] [11.0] [cxt 0] basico.p4(97) Primitive hdr.ipv4.ttl = hdr.ipv4.ttl - 1
[12:41:04.461] [bmv2] [D] [thread 6556] [11.0] [cxt 0] Pipeline 'ingress': end
[12:41:04.461] [bmv2] [D] [thread 6556] [11.0] [cxt 0] Egress port is 3
[12:41:04.461] [bmv2] [D] [thread 6560] [11.0] [cxt 0] Pipeline 'egress': start
[12:41:04.461] [bmv2] [D] [thread 6560] [11.0] [cxt 0] Pipeline 'egress': end
[12:41:04.461] [bmv2] [D] [thread 6560] [11.0] [cxt 0] Deparser 'deparser': start
[12:41:04.461] [bmv2] [D] [thread 6560] [11.0] [cxt 0] Updating checksum 'cksum'
[12:41:04.461] [bmv2] [D] [thread 6560] [11.0] [cxt 0] Deparsing header 'ethernet'
[12:41:04.461] [bmv2] [D] [thread 6560] [11.0] [cxt 0] Deparsing header 'ipv4'
[12:41:04.461] [bmv2] [D] [thread 6560] [11.0] [cxt 0] Deparser 'deparser': end
[12:41:04.461] [bmv2] [D] [thread 6561] [11.0] [cxt 0] Transmitting packet of size 98 out of port 3
[12:41:04.467] [bmv2] [D] [thread 6556] [12.0] [cxt 0] Processing packet received on port 3
[12:41:04.467] [bmv2] [D] [thread 6556] [12.0] [cxt 0] Parser 'parser': start
[12:41:04.467] [bmv2] [D] [thread 6556] [12.0] [cxt 0] Parser 'parser' entering state 'start'
[12:41:04.467] [bmv2] [D] [thread 6556] [12.0] [cxt 0] Extracting header 'ethernet'
[12:41:04.467] [bmv2] [D] [thread 6556] [12.0] [cxt 0] Parser state 'start': key is 0800
[12:41:04.467] [bmv2] [T] [thread 6556] [12.0] [cxt 0] Bytes parsed: 14
[12:41:04.467] [bmv2] [D] [thread 6556] [12.0] [cxt 0] Parser 'parser' entering state 'parse_ipv4'
[12:41:04.467] [bmv2] [D] [thread 6556] [12.0] [cxt 0] Extracting header 'ipv4'
[12:41:04.467] [bmv2] [D] [thread 6556] [12.0] [cxt 0] Parser state 'parse_ipv4' has no switch, going to default next state
[12:41:04.467] [bmv2] [T] [thread 6556] [12.0] [cxt 0] Bytes parsed: 34
[12:41:04.467] [bmv2] [D] [thread 6556] [12.0] [cxt 0] Parser 'parser': end
[12:41:04.467] [bmv2] [D] [thread 6556] [12.0] [cxt 0] Pipeline 'ingress': start
[12:41:04.467] [bmv2] [T] [thread 6556] [12.0] [cxt 0] basico.p4(114) Condition "hdr.ipv4.isValid()" (node_2) is true
[12:41:04.467] [bmv2] [T] [thread 6556] [12.0] [cxt 0] Applying table 'MyIngress.ipv4_lpm'
[12:41:04.467] [bmv2] [D] [thread 6556] [12.0] [cxt 0] Looking up key:
* hdr.ipv4.dstAddr    : 0a000304

[12:41:04.467] [bmv2] [D] [thread 6556] [12.0] [cxt 0] Table 'MyIngress.ipv4_lpm': hit with handle 3
[12:41:04.467] [bmv2] [D] [thread 6556] [12.0] [cxt 0] Dumping entry 3
Match key:
* hdr.ipv4.dstAddr    : LPM       0a000304/32
Action entry: MyIngress.ipv4_forward - a000304,2,

[12:41:04.467] [bmv2] [D] [thread 6556] [12.0] [cxt 0] Action entry is MyIngress.ipv4_forward - a000304,2,
[12:41:04.467] [bmv2] [T] [thread 6556] [12.0] [cxt 0] Action MyIngress.ipv4_forward
[12:41:04.467] [bmv2] [T] [thread 6556] [12.0] [cxt 0] basico.p4(94) Primitive standard_metadata.egress_spec = port
[12:41:04.469] [bmv2] [T] [thread 6556] [12.0] [cxt 0] basico.p4(95) Primitive hdr.ethernet.srcAddr = hdr.ethernet.dstAddr
[12:41:04.469] [bmv2] [T] [thread 6556] [12.0] [cxt 0] basico.p4(96) Primitive hdr.ethernet.dstAddr = dstAddr
[12:41:04.469] [bmv2] [T] [thread 6556] [12.0] [cxt 0] basico.p4(97) Primitive hdr.ipv4.ttl = hdr.ipv4.ttl - 1
[12:41:04.469] [bmv2] [D] [thread 6556] [12.0] [cxt 0] Pipeline 'ingress': end
[12:41:04.469] [bmv2] [D] [thread 6556] [12.0] [cxt 0] Egress port is 2
[12:41:04.469] [bmv2] [D] [thread 6559] [12.0] [cxt 0] Pipeline 'egress': start
[12:41:04.469] [bmv2] [D] [thread 6559] [12.0] [cxt 0] Pipeline 'egress': end
[12:41:04.469] [bmv2] [D] [thread 6559] [12.0] [cxt 0] Deparser 'deparser': start
[12:41:04.469] [bmv2] [D] [thread 6559] [12.0] [cxt 0] Updating checksum 'cksum'
[12:41:04.469] [bmv2] [D] [thread 6559] [12.0] [cxt 0] Deparsing header 'ethernet'
[12:41:04.469] [bmv2] [D] [thread 6559] [12.0] [cxt 0] Deparsing header 'ipv4'
[12:41:04.469] [bmv2] [D] [thread 6559] [12.0] [cxt 0] Deparser 'deparser': end
[12:41:04.469] [bmv2] [D] [thread 6561] [12.0] [cxt 0] Transmitting packet of size 98 out of port 2
[12:41:04.470] [bmv2] [D] [thread 6556] [13.0] [cxt 0] Processing packet received on port 2
[12:41:04.470] [bmv2] [D] [thread 6556] [13.0] [cxt 0] Parser 'parser': start
[12:41:04.470] [bmv2] [D] [thread 6556] [13.0] [cxt 0] Parser 'parser' entering state 'start'
[12:41:04.470] [bmv2] [D] [thread 6556] [13.0] [cxt 0] Extracting header 'ethernet'
[12:41:04.470] [bmv2] [D] [thread 6556] [13.0] [cxt 0] Parser state 'start': key is 0800
[12:41:04.470] [bmv2] [T] [thread 6556] [13.0] [cxt 0] Bytes parsed: 14
[12:41:04.470] [bmv2] [D] [thread 6556] [13.0] [cxt 0] Parser 'parser' entering state 'parse_ipv4'
[12:41:04.470] [bmv2] [D] [thread 6556] [13.0] [cxt 0] Extracting header 'ipv4'
[12:41:04.470] [bmv2] [D] [thread 6556] [13.0] [cxt 0] Parser state 'parse_ipv4' has no switch, going to default next state
[12:41:04.470] [bmv2] [T] [thread 6556] [13.0] [cxt 0] Bytes parsed: 34
[12:41:04.470] [bmv2] [D] [thread 6556] [13.0] [cxt 0] Parser 'parser': end
[12:41:04.470] [bmv2] [D] [thread 6556] [13.0] [cxt 0] Pipeline 'ingress': start
[12:41:04.470] [bmv2] [T] [thread 6556] [13.0] [cxt 0] basico.p4(114) Condition "hdr.ipv4.isValid()" (node_2) is true
[12:41:04.470] [bmv2] [T] [thread 6556] [13.0] [cxt 0] Applying table 'MyIngress.ipv4_lpm'
[12:41:04.470] [bmv2] [D] [thread 6556] [13.0] [cxt 0] Looking up key:
* hdr.ipv4.dstAddr    : 0a000202

[12:41:04.470] [bmv2] [D] [thread 6556] [13.0] [cxt 0] Table 'MyIngress.ipv4_lpm': hit with handle 1
[12:41:04.470] [bmv2] [D] [thread 6556] [13.0] [cxt 0] Dumping entry 1
Match key:
* hdr.ipv4.dstAddr    : LPM       0a000200/24
Action entry: MyIngress.ipv4_forward - 10300,3,

[12:41:04.470] [bmv2] [D] [thread 6556] [13.0] [cxt 0] Action entry is MyIngress.ipv4_forward - 10300,3,
[12:41:04.470] [bmv2] [T] [thread 6556] [13.0] [cxt 0] Action MyIngress.ipv4_forward
[12:41:04.470] [bmv2] [T] [thread 6556] [13.0] [cxt 0] basico.p4(94) Primitive standard_metadata.egress_spec = port
[12:41:04.470] [bmv2] [T] [thread 6556] [13.0] [cxt 0] basico.p4(95) Primitive hdr.ethernet.srcAddr = hdr.ethernet.dstAddr
[12:41:04.470] [bmv2] [T] [thread 6556] [13.0] [cxt 0] basico.p4(96) Primitive hdr.ethernet.dstAddr = dstAddr
[12:41:04.470] [bmv2] [T] [thread 6556] [13.0] [cxt 0] basico.p4(97) Primitive hdr.ipv4.ttl = hdr.ipv4.ttl - 1
[12:41:04.470] [bmv2] [D] [thread 6556] [13.0] [cxt 0] Pipeline 'ingress': end
[12:41:04.470] [bmv2] [D] [thread 6556] [13.0] [cxt 0] Egress port is 3
[12:41:04.470] [bmv2] [D] [thread 6560] [13.0] [cxt 0] Pipeline 'egress': start
[12:41:04.470] [bmv2] [D] [thread 6560] [13.0] [cxt 0] Pipeline 'egress': end
[12:41:04.470] [bmv2] [D] [thread 6560] [13.0] [cxt 0] Deparser 'deparser': start
[12:41:04.470] [bmv2] [D] [thread 6560] [13.0] [cxt 0] Updating checksum 'cksum'
[12:41:04.470] [bmv2] [D] [thread 6560] [13.0] [cxt 0] Deparsing header 'ethernet'
[12:41:04.470] [bmv2] [D] [thread 6560] [13.0] [cxt 0] Deparsing header 'ipv4'
[12:41:04.470] [bmv2] [D] [thread 6560] [13.0] [cxt 0] Deparser 'deparser': end
[12:41:04.470] [bmv2] [D] [thread 6561] [13.0] [cxt 0] Transmitting packet of size 98 out of port 3
[12:41:04.479] [bmv2] [D] [thread 6556] [14.0] [cxt 0] Processing packet received on port 1
[12:41:04.479] [bmv2] [D] [thread 6556] [14.0] [cxt 0] Parser 'parser': start
[12:41:04.479] [bmv2] [D] [thread 6556] [14.0] [cxt 0] Parser 'parser' entering state 'start'
[12:41:04.479] [bmv2] [D] [thread 6556] [14.0] [cxt 0] Extracting header 'ethernet'
[12:41:04.479] [bmv2] [D] [thread 6556] [14.0] [cxt 0] Parser state 'start': key is 0800
[12:41:04.479] [bmv2] [T] [thread 6556] [14.0] [cxt 0] Bytes parsed: 14
[12:41:04.479] [bmv2] [D] [thread 6556] [14.0] [cxt 0] Parser 'parser' entering state 'parse_ipv4'
[12:41:04.479] [bmv2] [D] [thread 6556] [14.0] [cxt 0] Extracting header 'ipv4'
[12:41:04.479] [bmv2] [D] [thread 6556] [14.0] [cxt 0] Parser state 'parse_ipv4' has no switch, going to default next state
[12:41:04.479] [bmv2] [T] [thread 6556] [14.0] [cxt 0] Bytes parsed: 34
[12:41:04.479] [bmv2] [D] [thread 6556] [14.0] [cxt 0] Parser 'parser': end
[12:41:04.479] [bmv2] [D] [thread 6556] [14.0] [cxt 0] Pipeline 'ingress': start
[12:41:04.479] [bmv2] [T] [thread 6556] [14.0] [cxt 0] basico.p4(114) Condition "hdr.ipv4.isValid()" (node_2) is true
[12:41:04.479] [bmv2] [T] [thread 6556] [14.0] [cxt 0] Applying table 'MyIngress.ipv4_lpm'
[12:41:04.479] [bmv2] [D] [thread 6556] [14.0] [cxt 0] Looking up key:
* hdr.ipv4.dstAddr    : 0a000101

[12:41:04.479] [bmv2] [D] [thread 6556] [14.0] [cxt 0] Table 'MyIngress.ipv4_lpm': hit with handle 0
[12:41:04.479] [bmv2] [D] [thread 6556] [14.0] [cxt 0] Dumping entry 0
Match key:
* hdr.ipv4.dstAddr    : LPM       0a000100/24
Action entry: MyIngress.ipv4_forward - 10300,3,

[12:41:04.479] [bmv2] [D] [thread 6556] [14.0] [cxt 0] Action entry is MyIngress.ipv4_forward - 10300,3,
[12:41:04.479] [bmv2] [T] [thread 6556] [14.0] [cxt 0] Action MyIngress.ipv4_forward
[12:41:04.479] [bmv2] [T] [thread 6556] [14.0] [cxt 0] basico.p4(94) Primitive standard_metadata.egress_spec = port
[12:41:04.479] [bmv2] [T] [thread 6556] [14.0] [cxt 0] basico.p4(95) Primitive hdr.ethernet.srcAddr = hdr.ethernet.dstAddr
[12:41:04.479] [bmv2] [T] [thread 6556] [14.0] [cxt 0] basico.p4(96) Primitive hdr.ethernet.dstAddr = dstAddr
[12:41:04.479] [bmv2] [T] [thread 6556] [14.0] [cxt 0] basico.p4(97) Primitive hdr.ipv4.ttl = hdr.ipv4.ttl - 1
[12:41:04.479] [bmv2] [D] [thread 6556] [14.0] [cxt 0] Pipeline 'ingress': end
[12:41:04.479] [bmv2] [D] [thread 6556] [14.0] [cxt 0] Egress port is 3
[12:41:04.479] [bmv2] [D] [thread 6560] [14.0] [cxt 0] Pipeline 'egress': start
[12:41:04.479] [bmv2] [D] [thread 6560] [14.0] [cxt 0] Pipeline 'egress': end
[12:41:04.479] [bmv2] [D] [thread 6560] [14.0] [cxt 0] Deparser 'deparser': start
[12:41:04.479] [bmv2] [D] [thread 6560] [14.0] [cxt 0] Updating checksum 'cksum'
[12:41:04.479] [bmv2] [D] [thread 6560] [14.0] [cxt 0] Deparsing header 'ethernet'
[12:41:04.479] [bmv2] [D] [thread 6560] [14.0] [cxt 0] Deparsing header 'ipv4'
[12:41:04.479] [bmv2] [D] [thread 6560] [14.0] [cxt 0] Deparser 'deparser': end
[12:41:04.479] [bmv2] [D] [thread 6561] [14.0] [cxt 0] Transmitting packet of size 98 out of port 3
[12:41:04.480] [bmv2] [D] [thread 6556] [15.0] [cxt 0] Processing packet received on port 3
[12:41:04.480] [bmv2] [D] [thread 6556] [15.0] [cxt 0] Parser 'parser': start
[12:41:04.480] [bmv2] [D] [thread 6556] [15.0] [cxt 0] Parser 'parser' entering state 'start'
[12:41:04.480] [bmv2] [D] [thread 6556] [15.0] [cxt 0] Extracting header 'ethernet'
[12:41:04.480] [bmv2] [D] [thread 6556] [15.0] [cxt 0] Parser state 'start': key is 0800
[12:41:04.480] [bmv2] [T] [thread 6556] [15.0] [cxt 0] Bytes parsed: 14
[12:41:04.480] [bmv2] [D] [thread 6556] [15.0] [cxt 0] Parser 'parser' entering state 'parse_ipv4'
[12:41:04.480] [bmv2] [D] [thread 6556] [15.0] [cxt 0] Extracting header 'ipv4'
[12:41:04.480] [bmv2] [D] [thread 6556] [15.0] [cxt 0] Parser state 'parse_ipv4' has no switch, going to default next state
[12:41:04.480] [bmv2] [T] [thread 6556] [15.0] [cxt 0] Bytes parsed: 34
[12:41:04.480] [bmv2] [D] [thread 6556] [15.0] [cxt 0] Parser 'parser': end
[12:41:04.480] [bmv2] [D] [thread 6556] [15.0] [cxt 0] Pipeline 'ingress': start
[12:41:04.480] [bmv2] [T] [thread 6556] [15.0] [cxt 0] basico.p4(114) Condition "hdr.ipv4.isValid()" (node_2) is true
[12:41:04.480] [bmv2] [T] [thread 6556] [15.0] [cxt 0] Applying table 'MyIngress.ipv4_lpm'
[12:41:04.480] [bmv2] [D] [thread 6556] [15.0] [cxt 0] Looking up key:
* hdr.ipv4.dstAddr    : 0a000303

[12:41:04.480] [bmv2] [D] [thread 6556] [15.0] [cxt 0] Table 'MyIngress.ipv4_lpm': hit with handle 2
[12:41:04.480] [bmv2] [D] [thread 6556] [15.0] [cxt 0] Dumping entry 2
Match key:
* hdr.ipv4.dstAddr    : LPM       0a000303/32
Action entry: MyIngress.ipv4_forward - a000303,1,

[12:41:04.480] [bmv2] [D] [thread 6556] [15.0] [cxt 0] Action entry is MyIngress.ipv4_forward - a000303,1,
[12:41:04.480] [bmv2] [T] [thread 6556] [15.0] [cxt 0] Action MyIngress.ipv4_forward
[12:41:04.480] [bmv2] [T] [thread 6556] [15.0] [cxt 0] basico.p4(94) Primitive standard_metadata.egress_spec = port
[12:41:04.480] [bmv2] [T] [thread 6556] [15.0] [cxt 0] basico.p4(95) Primitive hdr.ethernet.srcAddr = hdr.ethernet.dstAddr
[12:41:04.480] [bmv2] [T] [thread 6556] [15.0] [cxt 0] basico.p4(96) Primitive hdr.ethernet.dstAddr = dstAddr
[12:41:04.480] [bmv2] [T] [thread 6556] [15.0] [cxt 0] basico.p4(97) Primitive hdr.ipv4.ttl = hdr.ipv4.ttl - 1
[12:41:04.480] [bmv2] [D] [thread 6556] [15.0] [cxt 0] Pipeline 'ingress': end
[12:41:04.480] [bmv2] [D] [thread 6556] [15.0] [cxt 0] Egress port is 1
[12:41:04.480] [bmv2] [D] [thread 6558] [15.0] [cxt 0] Pipeline 'egress': start
[12:41:04.480] [bmv2] [D] [thread 6558] [15.0] [cxt 0] Pipeline 'egress': end
[12:41:04.480] [bmv2] [D] [thread 6558] [15.0] [cxt 0] Deparser 'deparser': start
[12:41:04.480] [bmv2] [D] [thread 6558] [15.0] [cxt 0] Updating checksum 'cksum'
[12:41:04.480] [bmv2] [D] [thread 6558] [15.0] [cxt 0] Deparsing header 'ethernet'
[12:41:04.480] [bmv2] [D] [thread 6558] [15.0] [cxt 0] Deparsing header 'ipv4'
[12:41:04.480] [bmv2] [D] [thread 6558] [15.0] [cxt 0] Deparser 'deparser': end
[12:41:04.480] [bmv2] [D] [thread 6561] [15.0] [cxt 0] Transmitting packet of size 98 out of port 1
[12:41:04.485] [bmv2] [D] [thread 6556] [16.0] [cxt 0] Processing packet received on port 1
[12:41:04.485] [bmv2] [D] [thread 6556] [16.0] [cxt 0] Parser 'parser': start
[12:41:04.485] [bmv2] [D] [thread 6556] [16.0] [cxt 0] Parser 'parser' entering state 'start'
[12:41:04.485] [bmv2] [D] [thread 6556] [16.0] [cxt 0] Extracting header 'ethernet'
[12:41:04.485] [bmv2] [D] [thread 6556] [16.0] [cxt 0] Parser state 'start': key is 0800
[12:41:04.485] [bmv2] [T] [thread 6556] [16.0] [cxt 0] Bytes parsed: 14
[12:41:04.485] [bmv2] [D] [thread 6556] [16.0] [cxt 0] Parser 'parser' entering state 'parse_ipv4'
[12:41:04.485] [bmv2] [D] [thread 6556] [16.0] [cxt 0] Extracting header 'ipv4'
[12:41:04.485] [bmv2] [D] [thread 6556] [16.0] [cxt 0] Parser state 'parse_ipv4' has no switch, going to default next state
[12:41:04.485] [bmv2] [T] [thread 6556] [16.0] [cxt 0] Bytes parsed: 34
[12:41:04.485] [bmv2] [D] [thread 6556] [16.0] [cxt 0] Parser 'parser': end
[12:41:04.485] [bmv2] [D] [thread 6556] [16.0] [cxt 0] Pipeline 'ingress': start
[12:41:04.485] [bmv2] [T] [thread 6556] [16.0] [cxt 0] basico.p4(114) Condition "hdr.ipv4.isValid()" (node_2) is true
[12:41:04.485] [bmv2] [T] [thread 6556] [16.0] [cxt 0] Applying table 'MyIngress.ipv4_lpm'
[12:41:04.485] [bmv2] [D] [thread 6556] [16.0] [cxt 0] Looking up key:
* hdr.ipv4.dstAddr    : 0a000202

[12:41:04.485] [bmv2] [D] [thread 6556] [16.0] [cxt 0] Table 'MyIngress.ipv4_lpm': hit with handle 1
[12:41:04.485] [bmv2] [D] [thread 6556] [16.0] [cxt 0] Dumping entry 1
Match key:
* hdr.ipv4.dstAddr    : LPM       0a000200/24
Action entry: MyIngress.ipv4_forward - 10300,3,

[12:41:04.485] [bmv2] [D] [thread 6556] [16.0] [cxt 0] Action entry is MyIngress.ipv4_forward - 10300,3,
[12:41:04.485] [bmv2] [T] [thread 6556] [16.0] [cxt 0] Action MyIngress.ipv4_forward
[12:41:04.485] [bmv2] [T] [thread 6556] [16.0] [cxt 0] basico.p4(94) Primitive standard_metadata.egress_spec = port
[12:41:04.485] [bmv2] [T] [thread 6556] [16.0] [cxt 0] basico.p4(95) Primitive hdr.ethernet.srcAddr = hdr.ethernet.dstAddr
[12:41:04.485] [bmv2] [T] [thread 6556] [16.0] [cxt 0] basico.p4(96) Primitive hdr.ethernet.dstAddr = dstAddr
[12:41:04.485] [bmv2] [T] [thread 6556] [16.0] [cxt 0] basico.p4(97) Primitive hdr.ipv4.ttl = hdr.ipv4.ttl - 1
[12:41:04.485] [bmv2] [D] [thread 6556] [16.0] [cxt 0] Pipeline 'ingress': end
[12:41:04.485] [bmv2] [D] [thread 6556] [16.0] [cxt 0] Egress port is 3
[12:41:04.485] [bmv2] [D] [thread 6560] [16.0] [cxt 0] Pipeline 'egress': start
[12:41:04.485] [bmv2] [D] [thread 6560] [16.0] [cxt 0] Pipeline 'egress': end
[12:41:04.485] [bmv2] [D] [thread 6560] [16.0] [cxt 0] Deparser 'deparser': start
[12:41:04.485] [bmv2] [D] [thread 6560] [16.0] [cxt 0] Updating checksum 'cksum'
[12:41:04.485] [bmv2] [D] [thread 6560] [16.0] [cxt 0] Deparsing header 'ethernet'
[12:41:04.485] [bmv2] [D] [thread 6560] [16.0] [cxt 0] Deparsing header 'ipv4'
[12:41:04.485] [bmv2] [D] [thread 6560] [16.0] [cxt 0] Deparser 'deparser': end
[12:41:04.485] [bmv2] [D] [thread 6561] [16.0] [cxt 0] Transmitting packet of size 98 out of port 3
[12:41:04.490] [bmv2] [D] [thread 6556] [17.0] [cxt 0] Processing packet received on port 3
[12:41:04.490] [bmv2] [D] [thread 6556] [17.0] [cxt 0] Parser 'parser': start
[12:41:04.490] [bmv2] [D] [thread 6556] [17.0] [cxt 0] Parser 'parser' entering state 'start'
[12:41:04.490] [bmv2] [D] [thread 6556] [17.0] [cxt 0] Extracting header 'ethernet'
[12:41:04.490] [bmv2] [D] [thread 6556] [17.0] [cxt 0] Parser state 'start': key is 0800
[12:41:04.490] [bmv2] [T] [thread 6556] [17.0] [cxt 0] Bytes parsed: 14
[12:41:04.490] [bmv2] [D] [thread 6556] [17.0] [cxt 0] Parser 'parser' entering state 'parse_ipv4'
[12:41:04.490] [bmv2] [D] [thread 6556] [17.0] [cxt 0] Extracting header 'ipv4'
[12:41:04.490] [bmv2] [D] [thread 6556] [17.0] [cxt 0] Parser state 'parse_ipv4' has no switch, going to default next state
[12:41:04.490] [bmv2] [T] [thread 6556] [17.0] [cxt 0] Bytes parsed: 34
[12:41:04.490] [bmv2] [D] [thread 6556] [17.0] [cxt 0] Parser 'parser': end
[12:41:04.490] [bmv2] [D] [thread 6556] [17.0] [cxt 0] Pipeline 'ingress': start
[12:41:04.490] [bmv2] [T] [thread 6556] [17.0] [cxt 0] basico.p4(114) Condition "hdr.ipv4.isValid()" (node_2) is true
[12:41:04.490] [bmv2] [T] [thread 6556] [17.0] [cxt 0] Applying table 'MyIngress.ipv4_lpm'
[12:41:04.490] [bmv2] [D] [thread 6556] [17.0] [cxt 0] Looking up key:
* hdr.ipv4.dstAddr    : 0a000303

[12:41:04.490] [bmv2] [D] [thread 6556] [17.0] [cxt 0] Table 'MyIngress.ipv4_lpm': hit with handle 2
[12:41:04.490] [bmv2] [D] [thread 6556] [17.0] [cxt 0] Dumping entry 2
Match key:
* hdr.ipv4.dstAddr    : LPM       0a000303/32
Action entry: MyIngress.ipv4_forward - a000303,1,

[12:41:04.490] [bmv2] [D] [thread 6556] [17.0] [cxt 0] Action entry is MyIngress.ipv4_forward - a000303,1,
[12:41:04.490] [bmv2] [T] [thread 6556] [17.0] [cxt 0] Action MyIngress.ipv4_forward
[12:41:04.490] [bmv2] [T] [thread 6556] [17.0] [cxt 0] basico.p4(94) Primitive standard_metadata.egress_spec = port
[12:41:04.490] [bmv2] [T] [thread 6556] [17.0] [cxt 0] basico.p4(95) Primitive hdr.ethernet.srcAddr = hdr.ethernet.dstAddr
[12:41:04.490] [bmv2] [T] [thread 6556] [17.0] [cxt 0] basico.p4(96) Primitive hdr.ethernet.dstAddr = dstAddr
[12:41:04.490] [bmv2] [T] [thread 6556] [17.0] [cxt 0] basico.p4(97) Primitive hdr.ipv4.ttl = hdr.ipv4.ttl - 1
[12:41:04.490] [bmv2] [D] [thread 6556] [17.0] [cxt 0] Pipeline 'ingress': end
[12:41:04.490] [bmv2] [D] [thread 6556] [17.0] [cxt 0] Egress port is 1
[12:41:04.490] [bmv2] [D] [thread 6558] [17.0] [cxt 0] Pipeline 'egress': start
[12:41:04.490] [bmv2] [D] [thread 6558] [17.0] [cxt 0] Pipeline 'egress': end
[12:41:04.490] [bmv2] [D] [thread 6558] [17.0] [cxt 0] Deparser 'deparser': start
[12:41:04.490] [bmv2] [D] [thread 6558] [17.0] [cxt 0] Updating checksum 'cksum'
[12:41:04.490] [bmv2] [D] [thread 6558] [17.0] [cxt 0] Deparsing header 'ethernet'
[12:41:04.490] [bmv2] [D] [thread 6558] [17.0] [cxt 0] Deparsing header 'ipv4'
[12:41:04.490] [bmv2] [D] [thread 6558] [17.0] [cxt 0] Deparser 'deparser': end
[12:41:04.491] [bmv2] [D] [thread 6561] [17.0] [cxt 0] Transmitting packet of size 98 out of port 1
[12:41:04.499] [bmv2] [D] [thread 6556] [18.0] [cxt 0] Processing packet received on port 1
[12:41:04.499] [bmv2] [D] [thread 6556] [18.0] [cxt 0] Parser 'parser': start
[12:41:04.499] [bmv2] [D] [thread 6556] [18.0] [cxt 0] Parser 'parser' entering state 'start'
[12:41:04.499] [bmv2] [D] [thread 6556] [18.0] [cxt 0] Extracting header 'ethernet'
[12:41:04.499] [bmv2] [D] [thread 6556] [18.0] [cxt 0] Parser state 'start': key is 0800
[12:41:04.499] [bmv2] [T] [thread 6556] [18.0] [cxt 0] Bytes parsed: 14
[12:41:04.499] [bmv2] [D] [thread 6556] [18.0] [cxt 0] Parser 'parser' entering state 'parse_ipv4'
[12:41:04.499] [bmv2] [D] [thread 6556] [18.0] [cxt 0] Extracting header 'ipv4'
[12:41:04.499] [bmv2] [D] [thread 6556] [18.0] [cxt 0] Parser state 'parse_ipv4' has no switch, going to default next state
[12:41:04.499] [bmv2] [T] [thread 6556] [18.0] [cxt 0] Bytes parsed: 34
[12:41:04.499] [bmv2] [D] [thread 6556] [18.0] [cxt 0] Parser 'parser': end
[12:41:04.499] [bmv2] [D] [thread 6556] [18.0] [cxt 0] Pipeline 'ingress': start
[12:41:04.499] [bmv2] [T] [thread 6556] [18.0] [cxt 0] basico.p4(114) Condition "hdr.ipv4.isValid()" (node_2) is true
[12:41:04.499] [bmv2] [T] [thread 6556] [18.0] [cxt 0] Applying table 'MyIngress.ipv4_lpm'
[12:41:04.499] [bmv2] [D] [thread 6556] [18.0] [cxt 0] Looking up key:
* hdr.ipv4.dstAddr    : 0a000304

[12:41:04.499] [bmv2] [D] [thread 6556] [18.0] [cxt 0] Table 'MyIngress.ipv4_lpm': hit with handle 3
[12:41:04.499] [bmv2] [D] [thread 6556] [18.0] [cxt 0] Dumping entry 3
Match key:
* hdr.ipv4.dstAddr    : LPM       0a000304/32
Action entry: MyIngress.ipv4_forward - a000304,2,

[12:41:04.499] [bmv2] [D] [thread 6556] [18.0] [cxt 0] Action entry is MyIngress.ipv4_forward - a000304,2,
[12:41:04.499] [bmv2] [T] [thread 6556] [18.0] [cxt 0] Action MyIngress.ipv4_forward
[12:41:04.499] [bmv2] [T] [thread 6556] [18.0] [cxt 0] basico.p4(94) Primitive standard_metadata.egress_spec = port
[12:41:04.499] [bmv2] [T] [thread 6556] [18.0] [cxt 0] basico.p4(95) Primitive hdr.ethernet.srcAddr = hdr.ethernet.dstAddr
[12:41:04.499] [bmv2] [T] [thread 6556] [18.0] [cxt 0] basico.p4(96) Primitive hdr.ethernet.dstAddr = dstAddr
[12:41:04.499] [bmv2] [T] [thread 6556] [18.0] [cxt 0] basico.p4(97) Primitive hdr.ipv4.ttl = hdr.ipv4.ttl - 1
[12:41:04.499] [bmv2] [D] [thread 6556] [18.0] [cxt 0] Pipeline 'ingress': end
[12:41:04.499] [bmv2] [D] [thread 6556] [18.0] [cxt 0] Egress port is 2
[12:41:04.499] [bmv2] [D] [thread 6559] [18.0] [cxt 0] Pipeline 'egress': start
[12:41:04.499] [bmv2] [D] [thread 6559] [18.0] [cxt 0] Pipeline 'egress': end
[12:41:04.499] [bmv2] [D] [thread 6559] [18.0] [cxt 0] Deparser 'deparser': start
[12:41:04.499] [bmv2] [D] [thread 6559] [18.0] [cxt 0] Updating checksum 'cksum'
[12:41:04.499] [bmv2] [D] [thread 6559] [18.0] [cxt 0] Deparsing header 'ethernet'
[12:41:04.499] [bmv2] [D] [thread 6559] [18.0] [cxt 0] Deparsing header 'ipv4'
[12:41:04.499] [bmv2] [D] [thread 6559] [18.0] [cxt 0] Deparser 'deparser': end
[12:41:04.499] [bmv2] [D] [thread 6561] [18.0] [cxt 0] Transmitting packet of size 98 out of port 2
[12:41:04.500] [bmv2] [D] [thread 6556] [19.0] [cxt 0] Processing packet received on port 2
[12:41:04.500] [bmv2] [D] [thread 6556] [19.0] [cxt 0] Parser 'parser': start
[12:41:04.500] [bmv2] [D] [thread 6556] [19.0] [cxt 0] Parser 'parser' entering state 'start'
[12:41:04.500] [bmv2] [D] [thread 6556] [19.0] [cxt 0] Extracting header 'ethernet'
[12:41:04.500] [bmv2] [D] [thread 6556] [19.0] [cxt 0] Parser state 'start': key is 0800
[12:41:04.500] [bmv2] [T] [thread 6556] [19.0] [cxt 0] Bytes parsed: 14
[12:41:04.500] [bmv2] [D] [thread 6556] [19.0] [cxt 0] Parser 'parser' entering state 'parse_ipv4'
[12:41:04.500] [bmv2] [D] [thread 6556] [19.0] [cxt 0] Extracting header 'ipv4'
[12:41:04.500] [bmv2] [D] [thread 6556] [19.0] [cxt 0] Parser state 'parse_ipv4' has no switch, going to default next state
[12:41:04.500] [bmv2] [T] [thread 6556] [19.0] [cxt 0] Bytes parsed: 34
[12:41:04.500] [bmv2] [D] [thread 6556] [19.0] [cxt 0] Parser 'parser': end
[12:41:04.500] [bmv2] [D] [thread 6556] [19.0] [cxt 0] Pipeline 'ingress': start
[12:41:04.500] [bmv2] [T] [thread 6556] [19.0] [cxt 0] basico.p4(114) Condition "hdr.ipv4.isValid()" (node_2) is true
[12:41:04.500] [bmv2] [T] [thread 6556] [19.0] [cxt 0] Applying table 'MyIngress.ipv4_lpm'
[12:41:04.500] [bmv2] [D] [thread 6556] [19.0] [cxt 0] Looking up key:
* hdr.ipv4.dstAddr    : 0a000303

[12:41:04.500] [bmv2] [D] [thread 6556] [19.0] [cxt 0] Table 'MyIngress.ipv4_lpm': hit with handle 2
[12:41:04.500] [bmv2] [D] [thread 6556] [19.0] [cxt 0] Dumping entry 2
Match key:
* hdr.ipv4.dstAddr    : LPM       0a000303/32
Action entry: MyIngress.ipv4_forward - a000303,1,

[12:41:04.500] [bmv2] [D] [thread 6556] [19.0] [cxt 0] Action entry is MyIngress.ipv4_forward - a000303,1,
[12:41:04.500] [bmv2] [T] [thread 6556] [19.0] [cxt 0] Action MyIngress.ipv4_forward
[12:41:04.500] [bmv2] [T] [thread 6556] [19.0] [cxt 0] basico.p4(94) Primitive standard_metadata.egress_spec = port
[12:41:04.500] [bmv2] [T] [thread 6556] [19.0] [cxt 0] basico.p4(95) Primitive hdr.ethernet.srcAddr = hdr.ethernet.dstAddr
[12:41:04.500] [bmv2] [T] [thread 6556] [19.0] [cxt 0] basico.p4(96) Primitive hdr.ethernet.dstAddr = dstAddr
[12:41:04.500] [bmv2] [T] [thread 6556] [19.0] [cxt 0] basico.p4(97) Primitive hdr.ipv4.ttl = hdr.ipv4.ttl - 1
[12:41:04.500] [bmv2] [D] [thread 6556] [19.0] [cxt 0] Pipeline 'ingress': end
[12:41:04.500] [bmv2] [D] [thread 6556] [19.0] [cxt 0] Egress port is 1
[12:41:04.500] [bmv2] [D] [thread 6558] [19.0] [cxt 0] Pipeline 'egress': start
[12:41:04.500] [bmv2] [D] [thread 6558] [19.0] [cxt 0] Pipeline 'egress': end
[12:41:04.500] [bmv2] [D] [thread 6558] [19.0] [cxt 0] Deparser 'deparser': start
[12:41:04.500] [bmv2] [D] [thread 6558] [19.0] [cxt 0] Updating checksum 'cksum'
[12:41:04.500] [bmv2] [D] [thread 6558] [19.0] [cxt 0] Deparsing header 'ethernet'
[12:41:04.500] [bmv2] [D] [thread 6558] [19.0] [cxt 0] Deparsing header 'ipv4'
[12:41:04.500] [bmv2] [D] [thread 6558] [19.0] [cxt 0] Deparser 'deparser': end
[12:41:04.500] [bmv2] [D] [thread 6561] [19.0] [cxt 0] Transmitting packet of size 98 out of port 1
[12:41:04.506] [bmv2] [D] [thread 6556] [20.0] [cxt 0] Processing packet received on port 2
[12:41:04.506] [bmv2] [D] [thread 6556] [20.0] [cxt 0] Parser 'parser': start
[12:41:04.506] [bmv2] [D] [thread 6556] [20.0] [cxt 0] Parser 'parser' entering state 'start'
[12:41:04.506] [bmv2] [D] [thread 6556] [20.0] [cxt 0] Extracting header 'ethernet'
[12:41:04.506] [bmv2] [D] [thread 6556] [20.0] [cxt 0] Parser state 'start': key is 0800
[12:41:04.506] [bmv2] [T] [thread 6556] [20.0] [cxt 0] Bytes parsed: 14
[12:41:04.506] [bmv2] [D] [thread 6556] [20.0] [cxt 0] Parser 'parser' entering state 'parse_ipv4'
[12:41:04.506] [bmv2] [D] [thread 6556] [20.0] [cxt 0] Extracting header 'ipv4'
[12:41:04.506] [bmv2] [D] [thread 6556] [20.0] [cxt 0] Parser state 'parse_ipv4' has no switch, going to default next state
[12:41:04.506] [bmv2] [T] [thread 6556] [20.0] [cxt 0] Bytes parsed: 34
[12:41:04.506] [bmv2] [D] [thread 6556] [20.0] [cxt 0] Parser 'parser': end
[12:41:04.506] [bmv2] [D] [thread 6556] [20.0] [cxt 0] Pipeline 'ingress': start
[12:41:04.506] [bmv2] [T] [thread 6556] [20.0] [cxt 0] basico.p4(114) Condition "hdr.ipv4.isValid()" (node_2) is true
[12:41:04.506] [bmv2] [T] [thread 6556] [20.0] [cxt 0] Applying table 'MyIngress.ipv4_lpm'
[12:41:04.506] [bmv2] [D] [thread 6556] [20.0] [cxt 0] Looking up key:
* hdr.ipv4.dstAddr    : 0a000101

[12:41:04.506] [bmv2] [D] [thread 6556] [20.0] [cxt 0] Table 'MyIngress.ipv4_lpm': hit with handle 0
[12:41:04.506] [bmv2] [D] [thread 6556] [20.0] [cxt 0] Dumping entry 0
Match key:
* hdr.ipv4.dstAddr    : LPM       0a000100/24
Action entry: MyIngress.ipv4_forward - 10300,3,

[12:41:04.506] [bmv2] [D] [thread 6556] [20.0] [cxt 0] Action entry is MyIngress.ipv4_forward - 10300,3,
[12:41:04.506] [bmv2] [T] [thread 6556] [20.0] [cxt 0] Action MyIngress.ipv4_forward
[12:41:04.506] [bmv2] [T] [thread 6556] [20.0] [cxt 0] basico.p4(94) Primitive standard_metadata.egress_spec = port
[12:41:04.506] [bmv2] [T] [thread 6556] [20.0] [cxt 0] basico.p4(95) Primitive hdr.ethernet.srcAddr = hdr.ethernet.dstAddr
[12:41:04.506] [bmv2] [T] [thread 6556] [20.0] [cxt 0] basico.p4(96) Primitive hdr.ethernet.dstAddr = dstAddr
[12:41:04.506] [bmv2] [T] [thread 6556] [20.0] [cxt 0] basico.p4(97) Primitive hdr.ipv4.ttl = hdr.ipv4.ttl - 1
[12:41:04.506] [bmv2] [D] [thread 6556] [20.0] [cxt 0] Pipeline 'ingress': end
[12:41:04.506] [bmv2] [D] [thread 6556] [20.0] [cxt 0] Egress port is 3
[12:41:04.506] [bmv2] [D] [thread 6560] [20.0] [cxt 0] Pipeline 'egress': start
[12:41:04.506] [bmv2] [D] [thread 6560] [20.0] [cxt 0] Pipeline 'egress': end
[12:41:04.506] [bmv2] [D] [thread 6560] [20.0] [cxt 0] Deparser 'deparser': start
[12:41:04.506] [bmv2] [D] [thread 6560] [20.0] [cxt 0] Updating checksum 'cksum'
[12:41:04.506] [bmv2] [D] [thread 6560] [20.0] [cxt 0] Deparsing header 'ethernet'
[12:41:04.506] [bmv2] [D] [thread 6560] [20.0] [cxt 0] Deparsing header 'ipv4'
[12:41:04.506] [bmv2] [D] [thread 6560] [20.0] [cxt 0] Deparser 'deparser': end
[12:41:04.506] [bmv2] [D] [thread 6561] [20.0] [cxt 0] Transmitting packet of size 98 out of port 3
[12:41:04.508] [bmv2] [D] [thread 6556] [21.0] [cxt 0] Processing packet received on port 3
[12:41:04.508] [bmv2] [D] [thread 6556] [21.0] [cxt 0] Parser 'parser': start
[12:41:04.508] [bmv2] [D] [thread 6556] [21.0] [cxt 0] Parser 'parser' entering state 'start'
[12:41:04.508] [bmv2] [D] [thread 6556] [21.0] [cxt 0] Extracting header 'ethernet'
[12:41:04.508] [bmv2] [D] [thread 6556] [21.0] [cxt 0] Parser state 'start': key is 0800
[12:41:04.508] [bmv2] [T] [thread 6556] [21.0] [cxt 0] Bytes parsed: 14
[12:41:04.508] [bmv2] [D] [thread 6556] [21.0] [cxt 0] Parser 'parser' entering state 'parse_ipv4'
[12:41:04.508] [bmv2] [D] [thread 6556] [21.0] [cxt 0] Extracting header 'ipv4'
[12:41:04.508] [bmv2] [D] [thread 6556] [21.0] [cxt 0] Parser state 'parse_ipv4' has no switch, going to default next state
[12:41:04.508] [bmv2] [T] [thread 6556] [21.0] [cxt 0] Bytes parsed: 34
[12:41:04.508] [bmv2] [D] [thread 6556] [21.0] [cxt 0] Parser 'parser': end
[12:41:04.508] [bmv2] [D] [thread 6556] [21.0] [cxt 0] Pipeline 'ingress': start
[12:41:04.508] [bmv2] [T] [thread 6556] [21.0] [cxt 0] basico.p4(114) Condition "hdr.ipv4.isValid()" (node_2) is true
[12:41:04.508] [bmv2] [T] [thread 6556] [21.0] [cxt 0] Applying table 'MyIngress.ipv4_lpm'
[12:41:04.508] [bmv2] [D] [thread 6556] [21.0] [cxt 0] Looking up key:
* hdr.ipv4.dstAddr    : 0a000304

[12:41:04.508] [bmv2] [D] [thread 6556] [21.0] [cxt 0] Table 'MyIngress.ipv4_lpm': hit with handle 3
[12:41:04.508] [bmv2] [D] [thread 6556] [21.0] [cxt 0] Dumping entry 3
Match key:
* hdr.ipv4.dstAddr    : LPM       0a000304/32
Action entry: MyIngress.ipv4_forward - a000304,2,

[12:41:04.508] [bmv2] [D] [thread 6556] [21.0] [cxt 0] Action entry is MyIngress.ipv4_forward - a000304,2,
[12:41:04.508] [bmv2] [T] [thread 6556] [21.0] [cxt 0] Action MyIngress.ipv4_forward
[12:41:04.508] [bmv2] [T] [thread 6556] [21.0] [cxt 0] basico.p4(94) Primitive standard_metadata.egress_spec = port
[12:41:04.508] [bmv2] [T] [thread 6556] [21.0] [cxt 0] basico.p4(95) Primitive hdr.ethernet.srcAddr = hdr.ethernet.dstAddr
[12:41:04.508] [bmv2] [T] [thread 6556] [21.0] [cxt 0] basico.p4(96) Primitive hdr.ethernet.dstAddr = dstAddr
[12:41:04.508] [bmv2] [T] [thread 6556] [21.0] [cxt 0] basico.p4(97) Primitive hdr.ipv4.ttl = hdr.ipv4.ttl - 1
[12:41:04.508] [bmv2] [D] [thread 6556] [21.0] [cxt 0] Pipeline 'ingress': end
[12:41:04.508] [bmv2] [D] [thread 6556] [21.0] [cxt 0] Egress port is 2
[12:41:04.508] [bmv2] [D] [thread 6559] [21.0] [cxt 0] Pipeline 'egress': start
[12:41:04.508] [bmv2] [D] [thread 6559] [21.0] [cxt 0] Pipeline 'egress': end
[12:41:04.508] [bmv2] [D] [thread 6559] [21.0] [cxt 0] Deparser 'deparser': start
[12:41:04.508] [bmv2] [D] [thread 6559] [21.0] [cxt 0] Updating checksum 'cksum'
[12:41:04.508] [bmv2] [D] [thread 6559] [21.0] [cxt 0] Deparsing header 'ethernet'
[12:41:04.508] [bmv2] [D] [thread 6559] [21.0] [cxt 0] Deparsing header 'ipv4'
[12:41:04.508] [bmv2] [D] [thread 6559] [21.0] [cxt 0] Deparser 'deparser': end
[12:41:04.508] [bmv2] [D] [thread 6561] [21.0] [cxt 0] Transmitting packet of size 98 out of port 2
[12:41:04.512] [bmv2] [D] [thread 6556] [22.0] [cxt 0] Processing packet received on port 2
[12:41:04.513] [bmv2] [D] [thread 6556] [22.0] [cxt 0] Parser 'parser': start
[12:41:04.513] [bmv2] [D] [thread 6556] [22.0] [cxt 0] Parser 'parser' entering state 'start'
[12:41:04.513] [bmv2] [D] [thread 6556] [22.0] [cxt 0] Extracting header 'ethernet'
[12:41:04.513] [bmv2] [D] [thread 6556] [22.0] [cxt 0] Parser state 'start': key is 0800
[12:41:04.513] [bmv2] [T] [thread 6556] [22.0] [cxt 0] Bytes parsed: 14
[12:41:04.513] [bmv2] [D] [thread 6556] [22.0] [cxt 0] Parser 'parser' entering state 'parse_ipv4'
[12:41:04.513] [bmv2] [D] [thread 6556] [22.0] [cxt 0] Extracting header 'ipv4'
[12:41:04.513] [bmv2] [D] [thread 6556] [22.0] [cxt 0] Parser state 'parse_ipv4' has no switch, going to default next state
[12:41:04.513] [bmv2] [T] [thread 6556] [22.0] [cxt 0] Bytes parsed: 34
[12:41:04.513] [bmv2] [D] [thread 6556] [22.0] [cxt 0] Parser 'parser': end
[12:41:04.513] [bmv2] [D] [thread 6556] [22.0] [cxt 0] Pipeline 'ingress': start
[12:41:04.513] [bmv2] [T] [thread 6556] [22.0] [cxt 0] basico.p4(114) Condition "hdr.ipv4.isValid()" (node_2) is true
[12:41:04.513] [bmv2] [T] [thread 6556] [22.0] [cxt 0] Applying table 'MyIngress.ipv4_lpm'
[12:41:04.513] [bmv2] [D] [thread 6556] [22.0] [cxt 0] Looking up key:
* hdr.ipv4.dstAddr    : 0a000202

[12:41:04.513] [bmv2] [D] [thread 6556] [22.0] [cxt 0] Table 'MyIngress.ipv4_lpm': hit with handle 1
[12:41:04.513] [bmv2] [D] [thread 6556] [22.0] [cxt 0] Dumping entry 1
Match key:
* hdr.ipv4.dstAddr    : LPM       0a000200/24
Action entry: MyIngress.ipv4_forward - 10300,3,

[12:41:04.513] [bmv2] [D] [thread 6556] [22.0] [cxt 0] Action entry is MyIngress.ipv4_forward - 10300,3,
[12:41:04.513] [bmv2] [T] [thread 6556] [22.0] [cxt 0] Action MyIngress.ipv4_forward
[12:41:04.513] [bmv2] [T] [thread 6556] [22.0] [cxt 0] basico.p4(94) Primitive standard_metadata.egress_spec = port
[12:41:04.513] [bmv2] [T] [thread 6556] [22.0] [cxt 0] basico.p4(95) Primitive hdr.ethernet.srcAddr = hdr.ethernet.dstAddr
[12:41:04.513] [bmv2] [T] [thread 6556] [22.0] [cxt 0] basico.p4(96) Primitive hdr.ethernet.dstAddr = dstAddr
[12:41:04.513] [bmv2] [T] [thread 6556] [22.0] [cxt 0] basico.p4(97) Primitive hdr.ipv4.ttl = hdr.ipv4.ttl - 1
[12:41:04.513] [bmv2] [D] [thread 6556] [22.0] [cxt 0] Pipeline 'ingress': end
[12:41:04.513] [bmv2] [D] [thread 6556] [22.0] [cxt 0] Egress port is 3
[12:41:04.513] [bmv2] [D] [thread 6560] [22.0] [cxt 0] Pipeline 'egress': start
[12:41:04.513] [bmv2] [D] [thread 6560] [22.0] [cxt 0] Pipeline 'egress': end
[12:41:04.513] [bmv2] [D] [thread 6560] [22.0] [cxt 0] Deparser 'deparser': start
[12:41:04.513] [bmv2] [D] [thread 6560] [22.0] [cxt 0] Updating checksum 'cksum'
[12:41:04.513] [bmv2] [D] [thread 6560] [22.0] [cxt 0] Deparsing header 'ethernet'
[12:41:04.513] [bmv2] [D] [thread 6560] [22.0] [cxt 0] Deparsing header 'ipv4'
[12:41:04.513] [bmv2] [D] [thread 6560] [22.0] [cxt 0] Deparser 'deparser': end
[12:41:04.513] [bmv2] [D] [thread 6561] [22.0] [cxt 0] Transmitting packet of size 98 out of port 3
[12:41:04.523] [bmv2] [D] [thread 6556] [23.0] [cxt 0] Processing packet received on port 3
[12:41:04.523] [bmv2] [D] [thread 6556] [23.0] [cxt 0] Parser 'parser': start
[12:41:04.523] [bmv2] [D] [thread 6556] [23.0] [cxt 0] Parser 'parser' entering state 'start'
[12:41:04.523] [bmv2] [D] [thread 6556] [23.0] [cxt 0] Extracting header 'ethernet'
[12:41:04.523] [bmv2] [D] [thread 6556] [23.0] [cxt 0] Parser state 'start': key is 0800
[12:41:04.523] [bmv2] [T] [thread 6556] [23.0] [cxt 0] Bytes parsed: 14
[12:41:04.523] [bmv2] [D] [thread 6556] [23.0] [cxt 0] Parser 'parser' entering state 'parse_ipv4'
[12:41:04.523] [bmv2] [D] [thread 6556] [23.0] [cxt 0] Extracting header 'ipv4'
[12:41:04.523] [bmv2] [D] [thread 6556] [23.0] [cxt 0] Parser state 'parse_ipv4' has no switch, going to default next state
[12:41:04.523] [bmv2] [T] [thread 6556] [23.0] [cxt 0] Bytes parsed: 34
[12:41:04.523] [bmv2] [D] [thread 6556] [23.0] [cxt 0] Parser 'parser': end
[12:41:04.523] [bmv2] [D] [thread 6556] [23.0] [cxt 0] Pipeline 'ingress': start
[12:41:04.523] [bmv2] [T] [thread 6556] [23.0] [cxt 0] basico.p4(114) Condition "hdr.ipv4.isValid()" (node_2) is true
[12:41:04.523] [bmv2] [T] [thread 6556] [23.0] [cxt 0] Applying table 'MyIngress.ipv4_lpm'
[12:41:04.523] [bmv2] [D] [thread 6556] [23.0] [cxt 0] Looking up key:
* hdr.ipv4.dstAddr    : 0a000304

[12:41:04.523] [bmv2] [D] [thread 6556] [23.0] [cxt 0] Table 'MyIngress.ipv4_lpm': hit with handle 3
[12:41:04.523] [bmv2] [D] [thread 6556] [23.0] [cxt 0] Dumping entry 3
Match key:
* hdr.ipv4.dstAddr    : LPM       0a000304/32
Action entry: MyIngress.ipv4_forward - a000304,2,

[12:41:04.523] [bmv2] [D] [thread 6556] [23.0] [cxt 0] Action entry is MyIngress.ipv4_forward - a000304,2,
[12:41:04.523] [bmv2] [T] [thread 6556] [23.0] [cxt 0] Action MyIngress.ipv4_forward
[12:41:04.523] [bmv2] [T] [thread 6556] [23.0] [cxt 0] basico.p4(94) Primitive standard_metadata.egress_spec = port
[12:41:04.523] [bmv2] [T] [thread 6556] [23.0] [cxt 0] basico.p4(95) Primitive hdr.ethernet.srcAddr = hdr.ethernet.dstAddr
[12:41:04.523] [bmv2] [T] [thread 6556] [23.0] [cxt 0] basico.p4(96) Primitive hdr.ethernet.dstAddr = dstAddr
[12:41:04.523] [bmv2] [T] [thread 6556] [23.0] [cxt 0] basico.p4(97) Primitive hdr.ipv4.ttl = hdr.ipv4.ttl - 1
[12:41:04.523] [bmv2] [D] [thread 6556] [23.0] [cxt 0] Pipeline 'ingress': end
[12:41:04.523] [bmv2] [D] [thread 6556] [23.0] [cxt 0] Egress port is 2
[12:41:04.524] [bmv2] [D] [thread 6559] [23.0] [cxt 0] Pipeline 'egress': start
[12:41:04.524] [bmv2] [D] [thread 6559] [23.0] [cxt 0] Pipeline 'egress': end
[12:41:04.524] [bmv2] [D] [thread 6559] [23.0] [cxt 0] Deparser 'deparser': start
[12:41:04.524] [bmv2] [D] [thread 6559] [23.0] [cxt 0] Updating checksum 'cksum'
[12:41:04.524] [bmv2] [D] [thread 6559] [23.0] [cxt 0] Deparsing header 'ethernet'
[12:41:04.524] [bmv2] [D] [thread 6559] [23.0] [cxt 0] Deparsing header 'ipv4'
[12:41:04.524] [bmv2] [D] [thread 6559] [23.0] [cxt 0] Deparser 'deparser': end
[12:41:04.524] [bmv2] [D] [thread 6561] [23.0] [cxt 0] Transmitting packet of size 98 out of port 2
[12:41:04.530] [bmv2] [D] [thread 6556] [24.0] [cxt 0] Processing packet received on port 2
[12:41:04.530] [bmv2] [D] [thread 6556] [24.0] [cxt 0] Parser 'parser': start
[12:41:04.530] [bmv2] [D] [thread 6556] [24.0] [cxt 0] Parser 'parser' entering state 'start'
[12:41:04.530] [bmv2] [D] [thread 6556] [24.0] [cxt 0] Extracting header 'ethernet'
[12:41:04.530] [bmv2] [D] [thread 6556] [24.0] [cxt 0] Parser state 'start': key is 0800
[12:41:04.530] [bmv2] [T] [thread 6556] [24.0] [cxt 0] Bytes parsed: 14
[12:41:04.530] [bmv2] [D] [thread 6556] [24.0] [cxt 0] Parser 'parser' entering state 'parse_ipv4'
[12:41:04.530] [bmv2] [D] [thread 6556] [24.0] [cxt 0] Extracting header 'ipv4'
[12:41:04.530] [bmv2] [D] [thread 6556] [24.0] [cxt 0] Parser state 'parse_ipv4' has no switch, going to default next state
[12:41:04.530] [bmv2] [T] [thread 6556] [24.0] [cxt 0] Bytes parsed: 34
[12:41:04.530] [bmv2] [D] [thread 6556] [24.0] [cxt 0] Parser 'parser': end
[12:41:04.530] [bmv2] [D] [thread 6556] [24.0] [cxt 0] Pipeline 'ingress': start
[12:41:04.530] [bmv2] [T] [thread 6556] [24.0] [cxt 0] basico.p4(114) Condition "hdr.ipv4.isValid()" (node_2) is true
[12:41:04.530] [bmv2] [T] [thread 6556] [24.0] [cxt 0] Applying table 'MyIngress.ipv4_lpm'
[12:41:04.530] [bmv2] [D] [thread 6556] [24.0] [cxt 0] Looking up key:
* hdr.ipv4.dstAddr    : 0a000303

[12:41:04.530] [bmv2] [D] [thread 6556] [24.0] [cxt 0] Table 'MyIngress.ipv4_lpm': hit with handle 2
[12:41:04.530] [bmv2] [D] [thread 6556] [24.0] [cxt 0] Dumping entry 2
Match key:
* hdr.ipv4.dstAddr    : LPM       0a000303/32
Action entry: MyIngress.ipv4_forward - a000303,1,

[12:41:04.530] [bmv2] [D] [thread 6556] [24.0] [cxt 0] Action entry is MyIngress.ipv4_forward - a000303,1,
[12:41:04.530] [bmv2] [T] [thread 6556] [24.0] [cxt 0] Action MyIngress.ipv4_forward
[12:41:04.530] [bmv2] [T] [thread 6556] [24.0] [cxt 0] basico.p4(94) Primitive standard_metadata.egress_spec = port
[12:41:04.530] [bmv2] [T] [thread 6556] [24.0] [cxt 0] basico.p4(95) Primitive hdr.ethernet.srcAddr = hdr.ethernet.dstAddr
[12:41:04.530] [bmv2] [T] [thread 6556] [24.0] [cxt 0] basico.p4(96) Primitive hdr.ethernet.dstAddr = dstAddr
[12:41:04.530] [bmv2] [T] [thread 6556] [24.0] [cxt 0] basico.p4(97) Primitive hdr.ipv4.ttl = hdr.ipv4.ttl - 1
[12:41:04.530] [bmv2] [D] [thread 6556] [24.0] [cxt 0] Pipeline 'ingress': end
[12:41:04.530] [bmv2] [D] [thread 6556] [24.0] [cxt 0] Egress port is 1
[12:41:04.530] [bmv2] [D] [thread 6558] [24.0] [cxt 0] Pipeline 'egress': start
[12:41:04.530] [bmv2] [D] [thread 6558] [24.0] [cxt 0] Pipeline 'egress': end
[12:41:04.530] [bmv2] [D] [thread 6558] [24.0] [cxt 0] Deparser 'deparser': start
[12:41:04.530] [bmv2] [D] [thread 6558] [24.0] [cxt 0] Updating checksum 'cksum'
[12:41:04.530] [bmv2] [D] [thread 6558] [24.0] [cxt 0] Deparsing header 'ethernet'
[12:41:04.530] [bmv2] [D] [thread 6558] [24.0] [cxt 0] Deparsing header 'ipv4'
[12:41:04.530] [bmv2] [D] [thread 6558] [24.0] [cxt 0] Deparser 'deparser': end
[12:41:04.530] [bmv2] [D] [thread 6561] [24.0] [cxt 0] Transmitting packet of size 98 out of port 1
[12:41:04.530] [bmv2] [D] [thread 6556] [25.0] [cxt 0] Processing packet received on port 1
[12:41:04.530] [bmv2] [D] [thread 6556] [25.0] [cxt 0] Parser 'parser': start
[12:41:04.530] [bmv2] [D] [thread 6556] [25.0] [cxt 0] Parser 'parser' entering state 'start'
[12:41:04.530] [bmv2] [D] [thread 6556] [25.0] [cxt 0] Extracting header 'ethernet'
[12:41:04.530] [bmv2] [D] [thread 6556] [25.0] [cxt 0] Parser state 'start': key is 0800
[12:41:04.530] [bmv2] [T] [thread 6556] [25.0] [cxt 0] Bytes parsed: 14
[12:41:04.530] [bmv2] [D] [thread 6556] [25.0] [cxt 0] Parser 'parser' entering state 'parse_ipv4'
[12:41:04.530] [bmv2] [D] [thread 6556] [25.0] [cxt 0] Extracting header 'ipv4'
[12:41:04.530] [bmv2] [D] [thread 6556] [25.0] [cxt 0] Parser state 'parse_ipv4' has no switch, going to default next state
[12:41:04.530] [bmv2] [T] [thread 6556] [25.0] [cxt 0] Bytes parsed: 34
[12:41:04.530] [bmv2] [D] [thread 6556] [25.0] [cxt 0] Parser 'parser': end
[12:41:04.530] [bmv2] [D] [thread 6556] [25.0] [cxt 0] Pipeline 'ingress': start
[12:41:04.530] [bmv2] [T] [thread 6556] [25.0] [cxt 0] basico.p4(114) Condition "hdr.ipv4.isValid()" (node_2) is true
[12:41:04.530] [bmv2] [T] [thread 6556] [25.0] [cxt 0] Applying table 'MyIngress.ipv4_lpm'
[12:41:04.531] [bmv2] [D] [thread 6556] [25.0] [cxt 0] Looking up key:
* hdr.ipv4.dstAddr    : 0a000304

[12:41:04.531] [bmv2] [D] [thread 6556] [25.0] [cxt 0] Table 'MyIngress.ipv4_lpm': hit with handle 3
[12:41:04.531] [bmv2] [D] [thread 6556] [25.0] [cxt 0] Dumping entry 3
Match key:
* hdr.ipv4.dstAddr    : LPM       0a000304/32
Action entry: MyIngress.ipv4_forward - a000304,2,

[12:41:04.531] [bmv2] [D] [thread 6556] [25.0] [cxt 0] Action entry is MyIngress.ipv4_forward - a000304,2,
[12:41:04.531] [bmv2] [T] [thread 6556] [25.0] [cxt 0] Action MyIngress.ipv4_forward
[12:41:04.531] [bmv2] [T] [thread 6556] [25.0] [cxt 0] basico.p4(94) Primitive standard_metadata.egress_spec = port
[12:41:04.531] [bmv2] [T] [thread 6556] [25.0] [cxt 0] basico.p4(95) Primitive hdr.ethernet.srcAddr = hdr.ethernet.dstAddr
[12:41:04.531] [bmv2] [T] [thread 6556] [25.0] [cxt 0] basico.p4(96) Primitive hdr.ethernet.dstAddr = dstAddr
[12:41:04.531] [bmv2] [T] [thread 6556] [25.0] [cxt 0] basico.p4(97) Primitive hdr.ipv4.ttl = hdr.ipv4.ttl - 1
[12:41:04.531] [bmv2] [D] [thread 6556] [25.0] [cxt 0] Pipeline 'ingress': end
[12:41:04.531] [bmv2] [D] [thread 6556] [25.0] [cxt 0] Egress port is 2
[12:41:04.531] [bmv2] [D] [thread 6559] [25.0] [cxt 0] Pipeline 'egress': start
[12:41:04.531] [bmv2] [D] [thread 6559] [25.0] [cxt 0] Pipeline 'egress': end
[12:41:04.531] [bmv2] [D] [thread 6559] [25.0] [cxt 0] Deparser 'deparser': start
[12:41:04.531] [bmv2] [D] [thread 6559] [25.0] [cxt 0] Updating checksum 'cksum'
[12:41:04.531] [bmv2] [D] [thread 6559] [25.0] [cxt 0] Deparsing header 'ethernet'
[12:41:04.531] [bmv2] [D] [thread 6559] [25.0] [cxt 0] Deparsing header 'ipv4'
[12:41:04.531] [bmv2] [D] [thread 6559] [25.0] [cxt 0] Deparser 'deparser': end
[12:41:04.531] [bmv2] [D] [thread 6561] [25.0] [cxt 0] Transmitting packet of size 98 out of port 2
