Calling target program-options parser
Adding interface s2-eth1 as port 1
[16:34:13.916] [bmv2] [D] [thread 32600] Adding interface s2-eth1 as port 1
Adding interface s2-eth2 as port 2
[16:34:13.929] [bmv2] [D] [thread 32600] Adding interface s2-eth2 as port 2
Server listening on 0.0.0.0:9560
[16:34:13.945] [bmv2] [I] [thread 32600] Starting Thrift server on port 9091
[16:34:13.949] [bmv2] [I] [thread 32600] Thrift server was started
[16:42:29.308] [bmv2] [D] [thread 33427] Set default default entry for table 'MyIngress.ipv4_lpm': MyIngress.drop - 
[16:42:29.308] [bmv2] [D] [thread 33427] simple_switch target has been notified of a config swap
[16:42:29.312] [bmv2] [D] [thread 33438] [0.0] [cxt 0] Processing packet received on port 1
[16:42:29.312] [bmv2] [D] [thread 33438] [0.0] [cxt 0] Parser 'parser': start
[16:42:29.312] [bmv2] [D] [thread 33438] [0.0] [cxt 0] Parser 'parser' entering state 'start'
[16:42:29.312] [bmv2] [D] [thread 33438] [0.0] [cxt 0] Extracting header 'ethernet'
[16:42:29.312] [bmv2] [D] [thread 33438] [0.0] [cxt 0] Parser state 'start': key is 86dd
[16:42:29.312] [bmv2] [T] [thread 33438] [0.0] [cxt 0] Bytes parsed: 14
[16:42:29.312] [bmv2] [D] [thread 33438] [0.0] [cxt 0] Parser 'parser': end
[16:42:29.312] [bmv2] [D] [thread 33438] [0.0] [cxt 0] Pipeline 'ingress': start
[16:42:29.312] [bmv2] [T] [thread 33438] [0.0] [cxt 0] basico.p4(114) Condition "hdr.ipv4.isValid()" (node_2) is false
[16:42:29.312] [bmv2] [D] [thread 33438] [0.0] [cxt 0] Pipeline 'ingress': end
[16:42:29.312] [bmv2] [D] [thread 33438] [0.0] [cxt 0] Egress port is 0
[16:42:29.312] [bmv2] [D] [thread 33438] [1.0] [cxt 0] Processing packet received on port 2
[16:42:29.312] [bmv2] [D] [thread 33438] [1.0] [cxt 0] Parser 'parser': start
[16:42:29.312] [bmv2] [D] [thread 33438] [1.0] [cxt 0] Parser 'parser' entering state 'start'
[16:42:29.312] [bmv2] [D] [thread 33438] [1.0] [cxt 0] Extracting header 'ethernet'
[16:42:29.312] [bmv2] [D] [thread 33438] [1.0] [cxt 0] Parser state 'start': key is 86dd
[16:42:29.312] [bmv2] [T] [thread 33438] [1.0] [cxt 0] Bytes parsed: 14
[16:42:29.312] [bmv2] [D] [thread 33438] [1.0] [cxt 0] Parser 'parser': end
[16:42:29.312] [bmv2] [D] [thread 33438] [1.0] [cxt 0] Pipeline 'ingress': start
[16:42:29.312] [bmv2] [T] [thread 33438] [1.0] [cxt 0] basico.p4(114) Condition "hdr.ipv4.isValid()" (node_2) is false
[16:42:29.312] [bmv2] [D] [thread 33438] [1.0] [cxt 0] Pipeline 'ingress': end
[16:42:29.312] [bmv2] [D] [thread 33438] [1.0] [cxt 0] Egress port is 0
[16:42:29.312] [bmv2] [D] [thread 33438] [2.0] [cxt 0] Processing packet received on port 1
[16:42:29.312] [bmv2] [D] [thread 33438] [2.0] [cxt 0] Parser 'parser': start
[16:42:29.312] [bmv2] [D] [thread 33438] [2.0] [cxt 0] Parser 'parser' entering state 'start'
[16:42:29.312] [bmv2] [D] [thread 33438] [2.0] [cxt 0] Extracting header 'ethernet'
[16:42:29.312] [bmv2] [D] [thread 33438] [2.0] [cxt 0] Parser state 'start': key is 86dd
[16:42:29.312] [bmv2] [T] [thread 33438] [2.0] [cxt 0] Bytes parsed: 14
[16:42:29.312] [bmv2] [D] [thread 33438] [2.0] [cxt 0] Parser 'parser': end
[16:42:29.312] [bmv2] [D] [thread 33438] [2.0] [cxt 0] Pipeline 'ingress': start
[16:42:29.312] [bmv2] [T] [thread 33438] [2.0] [cxt 0] basico.p4(114) Condition "hdr.ipv4.isValid()" (node_2) is false
[16:42:29.312] [bmv2] [D] [thread 33438] [2.0] [cxt 0] Pipeline 'ingress': end
[16:42:29.312] [bmv2] [D] [thread 33438] [2.0] [cxt 0] Egress port is 0
[16:42:29.312] [bmv2] [D] [thread 33438] [3.0] [cxt 0] Processing packet received on port 2
[16:42:29.312] [bmv2] [D] [thread 33438] [3.0] [cxt 0] Parser 'parser': start
[16:42:29.312] [bmv2] [D] [thread 33438] [3.0] [cxt 0] Parser 'parser' entering state 'start'
[16:42:29.312] [bmv2] [D] [thread 33438] [3.0] [cxt 0] Extracting header 'ethernet'
[16:42:29.312] [bmv2] [D] [thread 33438] [3.0] [cxt 0] Parser state 'start': key is 86dd
[16:42:29.312] [bmv2] [T] [thread 33438] [3.0] [cxt 0] Bytes parsed: 14
[16:42:29.312] [bmv2] [D] [thread 33438] [3.0] [cxt 0] Parser 'parser': end
[16:42:29.312] [bmv2] [D] [thread 33438] [3.0] [cxt 0] Pipeline 'ingress': start
[16:42:29.312] [bmv2] [T] [thread 33438] [3.0] [cxt 0] basico.p4(114) Condition "hdr.ipv4.isValid()" (node_2) is false
[16:42:29.312] [bmv2] [D] [thread 33438] [3.0] [cxt 0] Pipeline 'ingress': end
[16:42:29.312] [bmv2] [D] [thread 33438] [3.0] [cxt 0] Egress port is 0
[16:42:29.312] [bmv2] [D] [thread 33438] [4.0] [cxt 0] Processing packet received on port 1
[16:42:29.312] [bmv2] [D] [thread 33438] [4.0] [cxt 0] Parser 'parser': start
[16:42:29.312] [bmv2] [D] [thread 33438] [4.0] [cxt 0] Parser 'parser' entering state 'start'
[16:42:29.312] [bmv2] [D] [thread 33438] [4.0] [cxt 0] Extracting header 'ethernet'
[16:42:29.312] [bmv2] [D] [thread 33438] [4.0] [cxt 0] Parser state 'start': key is 86dd
[16:42:29.312] [bmv2] [T] [thread 33438] [4.0] [cxt 0] Bytes parsed: 14
[16:42:29.312] [bmv2] [D] [thread 33438] [4.0] [cxt 0] Parser 'parser': end
[16:42:29.312] [bmv2] [D] [thread 33438] [4.0] [cxt 0] Pipeline 'ingress': start
[16:42:29.312] [bmv2] [T] [thread 33438] [4.0] [cxt 0] basico.p4(114) Condition "hdr.ipv4.isValid()" (node_2) is false
[16:42:29.312] [bmv2] [D] [thread 33438] [4.0] [cxt 0] Pipeline 'ingress': end
[16:42:29.312] [bmv2] [D] [thread 33438] [4.0] [cxt 0] Egress port is 0
[16:42:29.312] [bmv2] [D] [thread 33438] [5.0] [cxt 0] Processing packet received on port 2
[16:42:29.312] [bmv2] [D] [thread 33438] [5.0] [cxt 0] Parser 'parser': start
[16:42:29.312] [bmv2] [D] [thread 33438] [5.0] [cxt 0] Parser 'parser' entering state 'start'
[16:42:29.312] [bmv2] [D] [thread 33438] [5.0] [cxt 0] Extracting header 'ethernet'
[16:42:29.312] [bmv2] [D] [thread 33438] [5.0] [cxt 0] Parser state 'start': key is 86dd
[16:42:29.312] [bmv2] [T] [thread 33438] [5.0] [cxt 0] Bytes parsed: 14
[16:42:29.312] [bmv2] [D] [thread 33438] [5.0] [cxt 0] Parser 'parser': end
[16:42:29.312] [bmv2] [D] [thread 33438] [5.0] [cxt 0] Pipeline 'ingress': start
[16:42:29.312] [bmv2] [T] [thread 33438] [5.0] [cxt 0] basico.p4(114) Condition "hdr.ipv4.isValid()" (node_2) is false
[16:42:29.312] [bmv2] [D] [thread 33438] [5.0] [cxt 0] Pipeline 'ingress': end
[16:42:29.312] [bmv2] [D] [thread 33438] [5.0] [cxt 0] Egress port is 0
[16:42:29.312] [bmv2] [D] [thread 33438] [6.0] [cxt 0] Processing packet received on port 1
[16:42:29.312] [bmv2] [D] [thread 33438] [6.0] [cxt 0] Parser 'parser': start
[16:42:29.312] [bmv2] [D] [thread 33438] [6.0] [cxt 0] Parser 'parser' entering state 'start'
[16:42:29.312] [bmv2] [D] [thread 33438] [6.0] [cxt 0] Extracting header 'ethernet'
[16:42:29.312] [bmv2] [D] [thread 33438] [6.0] [cxt 0] Parser state 'start': key is 86dd
[16:42:29.312] [bmv2] [T] [thread 33438] [6.0] [cxt 0] Bytes parsed: 14
[16:42:29.312] [bmv2] [D] [thread 33438] [6.0] [cxt 0] Parser 'parser': end
[16:42:29.312] [bmv2] [D] [thread 33438] [6.0] [cxt 0] Pipeline 'ingress': start
[16:42:29.312] [bmv2] [T] [thread 33438] [6.0] [cxt 0] basico.p4(114) Condition "hdr.ipv4.isValid()" (node_2) is false
[16:42:29.312] [bmv2] [D] [thread 33438] [6.0] [cxt 0] Pipeline 'ingress': end
[16:42:29.312] [bmv2] [D] [thread 33438] [6.0] [cxt 0] Egress port is 0
[16:42:29.312] [bmv2] [D] [thread 33438] [7.0] [cxt 0] Processing packet received on port 2
[16:42:29.312] [bmv2] [D] [thread 33438] [7.0] [cxt 0] Parser 'parser': start
[16:42:29.313] [bmv2] [D] [thread 33438] [7.0] [cxt 0] Parser 'parser' entering state 'start'
[16:42:29.313] [bmv2] [D] [thread 33438] [7.0] [cxt 0] Extracting header 'ethernet'
[16:42:29.313] [bmv2] [D] [thread 33438] [7.0] [cxt 0] Parser state 'start': key is 86dd
[16:42:29.313] [bmv2] [T] [thread 33438] [7.0] [cxt 0] Bytes parsed: 14
[16:42:29.313] [bmv2] [D] [thread 33438] [7.0] [cxt 0] Parser 'parser': end
[16:42:29.313] [bmv2] [D] [thread 33438] [7.0] [cxt 0] Pipeline 'ingress': start
[16:42:29.313] [bmv2] [T] [thread 33438] [7.0] [cxt 0] basico.p4(114) Condition "hdr.ipv4.isValid()" (node_2) is false
[16:42:29.313] [bmv2] [D] [thread 33438] [7.0] [cxt 0] Pipeline 'ingress': end
[16:42:29.313] [bmv2] [D] [thread 33438] [7.0] [cxt 0] Egress port is 0
[16:42:29.313] [bmv2] [D] [thread 33438] [8.0] [cxt 0] Processing packet received on port 2
[16:42:29.313] [bmv2] [D] [thread 33438] [8.0] [cxt 0] Parser 'parser': start
[16:42:29.313] [bmv2] [D] [thread 33438] [8.0] [cxt 0] Parser 'parser' entering state 'start'
[16:42:29.313] [bmv2] [D] [thread 33438] [8.0] [cxt 0] Extracting header 'ethernet'
[16:42:29.313] [bmv2] [D] [thread 33439] [0.0] [cxt 0] Pipeline 'egress': start
[16:42:29.313] [bmv2] [D] [thread 33439] [0.0] [cxt 0] Pipeline 'egress': end
[16:42:29.313] [bmv2] [D] [thread 33438] [8.0] [cxt 0] Parser state 'start': key is 86dd
[16:42:29.313] [bmv2] [T] [thread 33438] [8.0] [cxt 0] Bytes parsed: 14
[16:42:29.313] [bmv2] [D] [thread 33438] [8.0] [cxt 0] Parser 'parser': end
[16:42:29.313] [bmv2] [D] [thread 33438] [8.0] [cxt 0] Pipeline 'ingress': start
[16:42:29.313] [bmv2] [T] [thread 33438] [8.0] [cxt 0] basico.p4(114) Condition "hdr.ipv4.isValid()" (node_2) is false
[16:42:29.313] [bmv2] [D] [thread 33438] [8.0] [cxt 0] Pipeline 'ingress': end
[16:42:29.313] [bmv2] [D] [thread 33438] [8.0] [cxt 0] Egress port is 0
[16:42:29.313] [bmv2] [D] [thread 33438] [9.0] [cxt 0] Processing packet received on port 2
[16:42:29.313] [bmv2] [D] [thread 33438] [9.0] [cxt 0] Parser 'parser': start
[16:42:29.313] [bmv2] [D] [thread 33438] [9.0] [cxt 0] Parser 'parser' entering state 'start'
[16:42:29.313] [bmv2] [D] [thread 33438] [9.0] [cxt 0] Extracting header 'ethernet'
[16:42:29.313] [bmv2] [D] [thread 33438] [9.0] [cxt 0] Parser state 'start': key is 86dd
[16:42:29.313] [bmv2] [T] [thread 33438] [9.0] [cxt 0] Bytes parsed: 14
[16:42:29.313] [bmv2] [D] [thread 33438] [9.0] [cxt 0] Parser 'parser': end
[16:42:29.313] [bmv2] [D] [thread 33439] [0.0] [cxt 0] Deparser 'deparser': start
[16:42:29.313] [bmv2] [T] [thread 33439] [0.0] [cxt 0] Skipping checksum 'cksum' update because condition not met
[16:42:29.313] [bmv2] [D] [thread 33439] [0.0] [cxt 0] Deparsing header 'ethernet'
[16:42:29.313] [bmv2] [D] [thread 33439] [0.0] [cxt 0] Deparser 'deparser': end
[16:42:29.313] [bmv2] [D] [thread 33439] [1.0] [cxt 0] Pipeline 'egress': start
[16:42:29.313] [bmv2] [D] [thread 33439] [1.0] [cxt 0] Pipeline 'egress': end
[16:42:29.313] [bmv2] [D] [thread 33439] [1.0] [cxt 0] Deparser 'deparser': start
[16:42:29.313] [bmv2] [T] [thread 33439] [1.0] [cxt 0] Skipping checksum 'cksum' update because condition not met
[16:42:29.313] [bmv2] [D] [thread 33439] [1.0] [cxt 0] Deparsing header 'ethernet'
[16:42:29.313] [bmv2] [D] [thread 33439] [1.0] [cxt 0] Deparser 'deparser': end
[16:42:29.313] [bmv2] [D] [thread 33439] [2.0] [cxt 0] Pipeline 'egress': start
[16:42:29.313] [bmv2] [D] [thread 33439] [2.0] [cxt 0] Pipeline 'egress': end
[16:42:29.313] [bmv2] [D] [thread 33439] [2.0] [cxt 0] Deparser 'deparser': start
[16:42:29.313] [bmv2] [T] [thread 33439] [2.0] [cxt 0] Skipping checksum 'cksum' update because condition not met
[16:42:29.313] [bmv2] [D] [thread 33439] [2.0] [cxt 0] Deparsing header 'ethernet'
[16:42:29.313] [bmv2] [D] [thread 33439] [2.0] [cxt 0] Deparser 'deparser': end
[16:42:29.313] [bmv2] [D] [thread 33427] Set default entry for table 'MyIngress.ipv4_lpm': MyIngress.drop - 
[16:42:29.313] [bmv2] [D] [thread 33439] [3.0] [cxt 0] Pipeline 'egress': start
[16:42:29.313] [bmv2] [D] [thread 33439] [3.0] [cxt 0] Pipeline 'egress': end
[16:42:29.313] [bmv2] [D] [thread 33439] [3.0] [cxt 0] Deparser 'deparser': start
[16:42:29.313] [bmv2] [T] [thread 33439] [3.0] [cxt 0] Skipping checksum 'cksum' update because condition not met
[16:42:29.313] [bmv2] [D] [thread 33439] [3.0] [cxt 0] Deparsing header 'ethernet'
[16:42:29.313] [bmv2] [D] [thread 33439] [3.0] [cxt 0] Deparser 'deparser': end
[16:42:29.313] [bmv2] [D] [thread 33439] [4.0] [cxt 0] Pipeline 'egress': start
[16:42:29.313] [bmv2] [D] [thread 33439] [4.0] [cxt 0] Pipeline 'egress': end
[16:42:29.313] [bmv2] [D] [thread 33439] [4.0] [cxt 0] Deparser 'deparser': start
[16:42:29.313] [bmv2] [T] [thread 33439] [4.0] [cxt 0] Skipping checksum 'cksum' update because condition not met
[16:42:29.313] [bmv2] [D] [thread 33439] [4.0] [cxt 0] Deparsing header 'ethernet'
[16:42:29.313] [bmv2] [D] [thread 33439] [4.0] [cxt 0] Deparser 'deparser': end
[16:42:29.313] [bmv2] [D] [thread 33439] [5.0] [cxt 0] Pipeline 'egress': start
[16:42:29.313] [bmv2] [D] [thread 33439] [5.0] [cxt 0] Pipeline 'egress': end
[16:42:29.313] [bmv2] [D] [thread 33439] [5.0] [cxt 0] Deparser 'deparser': start
[16:42:29.313] [bmv2] [T] [thread 33439] [5.0] [cxt 0] Skipping checksum 'cksum' update because condition not met
[16:42:29.313] [bmv2] [D] [thread 33439] [5.0] [cxt 0] Deparsing header 'ethernet'
[16:42:29.313] [bmv2] [D] [thread 33439] [5.0] [cxt 0] Deparser 'deparser': end
[16:42:29.313] [bmv2] [D] [thread 33439] [6.0] [cxt 0] Pipeline 'egress': start
[16:42:29.313] [bmv2] [D] [thread 33439] [6.0] [cxt 0] Pipeline 'egress': end
[16:42:29.313] [bmv2] [D] [thread 33439] [6.0] [cxt 0] Deparser 'deparser': start
[16:42:29.313] [bmv2] [T] [thread 33439] [6.0] [cxt 0] Skipping checksum 'cksum' update because condition not met
[16:42:29.313] [bmv2] [D] [thread 33439] [6.0] [cxt 0] Deparsing header 'ethernet'
[16:42:29.313] [bmv2] [D] [thread 33439] [6.0] [cxt 0] Deparser 'deparser': end
[16:42:29.313] [bmv2] [D] [thread 33439] [7.0] [cxt 0] Pipeline 'egress': start
[16:42:29.314] [bmv2] [D] [thread 33439] [7.0] [cxt 0] Pipeline 'egress': end
[16:42:29.314] [bmv2] [D] [thread 33439] [7.0] [cxt 0] Deparser 'deparser': start
[16:42:29.314] [bmv2] [T] [thread 33439] [7.0] [cxt 0] Skipping checksum 'cksum' update because condition not met
[16:42:29.314] [bmv2] [D] [thread 33439] [7.0] [cxt 0] Deparsing header 'ethernet'
[16:42:29.314] [bmv2] [D] [thread 33439] [7.0] [cxt 0] Deparser 'deparser': end
[16:42:29.314] [bmv2] [D] [thread 33439] [8.0] [cxt 0] Pipeline 'egress': start
[16:42:29.314] [bmv2] [D] [thread 33439] [8.0] [cxt 0] Pipeline 'egress': end
[16:42:29.314] [bmv2] [D] [thread 33439] [8.0] [cxt 0] Deparser 'deparser': start
[16:42:29.314] [bmv2] [T] [thread 33439] [8.0] [cxt 0] Skipping checksum 'cksum' update because condition not met
[16:42:29.314] [bmv2] [D] [thread 33439] [8.0] [cxt 0] Deparsing header 'ethernet'
[16:42:29.314] [bmv2] [D] [thread 33439] [8.0] [cxt 0] Deparser 'deparser': end
[16:42:29.314] [bmv2] [D] [thread 33443] [0.0] [cxt 0] Transmitting packet of size 221 out of port 0
[16:42:29.314] [bmv2] [D] [thread 33443] [1.0] [cxt 0] Transmitting packet of size 90 out of port 0
[16:42:29.314] [bmv2] [D] [thread 33443] [2.0] [cxt 0] Transmitting packet of size 90 out of port 0
[16:42:29.314] [bmv2] [D] [thread 33443] [3.0] [cxt 0] Transmitting packet of size 70 out of port 0
[16:42:29.314] [bmv2] [D] [thread 33443] [4.0] [cxt 0] Transmitting packet of size 209 out of port 0
[16:42:29.314] [bmv2] [D] [thread 33443] [5.0] [cxt 0] Transmitting packet of size 90 out of port 0
[16:42:29.314] [bmv2] [D] [thread 33443] [6.0] [cxt 0] Transmitting packet of size 107 out of port 0
[16:42:29.314] [bmv2] [D] [thread 33443] [7.0] [cxt 0] Transmitting packet of size 107 out of port 0
[16:42:29.314] [bmv2] [D] [thread 33431] Entry 0 added to table 'MyIngress.ipv4_lpm'
[16:42:29.314] [bmv2] [D] [thread 33431] Dumping entry 0
Match key:
* hdr.ipv4.dstAddr    : LPM       0a000100/24
Action entry: MyIngress.ipv4_forward - 10200,2,

[16:42:29.314] [bmv2] [D] [thread 33443] [8.0] [cxt 0] Transmitting packet of size 90 out of port 0
[16:42:29.315] [bmv2] [D] [thread 33427] Entry 1 added to table 'MyIngress.ipv4_lpm'
[16:42:29.315] [bmv2] [D] [thread 33427] Dumping entry 1
Match key:
* hdr.ipv4.dstAddr    : LPM       0a000202/32
Action entry: MyIngress.ipv4_forward - a000202,1,

[16:42:29.313] [bmv2] [D] [thread 33438] [9.0] [cxt 0] Pipeline 'ingress': start
[16:42:29.315] [bmv2] [T] [thread 33438] [9.0] [cxt 0] basico.p4(114) Condition "hdr.ipv4.isValid()" (node_2) is false
[16:42:29.315] [bmv2] [D] [thread 33438] [9.0] [cxt 0] Pipeline 'ingress': end
[16:42:29.315] [bmv2] [D] [thread 33438] [9.0] [cxt 0] Egress port is 0
[16:42:29.316] [bmv2] [D] [thread 33438] [10.0] [cxt 0] Processing packet received on port 2
[16:42:29.316] [bmv2] [D] [thread 33438] [10.0] [cxt 0] Parser 'parser': start
[16:42:29.316] [bmv2] [D] [thread 33438] [10.0] [cxt 0] Parser 'parser' entering state 'start'
[16:42:29.316] [bmv2] [D] [thread 33438] [10.0] [cxt 0] Extracting header 'ethernet'
[16:42:29.316] [bmv2] [D] [thread 33438] [10.0] [cxt 0] Parser state 'start': key is 86dd
[16:42:29.316] [bmv2] [T] [thread 33438] [10.0] [cxt 0] Bytes parsed: 14
[16:42:29.316] [bmv2] [D] [thread 33438] [10.0] [cxt 0] Parser 'parser': end
[16:42:29.316] [bmv2] [D] [thread 33438] [10.0] [cxt 0] Pipeline 'ingress': start
[16:42:29.316] [bmv2] [T] [thread 33438] [10.0] [cxt 0] basico.p4(114) Condition "hdr.ipv4.isValid()" (node_2) is false
[16:42:29.316] [bmv2] [D] [thread 33438] [10.0] [cxt 0] Pipeline 'ingress': end
[16:42:29.316] [bmv2] [D] [thread 33438] [10.0] [cxt 0] Egress port is 0
[16:42:29.316] [bmv2] [D] [thread 33438] [11.0] [cxt 0] Processing packet received on port 2
[16:42:29.316] [bmv2] [D] [thread 33438] [11.0] [cxt 0] Parser 'parser': start
[16:42:29.316] [bmv2] [D] [thread 33438] [11.0] [cxt 0] Parser 'parser' entering state 'start'
[16:42:29.316] [bmv2] [D] [thread 33438] [11.0] [cxt 0] Extracting header 'ethernet'
[16:42:29.316] [bmv2] [D] [thread 33438] [11.0] [cxt 0] Parser state 'start': key is 86dd
[16:42:29.316] [bmv2] [T] [thread 33438] [11.0] [cxt 0] Bytes parsed: 14
[16:42:29.316] [bmv2] [D] [thread 33438] [11.0] [cxt 0] Parser 'parser': end
[16:42:29.316] [bmv2] [D] [thread 33438] [11.0] [cxt 0] Pipeline 'ingress': start
[16:42:29.316] [bmv2] [T] [thread 33438] [11.0] [cxt 0] basico.p4(114) Condition "hdr.ipv4.isValid()" (node_2) is false
[16:42:29.316] [bmv2] [D] [thread 33438] [11.0] [cxt 0] Pipeline 'ingress': end
[16:42:29.316] [bmv2] [D] [thread 33438] [11.0] [cxt 0] Egress port is 0
[16:42:29.316] [bmv2] [D] [thread 33438] [12.0] [cxt 0] Processing packet received on port 2
[16:42:29.316] [bmv2] [D] [thread 33438] [12.0] [cxt 0] Parser 'parser': start
[16:42:29.316] [bmv2] [D] [thread 33438] [12.0] [cxt 0] Parser 'parser' entering state 'start'
[16:42:29.316] [bmv2] [D] [thread 33438] [12.0] [cxt 0] Extracting header 'ethernet'
[16:42:29.316] [bmv2] [D] [thread 33438] [12.0] [cxt 0] Parser state 'start': key is 86dd
[16:42:29.316] [bmv2] [T] [thread 33438] [12.0] [cxt 0] Bytes parsed: 14
[16:42:29.316] [bmv2] [D] [thread 33438] [12.0] [cxt 0] Parser 'parser': end
[16:42:29.316] [bmv2] [D] [thread 33438] [12.0] [cxt 0] Pipeline 'ingress': start
[16:42:29.316] [bmv2] [T] [thread 33438] [12.0] [cxt 0] basico.p4(114) Condition "hdr.ipv4.isValid()" (node_2) is false
[16:42:29.316] [bmv2] [D] [thread 33438] [12.0] [cxt 0] Pipeline 'ingress': end
[16:42:29.316] [bmv2] [D] [thread 33438] [12.0] [cxt 0] Egress port is 0
[16:42:29.316] [bmv2] [D] [thread 33438] [13.0] [cxt 0] Processing packet received on port 2
[16:42:29.316] [bmv2] [D] [thread 33438] [13.0] [cxt 0] Parser 'parser': start
[16:42:29.316] [bmv2] [D] [thread 33438] [13.0] [cxt 0] Parser 'parser' entering state 'start'
[16:42:29.316] [bmv2] [D] [thread 33438] [13.0] [cxt 0] Extracting header 'ethernet'
[16:42:29.316] [bmv2] [D] [thread 33438] [13.0] [cxt 0] Parser state 'start': key is 86dd
[16:42:29.316] [bmv2] [T] [thread 33438] [13.0] [cxt 0] Bytes parsed: 14
[16:42:29.316] [bmv2] [D] [thread 33438] [13.0] [cxt 0] Parser 'parser': end
[16:42:29.316] [bmv2] [D] [thread 33438] [13.0] [cxt 0] Pipeline 'ingress': start
[16:42:29.316] [bmv2] [T] [thread 33438] [13.0] [cxt 0] basico.p4(114) Condition "hdr.ipv4.isValid()" (node_2) is false
[16:42:29.316] [bmv2] [D] [thread 33438] [13.0] [cxt 0] Pipeline 'ingress': end
[16:42:29.316] [bmv2] [D] [thread 33438] [13.0] [cxt 0] Egress port is 0
[16:42:29.316] [bmv2] [D] [thread 33438] [14.0] [cxt 0] Processing packet received on port 2
[16:42:29.316] [bmv2] [D] [thread 33439] [9.0] [cxt 0] Pipeline 'egress': start
[16:42:29.316] [bmv2] [D] [thread 33439] [9.0] [cxt 0] Pipeline 'egress': end
[16:42:29.316] [bmv2] [D] [thread 33439] [9.0] [cxt 0] Deparser 'deparser': start
[16:42:29.316] [bmv2] [T] [thread 33439] [9.0] [cxt 0] Skipping checksum 'cksum' update because condition not met
[16:42:29.316] [bmv2] [D] [thread 33439] [9.0] [cxt 0] Deparsing header 'ethernet'
[16:42:29.316] [bmv2] [D] [thread 33439] [9.0] [cxt 0] Deparser 'deparser': end
[16:42:29.316] [bmv2] [D] [thread 33443] [9.0] [cxt 0] Transmitting packet of size 70 out of port 0
[16:42:29.316] [bmv2] [D] [thread 33438] [14.0] [cxt 0] Parser 'parser': start
[16:42:29.316] [bmv2] [D] [thread 33438] [14.0] [cxt 0] Parser 'parser' entering state 'start'
[16:42:29.316] [bmv2] [D] [thread 33438] [14.0] [cxt 0] Extracting header 'ethernet'
[16:42:29.316] [bmv2] [D] [thread 33438] [14.0] [cxt 0] Parser state 'start': key is 86dd
[16:42:29.316] [bmv2] [T] [thread 33438] [14.0] [cxt 0] Bytes parsed: 14
[16:42:29.316] [bmv2] [D] [thread 33438] [14.0] [cxt 0] Parser 'parser': end
[16:42:29.316] [bmv2] [D] [thread 33438] [14.0] [cxt 0] Pipeline 'ingress': start
[16:42:29.316] [bmv2] [T] [thread 33438] [14.0] [cxt 0] basico.p4(114) Condition "hdr.ipv4.isValid()" (node_2) is false
[16:42:29.316] [bmv2] [D] [thread 33438] [14.0] [cxt 0] Pipeline 'ingress': end
[16:42:29.316] [bmv2] [D] [thread 33438] [14.0] [cxt 0] Egress port is 0
[16:42:29.316] [bmv2] [D] [thread 33438] [15.0] [cxt 0] Processing packet received on port 2
[16:42:29.316] [bmv2] [D] [thread 33438] [15.0] [cxt 0] Parser 'parser': start
[16:42:29.316] [bmv2] [D] [thread 33438] [15.0] [cxt 0] Parser 'parser' entering state 'start'
[16:42:29.316] [bmv2] [D] [thread 33438] [15.0] [cxt 0] Extracting header 'ethernet'
[16:42:29.316] [bmv2] [D] [thread 33438] [15.0] [cxt 0] Parser state 'start': key is 86dd
[16:42:29.316] [bmv2] [T] [thread 33438] [15.0] [cxt 0] Bytes parsed: 14
[16:42:29.316] [bmv2] [D] [thread 33438] [15.0] [cxt 0] Parser 'parser': end
[16:42:29.316] [bmv2] [D] [thread 33438] [15.0] [cxt 0] Pipeline 'ingress': start
[16:42:29.316] [bmv2] [T] [thread 33438] [15.0] [cxt 0] basico.p4(114) Condition "hdr.ipv4.isValid()" (node_2) is false
[16:42:29.316] [bmv2] [D] [thread 33438] [15.0] [cxt 0] Pipeline 'ingress': end
[16:42:29.316] [bmv2] [D] [thread 33438] [15.0] [cxt 0] Egress port is 0
[16:42:29.316] [bmv2] [D] [thread 33438] [16.0] [cxt 0] Processing packet received on port 2
[16:42:29.316] [bmv2] [D] [thread 33438] [16.0] [cxt 0] Parser 'parser': start
[16:42:29.316] [bmv2] [D] [thread 33438] [16.0] [cxt 0] Parser 'parser' entering state 'start'
[16:42:29.316] [bmv2] [D] [thread 33438] [16.0] [cxt 0] Extracting header 'ethernet'
[16:42:29.316] [bmv2] [D] [thread 33439] [10.0] [cxt 0] Pipeline 'egress': start
[16:42:29.316] [bmv2] [D] [thread 33439] [10.0] [cxt 0] Pipeline 'egress': end
[16:42:29.316] [bmv2] [D] [thread 33439] [10.0] [cxt 0] Deparser 'deparser': start
[16:42:29.316] [bmv2] [T] [thread 33439] [10.0] [cxt 0] Skipping checksum 'cksum' update because condition not met
[16:42:29.316] [bmv2] [D] [thread 33439] [10.0] [cxt 0] Deparsing header 'ethernet'
[16:42:29.316] [bmv2] [D] [thread 33439] [10.0] [cxt 0] Deparser 'deparser': end
[16:42:29.316] [bmv2] [D] [thread 33439] [11.0] [cxt 0] Pipeline 'egress': start
[16:42:29.316] [bmv2] [D] [thread 33439] [11.0] [cxt 0] Pipeline 'egress': end
[16:42:29.317] [bmv2] [D] [thread 33439] [11.0] [cxt 0] Deparser 'deparser': start
[16:42:29.317] [bmv2] [T] [thread 33439] [11.0] [cxt 0] Skipping checksum 'cksum' update because condition not met
[16:42:29.317] [bmv2] [D] [thread 33439] [11.0] [cxt 0] Deparsing header 'ethernet'
[16:42:29.317] [bmv2] [D] [thread 33439] [11.0] [cxt 0] Deparser 'deparser': end
[16:42:29.317] [bmv2] [D] [thread 33439] [12.0] [cxt 0] Pipeline 'egress': start
[16:42:29.317] [bmv2] [D] [thread 33439] [12.0] [cxt 0] Pipeline 'egress': end
[16:42:29.317] [bmv2] [D] [thread 33439] [12.0] [cxt 0] Deparser 'deparser': start
[16:42:29.317] [bmv2] [T] [thread 33439] [12.0] [cxt 0] Skipping checksum 'cksum' update because condition not met
[16:42:29.317] [bmv2] [D] [thread 33439] [12.0] [cxt 0] Deparsing header 'ethernet'
[16:42:29.317] [bmv2] [D] [thread 33439] [12.0] [cxt 0] Deparser 'deparser': end
[16:42:29.317] [bmv2] [D] [thread 33439] [13.0] [cxt 0] Pipeline 'egress': start
[16:42:29.317] [bmv2] [D] [thread 33439] [13.0] [cxt 0] Pipeline 'egress': end
[16:42:29.317] [bmv2] [D] [thread 33439] [13.0] [cxt 0] Deparser 'deparser': start
[16:42:29.317] [bmv2] [T] [thread 33439] [13.0] [cxt 0] Skipping checksum 'cksum' update because condition not met
[16:42:29.317] [bmv2] [D] [thread 33439] [13.0] [cxt 0] Deparsing header 'ethernet'
[16:42:29.317] [bmv2] [D] [thread 33439] [13.0] [cxt 0] Deparser 'deparser': end
[16:42:29.317] [bmv2] [D] [thread 33439] [14.0] [cxt 0] Pipeline 'egress': start
[16:42:29.317] [bmv2] [D] [thread 33439] [14.0] [cxt 0] Pipeline 'egress': end
[16:42:29.317] [bmv2] [D] [thread 33439] [14.0] [cxt 0] Deparser 'deparser': start
[16:42:29.317] [bmv2] [T] [thread 33439] [14.0] [cxt 0] Skipping checksum 'cksum' update because condition not met
[16:42:29.317] [bmv2] [D] [thread 33439] [14.0] [cxt 0] Deparsing header 'ethernet'
[16:42:29.317] [bmv2] [D] [thread 33439] [14.0] [cxt 0] Deparser 'deparser': end
[16:42:29.317] [bmv2] [D] [thread 33439] [15.0] [cxt 0] Pipeline 'egress': start
[16:42:29.317] [bmv2] [D] [thread 33439] [15.0] [cxt 0] Pipeline 'egress': end
[16:42:29.317] [bmv2] [D] [thread 33439] [15.0] [cxt 0] Deparser 'deparser': start
[16:42:29.317] [bmv2] [T] [thread 33439] [15.0] [cxt 0] Skipping checksum 'cksum' update because condition not met
[16:42:29.317] [bmv2] [D] [thread 33439] [15.0] [cxt 0] Deparsing header 'ethernet'
[16:42:29.317] [bmv2] [D] [thread 33439] [15.0] [cxt 0] Deparser 'deparser': end
[16:42:29.317] [bmv2] [D] [thread 33443] [10.0] [cxt 0] Transmitting packet of size 90 out of port 0
[16:42:29.317] [bmv2] [D] [thread 33443] [11.0] [cxt 0] Transmitting packet of size 107 out of port 0
[16:42:29.317] [bmv2] [D] [thread 33443] [12.0] [cxt 0] Transmitting packet of size 90 out of port 0
[16:42:29.317] [bmv2] [D] [thread 33443] [13.0] [cxt 0] Transmitting packet of size 221 out of port 0
[16:42:29.317] [bmv2] [D] [thread 33443] [14.0] [cxt 0] Transmitting packet of size 221 out of port 0
[16:42:29.317] [bmv2] [D] [thread 33443] [15.0] [cxt 0] Transmitting packet of size 221 out of port 0
[16:42:29.316] [bmv2] [D] [thread 33438] [16.0] [cxt 0] Parser state 'start': key is 86dd
[16:42:29.317] [bmv2] [T] [thread 33438] [16.0] [cxt 0] Bytes parsed: 14
[16:42:29.317] [bmv2] [D] [thread 33438] [16.0] [cxt 0] Parser 'parser': end
[16:42:29.317] [bmv2] [D] [thread 33438] [16.0] [cxt 0] Pipeline 'ingress': start
[16:42:29.317] [bmv2] [T] [thread 33438] [16.0] [cxt 0] basico.p4(114) Condition "hdr.ipv4.isValid()" (node_2) is false
[16:42:29.317] [bmv2] [D] [thread 33438] [16.0] [cxt 0] Pipeline 'ingress': end
[16:42:29.317] [bmv2] [D] [thread 33438] [16.0] [cxt 0] Egress port is 0
[16:42:29.317] [bmv2] [D] [thread 33438] [17.0] [cxt 0] Processing packet received on port 2
[16:42:29.317] [bmv2] [D] [thread 33438] [17.0] [cxt 0] Parser 'parser': start
[16:42:29.317] [bmv2] [D] [thread 33438] [17.0] [cxt 0] Parser 'parser' entering state 'start'
[16:42:29.317] [bmv2] [D] [thread 33438] [17.0] [cxt 0] Extracting header 'ethernet'
[16:42:29.317] [bmv2] [D] [thread 33438] [17.0] [cxt 0] Parser state 'start': key is 86dd
[16:42:29.317] [bmv2] [T] [thread 33438] [17.0] [cxt 0] Bytes parsed: 14
[16:42:29.317] [bmv2] [D] [thread 33438] [17.0] [cxt 0] Parser 'parser': end
[16:42:29.317] [bmv2] [D] [thread 33438] [17.0] [cxt 0] Pipeline 'ingress': start
[16:42:29.317] [bmv2] [T] [thread 33438] [17.0] [cxt 0] basico.p4(114) Condition "hdr.ipv4.isValid()" (node_2) is false
[16:42:29.317] [bmv2] [D] [thread 33438] [17.0] [cxt 0] Pipeline 'ingress': end
[16:42:29.317] [bmv2] [D] [thread 33438] [17.0] [cxt 0] Egress port is 0
[16:42:29.317] [bmv2] [D] [thread 33438] [18.0] [cxt 0] Processing packet received on port 2
[16:42:29.317] [bmv2] [D] [thread 33438] [18.0] [cxt 0] Parser 'parser': start
[16:42:29.317] [bmv2] [D] [thread 33438] [18.0] [cxt 0] Parser 'parser' entering state 'start'
[16:42:29.317] [bmv2] [D] [thread 33438] [18.0] [cxt 0] Extracting header 'ethernet'
[16:42:29.317] [bmv2] [D] [thread 33438] [18.0] [cxt 0] Parser state 'start': key is 86dd
[16:42:29.317] [bmv2] [T] [thread 33438] [18.0] [cxt 0] Bytes parsed: 14
[16:42:29.317] [bmv2] [D] [thread 33438] [18.0] [cxt 0] Parser 'parser': end
[16:42:29.317] [bmv2] [D] [thread 33438] [18.0] [cxt 0] Pipeline 'ingress': start
[16:42:29.317] [bmv2] [T] [thread 33438] [18.0] [cxt 0] basico.p4(114) Condition "hdr.ipv4.isValid()" (node_2) is false
[16:42:29.317] [bmv2] [D] [thread 33438] [18.0] [cxt 0] Pipeline 'ingress': end
[16:42:29.317] [bmv2] [D] [thread 33438] [18.0] [cxt 0] Egress port is 0
[16:42:29.318] [bmv2] [D] [thread 33431] Entry 2 added to table 'MyIngress.ipv4_lpm'
[16:42:29.319] [bmv2] [D] [thread 33431] Dumping entry 2
Match key:
* hdr.ipv4.dstAddr    : LPM       0a000300/24
Action entry: MyIngress.ipv4_forward - 10200,2,

[16:42:29.319] [bmv2] [D] [thread 33439] [16.0] [cxt 0] Pipeline 'egress': start
[16:42:29.319] [bmv2] [D] [thread 33439] [16.0] [cxt 0] Pipeline 'egress': end
[16:42:29.319] [bmv2] [D] [thread 33439] [16.0] [cxt 0] Deparser 'deparser': start
[16:42:29.319] [bmv2] [T] [thread 33439] [16.0] [cxt 0] Skipping checksum 'cksum' update because condition not met
[16:42:29.319] [bmv2] [D] [thread 33439] [16.0] [cxt 0] Deparsing header 'ethernet'
[16:42:29.319] [bmv2] [D] [thread 33439] [16.0] [cxt 0] Deparser 'deparser': end
[16:42:29.319] [bmv2] [D] [thread 33439] [17.0] [cxt 0] Pipeline 'egress': start
[16:42:29.319] [bmv2] [D] [thread 33439] [17.0] [cxt 0] Pipeline 'egress': end
[16:42:29.319] [bmv2] [D] [thread 33439] [17.0] [cxt 0] Deparser 'deparser': start
[16:42:29.319] [bmv2] [T] [thread 33439] [17.0] [cxt 0] Skipping checksum 'cksum' update because condition not met
[16:42:29.319] [bmv2] [D] [thread 33439] [17.0] [cxt 0] Deparsing header 'ethernet'
[16:42:29.319] [bmv2] [D] [thread 33439] [17.0] [cxt 0] Deparser 'deparser': end
[16:42:29.319] [bmv2] [D] [thread 33439] [18.0] [cxt 0] Pipeline 'egress': start
[16:42:29.319] [bmv2] [D] [thread 33439] [18.0] [cxt 0] Pipeline 'egress': end
[16:42:29.319] [bmv2] [D] [thread 33439] [18.0] [cxt 0] Deparser 'deparser': start
[16:42:29.319] [bmv2] [T] [thread 33439] [18.0] [cxt 0] Skipping checksum 'cksum' update because condition not met
[16:42:29.319] [bmv2] [D] [thread 33439] [18.0] [cxt 0] Deparsing header 'ethernet'
[16:42:29.319] [bmv2] [D] [thread 33439] [18.0] [cxt 0] Deparser 'deparser': end
[16:42:29.319] [bmv2] [D] [thread 33443] [16.0] [cxt 0] Transmitting packet of size 221 out of port 0
[16:42:29.319] [bmv2] [D] [thread 33443] [17.0] [cxt 0] Transmitting packet of size 221 out of port 0
[16:42:29.319] [bmv2] [D] [thread 33443] [18.0] [cxt 0] Transmitting packet of size 90 out of port 0
[16:43:04.676] [bmv2] [D] [thread 33438] [19.0] [cxt 0] Processing packet received on port 2
[16:43:04.676] [bmv2] [D] [thread 33438] [19.0] [cxt 0] Parser 'parser': start
[16:43:04.676] [bmv2] [D] [thread 33438] [19.0] [cxt 0] Parser 'parser' entering state 'start'
[16:43:04.676] [bmv2] [D] [thread 33438] [19.0] [cxt 0] Extracting header 'ethernet'
[16:43:04.676] [bmv2] [D] [thread 33438] [19.0] [cxt 0] Parser state 'start': key is 0800
[16:43:04.676] [bmv2] [T] [thread 33438] [19.0] [cxt 0] Bytes parsed: 14
[16:43:04.676] [bmv2] [D] [thread 33438] [19.0] [cxt 0] Parser 'parser' entering state 'parse_ipv4'
[16:43:04.676] [bmv2] [D] [thread 33438] [19.0] [cxt 0] Extracting header 'ipv4'
[16:43:04.676] [bmv2] [D] [thread 33438] [19.0] [cxt 0] Parser state 'parse_ipv4' has no switch, going to default next state
[16:43:04.676] [bmv2] [T] [thread 33438] [19.0] [cxt 0] Bytes parsed: 34
[16:43:04.676] [bmv2] [D] [thread 33438] [19.0] [cxt 0] Parser 'parser': end
[16:43:04.676] [bmv2] [D] [thread 33438] [19.0] [cxt 0] Pipeline 'ingress': start
[16:43:04.676] [bmv2] [T] [thread 33438] [19.0] [cxt 0] basico.p4(114) Condition "hdr.ipv4.isValid()" (node_2) is true
[16:43:04.676] [bmv2] [T] [thread 33438] [19.0] [cxt 0] Applying table 'MyIngress.ipv4_lpm'
[16:43:04.676] [bmv2] [D] [thread 33438] [19.0] [cxt 0] Looking up key:
* hdr.ipv4.dstAddr    : 0a000202

[16:43:04.676] [bmv2] [D] [thread 33438] [19.0] [cxt 0] Table 'MyIngress.ipv4_lpm': hit with handle 1
[16:43:04.676] [bmv2] [D] [thread 33438] [19.0] [cxt 0] Dumping entry 1
Match key:
* hdr.ipv4.dstAddr    : LPM       0a000202/32
Action entry: MyIngress.ipv4_forward - a000202,1,

[16:43:04.676] [bmv2] [D] [thread 33438] [19.0] [cxt 0] Action entry is MyIngress.ipv4_forward - a000202,1,
[16:43:04.676] [bmv2] [T] [thread 33438] [19.0] [cxt 0] Action MyIngress.ipv4_forward
[16:43:04.676] [bmv2] [T] [thread 33438] [19.0] [cxt 0] basico.p4(94) Primitive standard_metadata.egress_spec = port
[16:43:04.676] [bmv2] [T] [thread 33438] [19.0] [cxt 0] basico.p4(95) Primitive hdr.ethernet.srcAddr = hdr.ethernet.dstAddr
[16:43:04.676] [bmv2] [T] [thread 33438] [19.0] [cxt 0] basico.p4(96) Primitive hdr.ethernet.dstAddr = dstAddr
[16:43:04.676] [bmv2] [T] [thread 33438] [19.0] [cxt 0] basico.p4(97) Primitive hdr.ipv4.ttl = hdr.ipv4.ttl - 1
[16:43:04.676] [bmv2] [D] [thread 33438] [19.0] [cxt 0] Pipeline 'ingress': end
[16:43:04.676] [bmv2] [D] [thread 33438] [19.0] [cxt 0] Egress port is 1
[16:43:04.676] [bmv2] [D] [thread 33440] [19.0] [cxt 0] Pipeline 'egress': start
[16:43:04.676] [bmv2] [D] [thread 33440] [19.0] [cxt 0] Pipeline 'egress': end
[16:43:04.676] [bmv2] [D] [thread 33440] [19.0] [cxt 0] Deparser 'deparser': start
[16:43:04.676] [bmv2] [D] [thread 33440] [19.0] [cxt 0] Updating checksum 'cksum'
[16:43:04.676] [bmv2] [D] [thread 33440] [19.0] [cxt 0] Deparsing header 'ethernet'
[16:43:04.676] [bmv2] [D] [thread 33440] [19.0] [cxt 0] Deparsing header 'ipv4'
[16:43:04.676] [bmv2] [D] [thread 33440] [19.0] [cxt 0] Deparser 'deparser': end
[16:43:04.677] [bmv2] [D] [thread 33443] [19.0] [cxt 0] Transmitting packet of size 98 out of port 1
[16:43:04.678] [bmv2] [D] [thread 33438] [20.0] [cxt 0] Processing packet received on port 1
[16:43:04.678] [bmv2] [D] [thread 33438] [20.0] [cxt 0] Parser 'parser': start
[16:43:04.678] [bmv2] [D] [thread 33438] [20.0] [cxt 0] Parser 'parser' entering state 'start'
[16:43:04.678] [bmv2] [D] [thread 33438] [20.0] [cxt 0] Extracting header 'ethernet'
[16:43:04.678] [bmv2] [D] [thread 33438] [20.0] [cxt 0] Parser state 'start': key is 0800
[16:43:04.678] [bmv2] [T] [thread 33438] [20.0] [cxt 0] Bytes parsed: 14
[16:43:04.678] [bmv2] [D] [thread 33438] [20.0] [cxt 0] Parser 'parser' entering state 'parse_ipv4'
[16:43:04.678] [bmv2] [D] [thread 33438] [20.0] [cxt 0] Extracting header 'ipv4'
[16:43:04.678] [bmv2] [D] [thread 33438] [20.0] [cxt 0] Parser state 'parse_ipv4' has no switch, going to default next state
[16:43:04.678] [bmv2] [T] [thread 33438] [20.0] [cxt 0] Bytes parsed: 34
[16:43:04.678] [bmv2] [D] [thread 33438] [20.0] [cxt 0] Parser 'parser': end
[16:43:04.678] [bmv2] [D] [thread 33438] [20.0] [cxt 0] Pipeline 'ingress': start
[16:43:04.678] [bmv2] [T] [thread 33438] [20.0] [cxt 0] basico.p4(114) Condition "hdr.ipv4.isValid()" (node_2) is true
[16:43:04.678] [bmv2] [T] [thread 33438] [20.0] [cxt 0] Applying table 'MyIngress.ipv4_lpm'
[16:43:04.678] [bmv2] [D] [thread 33438] [20.0] [cxt 0] Looking up key:
* hdr.ipv4.dstAddr    : 0a000101

[16:43:04.678] [bmv2] [D] [thread 33438] [20.0] [cxt 0] Table 'MyIngress.ipv4_lpm': hit with handle 0
[16:43:04.678] [bmv2] [D] [thread 33438] [20.0] [cxt 0] Dumping entry 0
Match key:
* hdr.ipv4.dstAddr    : LPM       0a000100/24
Action entry: MyIngress.ipv4_forward - 10200,2,

[16:43:04.678] [bmv2] [D] [thread 33438] [20.0] [cxt 0] Action entry is MyIngress.ipv4_forward - 10200,2,
[16:43:04.678] [bmv2] [T] [thread 33438] [20.0] [cxt 0] Action MyIngress.ipv4_forward
[16:43:04.678] [bmv2] [T] [thread 33438] [20.0] [cxt 0] basico.p4(94) Primitive standard_metadata.egress_spec = port
[16:43:04.678] [bmv2] [T] [thread 33438] [20.0] [cxt 0] basico.p4(95) Primitive hdr.ethernet.srcAddr = hdr.ethernet.dstAddr
[16:43:04.678] [bmv2] [T] [thread 33438] [20.0] [cxt 0] basico.p4(96) Primitive hdr.ethernet.dstAddr = dstAddr
[16:43:04.678] [bmv2] [T] [thread 33438] [20.0] [cxt 0] basico.p4(97) Primitive hdr.ipv4.ttl = hdr.ipv4.ttl - 1
[16:43:04.678] [bmv2] [D] [thread 33438] [20.0] [cxt 0] Pipeline 'ingress': end
[16:43:04.678] [bmv2] [D] [thread 33438] [20.0] [cxt 0] Egress port is 2
[16:43:04.678] [bmv2] [D] [thread 33441] [20.0] [cxt 0] Pipeline 'egress': start
[16:43:04.678] [bmv2] [D] [thread 33441] [20.0] [cxt 0] Pipeline 'egress': end
[16:43:04.678] [bmv2] [D] [thread 33441] [20.0] [cxt 0] Deparser 'deparser': start
[16:43:04.678] [bmv2] [D] [thread 33441] [20.0] [cxt 0] Updating checksum 'cksum'
[16:43:04.678] [bmv2] [D] [thread 33441] [20.0] [cxt 0] Deparsing header 'ethernet'
[16:43:04.678] [bmv2] [D] [thread 33441] [20.0] [cxt 0] Deparsing header 'ipv4'
[16:43:04.678] [bmv2] [D] [thread 33441] [20.0] [cxt 0] Deparser 'deparser': end
[16:43:04.678] [bmv2] [D] [thread 33443] [20.0] [cxt 0] Transmitting packet of size 98 out of port 2
[16:43:04.722] [bmv2] [D] [thread 33438] [21.0] [cxt 0] Processing packet received on port 1
[16:43:04.722] [bmv2] [D] [thread 33438] [21.0] [cxt 0] Parser 'parser': start
[16:43:04.722] [bmv2] [D] [thread 33438] [21.0] [cxt 0] Parser 'parser' entering state 'start'
[16:43:04.722] [bmv2] [D] [thread 33438] [21.0] [cxt 0] Extracting header 'ethernet'
[16:43:04.722] [bmv2] [D] [thread 33438] [21.0] [cxt 0] Parser state 'start': key is 0800
[16:43:04.722] [bmv2] [T] [thread 33438] [21.0] [cxt 0] Bytes parsed: 14
[16:43:04.722] [bmv2] [D] [thread 33438] [21.0] [cxt 0] Parser 'parser' entering state 'parse_ipv4'
[16:43:04.722] [bmv2] [D] [thread 33438] [21.0] [cxt 0] Extracting header 'ipv4'
[16:43:04.722] [bmv2] [D] [thread 33438] [21.0] [cxt 0] Parser state 'parse_ipv4' has no switch, going to default next state
[16:43:04.722] [bmv2] [T] [thread 33438] [21.0] [cxt 0] Bytes parsed: 34
[16:43:04.722] [bmv2] [D] [thread 33438] [21.0] [cxt 0] Parser 'parser': end
[16:43:04.722] [bmv2] [D] [thread 33438] [21.0] [cxt 0] Pipeline 'ingress': start
[16:43:04.722] [bmv2] [T] [thread 33438] [21.0] [cxt 0] basico.p4(114) Condition "hdr.ipv4.isValid()" (node_2) is true
[16:43:04.722] [bmv2] [T] [thread 33438] [21.0] [cxt 0] Applying table 'MyIngress.ipv4_lpm'
[16:43:04.722] [bmv2] [D] [thread 33438] [21.0] [cxt 0] Looking up key:
* hdr.ipv4.dstAddr    : 0a000101

[16:43:04.722] [bmv2] [D] [thread 33438] [21.0] [cxt 0] Table 'MyIngress.ipv4_lpm': hit with handle 0
[16:43:04.722] [bmv2] [D] [thread 33438] [21.0] [cxt 0] Dumping entry 0
Match key:
* hdr.ipv4.dstAddr    : LPM       0a000100/24
Action entry: MyIngress.ipv4_forward - 10200,2,

[16:43:04.722] [bmv2] [D] [thread 33438] [21.0] [cxt 0] Action entry is MyIngress.ipv4_forward - 10200,2,
[16:43:04.722] [bmv2] [T] [thread 33438] [21.0] [cxt 0] Action MyIngress.ipv4_forward
[16:43:04.722] [bmv2] [T] [thread 33438] [21.0] [cxt 0] basico.p4(94) Primitive standard_metadata.egress_spec = port
[16:43:04.722] [bmv2] [T] [thread 33438] [21.0] [cxt 0] basico.p4(95) Primitive hdr.ethernet.srcAddr = hdr.ethernet.dstAddr
[16:43:04.722] [bmv2] [T] [thread 33438] [21.0] [cxt 0] basico.p4(96) Primitive hdr.ethernet.dstAddr = dstAddr
[16:43:04.722] [bmv2] [T] [thread 33438] [21.0] [cxt 0] basico.p4(97) Primitive hdr.ipv4.ttl = hdr.ipv4.ttl - 1
[16:43:04.722] [bmv2] [D] [thread 33438] [21.0] [cxt 0] Pipeline 'ingress': end
[16:43:04.722] [bmv2] [D] [thread 33438] [21.0] [cxt 0] Egress port is 2
[16:43:04.722] [bmv2] [D] [thread 33441] [21.0] [cxt 0] Pipeline 'egress': start
[16:43:04.722] [bmv2] [D] [thread 33441] [21.0] [cxt 0] Pipeline 'egress': end
[16:43:04.722] [bmv2] [D] [thread 33441] [21.0] [cxt 0] Deparser 'deparser': start
[16:43:04.723] [bmv2] [D] [thread 33441] [21.0] [cxt 0] Updating checksum 'cksum'
[16:43:04.723] [bmv2] [D] [thread 33441] [21.0] [cxt 0] Deparsing header 'ethernet'
[16:43:04.723] [bmv2] [D] [thread 33441] [21.0] [cxt 0] Deparsing header 'ipv4'
[16:43:04.723] [bmv2] [D] [thread 33441] [21.0] [cxt 0] Deparser 'deparser': end
[16:43:04.723] [bmv2] [D] [thread 33443] [21.0] [cxt 0] Transmitting packet of size 98 out of port 2
[16:43:04.724] [bmv2] [D] [thread 33438] [22.0] [cxt 0] Processing packet received on port 2
[16:43:04.724] [bmv2] [D] [thread 33438] [22.0] [cxt 0] Parser 'parser': start
[16:43:04.724] [bmv2] [D] [thread 33438] [22.0] [cxt 0] Parser 'parser' entering state 'start'
[16:43:04.724] [bmv2] [D] [thread 33438] [22.0] [cxt 0] Extracting header 'ethernet'
[16:43:04.724] [bmv2] [D] [thread 33438] [22.0] [cxt 0] Parser state 'start': key is 0800
[16:43:04.724] [bmv2] [T] [thread 33438] [22.0] [cxt 0] Bytes parsed: 14
[16:43:04.724] [bmv2] [D] [thread 33438] [22.0] [cxt 0] Parser 'parser' entering state 'parse_ipv4'
[16:43:04.724] [bmv2] [D] [thread 33438] [22.0] [cxt 0] Extracting header 'ipv4'
[16:43:04.724] [bmv2] [D] [thread 33438] [22.0] [cxt 0] Parser state 'parse_ipv4' has no switch, going to default next state
[16:43:04.724] [bmv2] [T] [thread 33438] [22.0] [cxt 0] Bytes parsed: 34
[16:43:04.724] [bmv2] [D] [thread 33438] [22.0] [cxt 0] Parser 'parser': end
[16:43:04.724] [bmv2] [D] [thread 33438] [22.0] [cxt 0] Pipeline 'ingress': start
[16:43:04.724] [bmv2] [T] [thread 33438] [22.0] [cxt 0] basico.p4(114) Condition "hdr.ipv4.isValid()" (node_2) is true
[16:43:04.724] [bmv2] [T] [thread 33438] [22.0] [cxt 0] Applying table 'MyIngress.ipv4_lpm'
[16:43:04.724] [bmv2] [D] [thread 33438] [22.0] [cxt 0] Looking up key:
* hdr.ipv4.dstAddr    : 0a000202

[16:43:04.724] [bmv2] [D] [thread 33438] [22.0] [cxt 0] Table 'MyIngress.ipv4_lpm': hit with handle 1
[16:43:04.724] [bmv2] [D] [thread 33438] [22.0] [cxt 0] Dumping entry 1
Match key:
* hdr.ipv4.dstAddr    : LPM       0a000202/32
Action entry: MyIngress.ipv4_forward - a000202,1,

[16:43:04.724] [bmv2] [D] [thread 33438] [22.0] [cxt 0] Action entry is MyIngress.ipv4_forward - a000202,1,
[16:43:04.724] [bmv2] [T] [thread 33438] [22.0] [cxt 0] Action MyIngress.ipv4_forward
[16:43:04.724] [bmv2] [T] [thread 33438] [22.0] [cxt 0] basico.p4(94) Primitive standard_metadata.egress_spec = port
[16:43:04.724] [bmv2] [T] [thread 33438] [22.0] [cxt 0] basico.p4(95) Primitive hdr.ethernet.srcAddr = hdr.ethernet.dstAddr
[16:43:04.724] [bmv2] [T] [thread 33438] [22.0] [cxt 0] basico.p4(96) Primitive hdr.ethernet.dstAddr = dstAddr
[16:43:04.724] [bmv2] [T] [thread 33438] [22.0] [cxt 0] basico.p4(97) Primitive hdr.ipv4.ttl = hdr.ipv4.ttl - 1
[16:43:04.724] [bmv2] [D] [thread 33438] [22.0] [cxt 0] Pipeline 'ingress': end
[16:43:04.724] [bmv2] [D] [thread 33438] [22.0] [cxt 0] Egress port is 1
[16:43:04.724] [bmv2] [D] [thread 33440] [22.0] [cxt 0] Pipeline 'egress': start
[16:43:04.724] [bmv2] [D] [thread 33440] [22.0] [cxt 0] Pipeline 'egress': end
[16:43:04.724] [bmv2] [D] [thread 33440] [22.0] [cxt 0] Deparser 'deparser': start
[16:43:04.724] [bmv2] [D] [thread 33440] [22.0] [cxt 0] Updating checksum 'cksum'
[16:43:04.724] [bmv2] [D] [thread 33440] [22.0] [cxt 0] Deparsing header 'ethernet'
[16:43:04.724] [bmv2] [D] [thread 33440] [22.0] [cxt 0] Deparsing header 'ipv4'
[16:43:04.724] [bmv2] [D] [thread 33440] [22.0] [cxt 0] Deparser 'deparser': end
[16:43:04.724] [bmv2] [D] [thread 33443] [22.0] [cxt 0] Transmitting packet of size 98 out of port 1
[16:43:04.728] [bmv2] [D] [thread 33438] [23.0] [cxt 0] Processing packet received on port 1
[16:43:04.728] [bmv2] [D] [thread 33438] [23.0] [cxt 0] Parser 'parser': start
[16:43:04.728] [bmv2] [D] [thread 33438] [23.0] [cxt 0] Parser 'parser' entering state 'start'
[16:43:04.728] [bmv2] [D] [thread 33438] [23.0] [cxt 0] Extracting header 'ethernet'
[16:43:04.728] [bmv2] [D] [thread 33438] [23.0] [cxt 0] Parser state 'start': key is 0800
[16:43:04.728] [bmv2] [T] [thread 33438] [23.0] [cxt 0] Bytes parsed: 14
[16:43:04.728] [bmv2] [D] [thread 33438] [23.0] [cxt 0] Parser 'parser' entering state 'parse_ipv4'
[16:43:04.728] [bmv2] [D] [thread 33438] [23.0] [cxt 0] Extracting header 'ipv4'
[16:43:04.728] [bmv2] [D] [thread 33438] [23.0] [cxt 0] Parser state 'parse_ipv4' has no switch, going to default next state
[16:43:04.728] [bmv2] [T] [thread 33438] [23.0] [cxt 0] Bytes parsed: 34
[16:43:04.728] [bmv2] [D] [thread 33438] [23.0] [cxt 0] Parser 'parser': end
[16:43:04.728] [bmv2] [D] [thread 33438] [23.0] [cxt 0] Pipeline 'ingress': start
[16:43:04.728] [bmv2] [T] [thread 33438] [23.0] [cxt 0] basico.p4(114) Condition "hdr.ipv4.isValid()" (node_2) is true
[16:43:04.728] [bmv2] [T] [thread 33438] [23.0] [cxt 0] Applying table 'MyIngress.ipv4_lpm'
[16:43:04.728] [bmv2] [D] [thread 33438] [23.0] [cxt 0] Looking up key:
* hdr.ipv4.dstAddr    : 0a000303

[16:43:04.728] [bmv2] [D] [thread 33438] [23.0] [cxt 0] Table 'MyIngress.ipv4_lpm': hit with handle 2
[16:43:04.728] [bmv2] [D] [thread 33438] [23.0] [cxt 0] Dumping entry 2
Match key:
* hdr.ipv4.dstAddr    : LPM       0a000300/24
Action entry: MyIngress.ipv4_forward - 10200,2,

[16:43:04.728] [bmv2] [D] [thread 33438] [23.0] [cxt 0] Action entry is MyIngress.ipv4_forward - 10200,2,
[16:43:04.728] [bmv2] [T] [thread 33438] [23.0] [cxt 0] Action MyIngress.ipv4_forward
[16:43:04.728] [bmv2] [T] [thread 33438] [23.0] [cxt 0] basico.p4(94) Primitive standard_metadata.egress_spec = port
[16:43:04.728] [bmv2] [T] [thread 33438] [23.0] [cxt 0] basico.p4(95) Primitive hdr.ethernet.srcAddr = hdr.ethernet.dstAddr
[16:43:04.728] [bmv2] [T] [thread 33438] [23.0] [cxt 0] basico.p4(96) Primitive hdr.ethernet.dstAddr = dstAddr
[16:43:04.728] [bmv2] [T] [thread 33438] [23.0] [cxt 0] basico.p4(97) Primitive hdr.ipv4.ttl = hdr.ipv4.ttl - 1
[16:43:04.728] [bmv2] [D] [thread 33438] [23.0] [cxt 0] Pipeline 'ingress': end
[16:43:04.728] [bmv2] [D] [thread 33438] [23.0] [cxt 0] Egress port is 2
[16:43:04.728] [bmv2] [D] [thread 33441] [23.0] [cxt 0] Pipeline 'egress': start
[16:43:04.728] [bmv2] [D] [thread 33441] [23.0] [cxt 0] Pipeline 'egress': end
[16:43:04.728] [bmv2] [D] [thread 33441] [23.0] [cxt 0] Deparser 'deparser': start
[16:43:04.728] [bmv2] [D] [thread 33441] [23.0] [cxt 0] Updating checksum 'cksum'
[16:43:04.728] [bmv2] [D] [thread 33441] [23.0] [cxt 0] Deparsing header 'ethernet'
[16:43:04.728] [bmv2] [D] [thread 33441] [23.0] [cxt 0] Deparsing header 'ipv4'
[16:43:04.728] [bmv2] [D] [thread 33441] [23.0] [cxt 0] Deparser 'deparser': end
[16:43:04.728] [bmv2] [D] [thread 33443] [23.0] [cxt 0] Transmitting packet of size 98 out of port 2
[16:43:04.730] [bmv2] [D] [thread 33438] [24.0] [cxt 0] Processing packet received on port 2
[16:43:04.730] [bmv2] [D] [thread 33438] [24.0] [cxt 0] Parser 'parser': start
[16:43:04.730] [bmv2] [D] [thread 33438] [24.0] [cxt 0] Parser 'parser' entering state 'start'
[16:43:04.730] [bmv2] [D] [thread 33438] [24.0] [cxt 0] Extracting header 'ethernet'
[16:43:04.730] [bmv2] [D] [thread 33438] [24.0] [cxt 0] Parser state 'start': key is 0800
[16:43:04.730] [bmv2] [T] [thread 33438] [24.0] [cxt 0] Bytes parsed: 14
[16:43:04.730] [bmv2] [D] [thread 33438] [24.0] [cxt 0] Parser 'parser' entering state 'parse_ipv4'
[16:43:04.730] [bmv2] [D] [thread 33438] [24.0] [cxt 0] Extracting header 'ipv4'
[16:43:04.730] [bmv2] [D] [thread 33438] [24.0] [cxt 0] Parser state 'parse_ipv4' has no switch, going to default next state
[16:43:04.730] [bmv2] [T] [thread 33438] [24.0] [cxt 0] Bytes parsed: 34
[16:43:04.730] [bmv2] [D] [thread 33438] [24.0] [cxt 0] Parser 'parser': end
[16:43:04.730] [bmv2] [D] [thread 33438] [24.0] [cxt 0] Pipeline 'ingress': start
[16:43:04.730] [bmv2] [T] [thread 33438] [24.0] [cxt 0] basico.p4(114) Condition "hdr.ipv4.isValid()" (node_2) is true
[16:43:04.730] [bmv2] [T] [thread 33438] [24.0] [cxt 0] Applying table 'MyIngress.ipv4_lpm'
[16:43:04.730] [bmv2] [D] [thread 33438] [24.0] [cxt 0] Looking up key:
* hdr.ipv4.dstAddr    : 0a000202

[16:43:04.730] [bmv2] [D] [thread 33438] [24.0] [cxt 0] Table 'MyIngress.ipv4_lpm': hit with handle 1
[16:43:04.730] [bmv2] [D] [thread 33438] [24.0] [cxt 0] Dumping entry 1
Match key:
* hdr.ipv4.dstAddr    : LPM       0a000202/32
Action entry: MyIngress.ipv4_forward - a000202,1,

[16:43:04.730] [bmv2] [D] [thread 33438] [24.0] [cxt 0] Action entry is MyIngress.ipv4_forward - a000202,1,
[16:43:04.730] [bmv2] [T] [thread 33438] [24.0] [cxt 0] Action MyIngress.ipv4_forward
[16:43:04.730] [bmv2] [T] [thread 33438] [24.0] [cxt 0] basico.p4(94) Primitive standard_metadata.egress_spec = port
[16:43:04.730] [bmv2] [T] [thread 33438] [24.0] [cxt 0] basico.p4(95) Primitive hdr.ethernet.srcAddr = hdr.ethernet.dstAddr
[16:43:04.730] [bmv2] [T] [thread 33438] [24.0] [cxt 0] basico.p4(96) Primitive hdr.ethernet.dstAddr = dstAddr
[16:43:04.730] [bmv2] [T] [thread 33438] [24.0] [cxt 0] basico.p4(97) Primitive hdr.ipv4.ttl = hdr.ipv4.ttl - 1
[16:43:04.730] [bmv2] [D] [thread 33438] [24.0] [cxt 0] Pipeline 'ingress': end
[16:43:04.730] [bmv2] [D] [thread 33438] [24.0] [cxt 0] Egress port is 1
[16:43:04.730] [bmv2] [D] [thread 33440] [24.0] [cxt 0] Pipeline 'egress': start
[16:43:04.730] [bmv2] [D] [thread 33440] [24.0] [cxt 0] Pipeline 'egress': end
[16:43:04.730] [bmv2] [D] [thread 33440] [24.0] [cxt 0] Deparser 'deparser': start
[16:43:04.730] [bmv2] [D] [thread 33440] [24.0] [cxt 0] Updating checksum 'cksum'
[16:43:04.730] [bmv2] [D] [thread 33440] [24.0] [cxt 0] Deparsing header 'ethernet'
[16:43:04.730] [bmv2] [D] [thread 33440] [24.0] [cxt 0] Deparsing header 'ipv4'
[16:43:04.730] [bmv2] [D] [thread 33440] [24.0] [cxt 0] Deparser 'deparser': end
[16:43:04.730] [bmv2] [D] [thread 33443] [24.0] [cxt 0] Transmitting packet of size 98 out of port 1
[16:43:04.734] [bmv2] [D] [thread 33438] [25.0] [cxt 0] Processing packet received on port 1
[16:43:04.734] [bmv2] [D] [thread 33438] [25.0] [cxt 0] Parser 'parser': start
[16:43:04.734] [bmv2] [D] [thread 33438] [25.0] [cxt 0] Parser 'parser' entering state 'start'
[16:43:04.734] [bmv2] [D] [thread 33438] [25.0] [cxt 0] Extracting header 'ethernet'
[16:43:04.734] [bmv2] [D] [thread 33438] [25.0] [cxt 0] Parser state 'start': key is 0800
[16:43:04.734] [bmv2] [T] [thread 33438] [25.0] [cxt 0] Bytes parsed: 14
[16:43:04.734] [bmv2] [D] [thread 33438] [25.0] [cxt 0] Parser 'parser' entering state 'parse_ipv4'
[16:43:04.734] [bmv2] [D] [thread 33438] [25.0] [cxt 0] Extracting header 'ipv4'
[16:43:04.734] [bmv2] [D] [thread 33438] [25.0] [cxt 0] Parser state 'parse_ipv4' has no switch, going to default next state
[16:43:04.734] [bmv2] [T] [thread 33438] [25.0] [cxt 0] Bytes parsed: 34
[16:43:04.734] [bmv2] [D] [thread 33438] [25.0] [cxt 0] Parser 'parser': end
[16:43:04.734] [bmv2] [D] [thread 33438] [25.0] [cxt 0] Pipeline 'ingress': start
[16:43:04.734] [bmv2] [T] [thread 33438] [25.0] [cxt 0] basico.p4(114) Condition "hdr.ipv4.isValid()" (node_2) is true
[16:43:04.734] [bmv2] [T] [thread 33438] [25.0] [cxt 0] Applying table 'MyIngress.ipv4_lpm'
[16:43:04.734] [bmv2] [D] [thread 33438] [25.0] [cxt 0] Looking up key:
* hdr.ipv4.dstAddr    : 0a000304

[16:43:04.734] [bmv2] [D] [thread 33438] [25.0] [cxt 0] Table 'MyIngress.ipv4_lpm': hit with handle 2
[16:43:04.734] [bmv2] [D] [thread 33438] [25.0] [cxt 0] Dumping entry 2
Match key:
* hdr.ipv4.dstAddr    : LPM       0a000300/24
Action entry: MyIngress.ipv4_forward - 10200,2,

[16:43:04.734] [bmv2] [D] [thread 33438] [25.0] [cxt 0] Action entry is MyIngress.ipv4_forward - 10200,2,
[16:43:04.734] [bmv2] [T] [thread 33438] [25.0] [cxt 0] Action MyIngress.ipv4_forward
[16:43:04.734] [bmv2] [T] [thread 33438] [25.0] [cxt 0] basico.p4(94) Primitive standard_metadata.egress_spec = port
[16:43:04.734] [bmv2] [T] [thread 33438] [25.0] [cxt 0] basico.p4(95) Primitive hdr.ethernet.srcAddr = hdr.ethernet.dstAddr
[16:43:04.734] [bmv2] [T] [thread 33438] [25.0] [cxt 0] basico.p4(96) Primitive hdr.ethernet.dstAddr = dstAddr
[16:43:04.734] [bmv2] [T] [thread 33438] [25.0] [cxt 0] basico.p4(97) Primitive hdr.ipv4.ttl = hdr.ipv4.ttl - 1
[16:43:04.734] [bmv2] [D] [thread 33438] [25.0] [cxt 0] Pipeline 'ingress': end
[16:43:04.734] [bmv2] [D] [thread 33438] [25.0] [cxt 0] Egress port is 2
[16:43:04.734] [bmv2] [D] [thread 33441] [25.0] [cxt 0] Pipeline 'egress': start
[16:43:04.734] [bmv2] [D] [thread 33441] [25.0] [cxt 0] Pipeline 'egress': end
[16:43:04.734] [bmv2] [D] [thread 33441] [25.0] [cxt 0] Deparser 'deparser': start
[16:43:04.734] [bmv2] [D] [thread 33441] [25.0] [cxt 0] Updating checksum 'cksum'
[16:43:04.734] [bmv2] [D] [thread 33441] [25.0] [cxt 0] Deparsing header 'ethernet'
[16:43:04.734] [bmv2] [D] [thread 33441] [25.0] [cxt 0] Deparsing header 'ipv4'
[16:43:04.734] [bmv2] [D] [thread 33441] [25.0] [cxt 0] Deparser 'deparser': end
[16:43:04.735] [bmv2] [D] [thread 33443] [25.0] [cxt 0] Transmitting packet of size 98 out of port 2
[16:43:04.737] [bmv2] [D] [thread 33438] [26.0] [cxt 0] Processing packet received on port 2
[16:43:04.737] [bmv2] [D] [thread 33438] [26.0] [cxt 0] Parser 'parser': start
[16:43:04.737] [bmv2] [D] [thread 33438] [26.0] [cxt 0] Parser 'parser' entering state 'start'
[16:43:04.737] [bmv2] [D] [thread 33438] [26.0] [cxt 0] Extracting header 'ethernet'
[16:43:04.737] [bmv2] [D] [thread 33438] [26.0] [cxt 0] Parser state 'start': key is 0800
[16:43:04.737] [bmv2] [T] [thread 33438] [26.0] [cxt 0] Bytes parsed: 14
[16:43:04.737] [bmv2] [D] [thread 33438] [26.0] [cxt 0] Parser 'parser' entering state 'parse_ipv4'
[16:43:04.737] [bmv2] [D] [thread 33438] [26.0] [cxt 0] Extracting header 'ipv4'
[16:43:04.737] [bmv2] [D] [thread 33438] [26.0] [cxt 0] Parser state 'parse_ipv4' has no switch, going to default next state
[16:43:04.737] [bmv2] [T] [thread 33438] [26.0] [cxt 0] Bytes parsed: 34
[16:43:04.737] [bmv2] [D] [thread 33438] [26.0] [cxt 0] Parser 'parser': end
[16:43:04.737] [bmv2] [D] [thread 33438] [26.0] [cxt 0] Pipeline 'ingress': start
[16:43:04.737] [bmv2] [T] [thread 33438] [26.0] [cxt 0] basico.p4(114) Condition "hdr.ipv4.isValid()" (node_2) is true
[16:43:04.737] [bmv2] [T] [thread 33438] [26.0] [cxt 0] Applying table 'MyIngress.ipv4_lpm'
[16:43:04.737] [bmv2] [D] [thread 33438] [26.0] [cxt 0] Looking up key:
* hdr.ipv4.dstAddr    : 0a000202

[16:43:04.737] [bmv2] [D] [thread 33438] [26.0] [cxt 0] Table 'MyIngress.ipv4_lpm': hit with handle 1
[16:43:04.737] [bmv2] [D] [thread 33438] [26.0] [cxt 0] Dumping entry 1
Match key:
* hdr.ipv4.dstAddr    : LPM       0a000202/32
Action entry: MyIngress.ipv4_forward - a000202,1,

[16:43:04.737] [bmv2] [D] [thread 33438] [26.0] [cxt 0] Action entry is MyIngress.ipv4_forward - a000202,1,
[16:43:04.737] [bmv2] [T] [thread 33438] [26.0] [cxt 0] Action MyIngress.ipv4_forward
[16:43:04.737] [bmv2] [T] [thread 33438] [26.0] [cxt 0] basico.p4(94) Primitive standard_metadata.egress_spec = port
[16:43:04.737] [bmv2] [T] [thread 33438] [26.0] [cxt 0] basico.p4(95) Primitive hdr.ethernet.srcAddr = hdr.ethernet.dstAddr
[16:43:04.737] [bmv2] [T] [thread 33438] [26.0] [cxt 0] basico.p4(96) Primitive hdr.ethernet.dstAddr = dstAddr
[16:43:04.737] [bmv2] [T] [thread 33438] [26.0] [cxt 0] basico.p4(97) Primitive hdr.ipv4.ttl = hdr.ipv4.ttl - 1
[16:43:04.737] [bmv2] [D] [thread 33438] [26.0] [cxt 0] Pipeline 'ingress': end
[16:43:04.737] [bmv2] [D] [thread 33438] [26.0] [cxt 0] Egress port is 1
[16:43:04.737] [bmv2] [D] [thread 33440] [26.0] [cxt 0] Pipeline 'egress': start
[16:43:04.737] [bmv2] [D] [thread 33440] [26.0] [cxt 0] Pipeline 'egress': end
[16:43:04.737] [bmv2] [D] [thread 33440] [26.0] [cxt 0] Deparser 'deparser': start
[16:43:04.737] [bmv2] [D] [thread 33440] [26.0] [cxt 0] Updating checksum 'cksum'
[16:43:04.737] [bmv2] [D] [thread 33440] [26.0] [cxt 0] Deparsing header 'ethernet'
[16:43:04.737] [bmv2] [D] [thread 33440] [26.0] [cxt 0] Deparsing header 'ipv4'
[16:43:04.737] [bmv2] [D] [thread 33440] [26.0] [cxt 0] Deparser 'deparser': end
[16:43:04.737] [bmv2] [D] [thread 33443] [26.0] [cxt 0] Transmitting packet of size 98 out of port 1
[16:43:04.742] [bmv2] [D] [thread 33438] [27.0] [cxt 0] Processing packet received on port 1
[16:43:04.742] [bmv2] [D] [thread 33438] [27.0] [cxt 0] Parser 'parser': start
[16:43:04.742] [bmv2] [D] [thread 33438] [27.0] [cxt 0] Parser 'parser' entering state 'start'
[16:43:04.742] [bmv2] [D] [thread 33438] [27.0] [cxt 0] Extracting header 'ethernet'
[16:43:04.742] [bmv2] [D] [thread 33438] [27.0] [cxt 0] Parser state 'start': key is 0800
[16:43:04.742] [bmv2] [T] [thread 33438] [27.0] [cxt 0] Bytes parsed: 14
[16:43:04.742] [bmv2] [D] [thread 33438] [27.0] [cxt 0] Parser 'parser' entering state 'parse_ipv4'
[16:43:04.742] [bmv2] [D] [thread 33438] [27.0] [cxt 0] Extracting header 'ipv4'
[16:43:04.742] [bmv2] [D] [thread 33438] [27.0] [cxt 0] Parser state 'parse_ipv4' has no switch, going to default next state
[16:43:04.742] [bmv2] [T] [thread 33438] [27.0] [cxt 0] Bytes parsed: 34
[16:43:04.742] [bmv2] [D] [thread 33438] [27.0] [cxt 0] Parser 'parser': end
[16:43:04.742] [bmv2] [D] [thread 33438] [27.0] [cxt 0] Pipeline 'ingress': start
[16:43:04.742] [bmv2] [T] [thread 33438] [27.0] [cxt 0] basico.p4(114) Condition "hdr.ipv4.isValid()" (node_2) is true
[16:43:04.742] [bmv2] [T] [thread 33438] [27.0] [cxt 0] Applying table 'MyIngress.ipv4_lpm'
[16:43:04.742] [bmv2] [D] [thread 33438] [27.0] [cxt 0] Looking up key:
* hdr.ipv4.dstAddr    : 0a001515

[16:43:04.742] [bmv2] [D] [thread 33438] [27.0] [cxt 0] Table 'MyIngress.ipv4_lpm': miss
[16:43:04.742] [bmv2] [D] [thread 33438] [27.0] [cxt 0] Action entry is MyIngress.drop - 
[16:43:04.742] [bmv2] [T] [thread 33438] [27.0] [cxt 0] Action MyIngress.drop
[16:43:04.742] [bmv2] [T] [thread 33438] [27.0] [cxt 0] basico.p4(90) Primitive mark_to_drop(standard_metadata)
[16:43:04.742] [bmv2] [D] [thread 33438] [27.0] [cxt 0] Pipeline 'ingress': end
[16:43:04.742] [bmv2] [D] [thread 33438] [27.0] [cxt 0] Egress port is 511
[16:43:04.742] [bmv2] [D] [thread 33438] [27.0] [cxt 0] Dropping packet at the end of ingress
[16:43:14.747] [bmv2] [D] [thread 33438] [28.0] [cxt 0] Processing packet received on port 1
[16:43:14.747] [bmv2] [D] [thread 33438] [28.0] [cxt 0] Parser 'parser': start
[16:43:14.748] [bmv2] [D] [thread 33438] [28.0] [cxt 0] Parser 'parser' entering state 'start'
[16:43:14.748] [bmv2] [D] [thread 33438] [28.0] [cxt 0] Extracting header 'ethernet'
[16:43:14.748] [bmv2] [D] [thread 33438] [28.0] [cxt 0] Parser state 'start': key is 0800
[16:43:14.748] [bmv2] [T] [thread 33438] [28.0] [cxt 0] Bytes parsed: 14
[16:43:14.748] [bmv2] [D] [thread 33438] [28.0] [cxt 0] Parser 'parser' entering state 'parse_ipv4'
[16:43:14.748] [bmv2] [D] [thread 33438] [28.0] [cxt 0] Extracting header 'ipv4'
[16:43:14.748] [bmv2] [D] [thread 33438] [28.0] [cxt 0] Parser state 'parse_ipv4' has no switch, going to default next state
[16:43:14.748] [bmv2] [T] [thread 33438] [28.0] [cxt 0] Bytes parsed: 34
[16:43:14.748] [bmv2] [D] [thread 33438] [28.0] [cxt 0] Parser 'parser': end
[16:43:14.748] [bmv2] [D] [thread 33438] [28.0] [cxt 0] Pipeline 'ingress': start
[16:43:14.748] [bmv2] [T] [thread 33438] [28.0] [cxt 0] basico.p4(114) Condition "hdr.ipv4.isValid()" (node_2) is true
[16:43:14.748] [bmv2] [T] [thread 33438] [28.0] [cxt 0] Applying table 'MyIngress.ipv4_lpm'
[16:43:14.748] [bmv2] [D] [thread 33438] [28.0] [cxt 0] Looking up key:
* hdr.ipv4.dstAddr    : 0a001516

[16:43:14.748] [bmv2] [D] [thread 33438] [28.0] [cxt 0] Table 'MyIngress.ipv4_lpm': miss
[16:43:14.748] [bmv2] [D] [thread 33438] [28.0] [cxt 0] Action entry is MyIngress.drop - 
[16:43:14.748] [bmv2] [T] [thread 33438] [28.0] [cxt 0] Action MyIngress.drop
[16:43:14.748] [bmv2] [T] [thread 33438] [28.0] [cxt 0] basico.p4(90) Primitive mark_to_drop(standard_metadata)
[16:43:14.748] [bmv2] [D] [thread 33438] [28.0] [cxt 0] Pipeline 'ingress': end
[16:43:14.748] [bmv2] [D] [thread 33438] [28.0] [cxt 0] Egress port is 511
[16:43:14.748] [bmv2] [D] [thread 33438] [28.0] [cxt 0] Dropping packet at the end of ingress
[16:43:24.764] [bmv2] [D] [thread 33438] [29.0] [cxt 0] Processing packet received on port 2
[16:43:24.764] [bmv2] [D] [thread 33438] [29.0] [cxt 0] Parser 'parser': start
[16:43:24.764] [bmv2] [D] [thread 33438] [29.0] [cxt 0] Parser 'parser' entering state 'start'
[16:43:24.764] [bmv2] [D] [thread 33438] [29.0] [cxt 0] Extracting header 'ethernet'
[16:43:24.764] [bmv2] [D] [thread 33438] [29.0] [cxt 0] Parser state 'start': key is 0800
[16:43:24.764] [bmv2] [T] [thread 33438] [29.0] [cxt 0] Bytes parsed: 14
[16:43:24.764] [bmv2] [D] [thread 33438] [29.0] [cxt 0] Parser 'parser' entering state 'parse_ipv4'
[16:43:24.764] [bmv2] [D] [thread 33438] [29.0] [cxt 0] Extracting header 'ipv4'
[16:43:24.764] [bmv2] [D] [thread 33438] [29.0] [cxt 0] Parser state 'parse_ipv4' has no switch, going to default next state
[16:43:24.764] [bmv2] [T] [thread 33438] [29.0] [cxt 0] Bytes parsed: 34
[16:43:24.764] [bmv2] [D] [thread 33438] [29.0] [cxt 0] Parser 'parser': end
[16:43:24.764] [bmv2] [D] [thread 33438] [29.0] [cxt 0] Pipeline 'ingress': start
[16:43:24.764] [bmv2] [T] [thread 33438] [29.0] [cxt 0] basico.p4(114) Condition "hdr.ipv4.isValid()" (node_2) is true
[16:43:24.764] [bmv2] [T] [thread 33438] [29.0] [cxt 0] Applying table 'MyIngress.ipv4_lpm'
[16:43:24.764] [bmv2] [D] [thread 33438] [29.0] [cxt 0] Looking up key:
* hdr.ipv4.dstAddr    : 0a000202

[16:43:24.764] [bmv2] [D] [thread 33438] [29.0] [cxt 0] Table 'MyIngress.ipv4_lpm': hit with handle 1
[16:43:24.764] [bmv2] [D] [thread 33438] [29.0] [cxt 0] Dumping entry 1
Match key:
* hdr.ipv4.dstAddr    : LPM       0a000202/32
Action entry: MyIngress.ipv4_forward - a000202,1,

[16:43:24.764] [bmv2] [D] [thread 33438] [29.0] [cxt 0] Action entry is MyIngress.ipv4_forward - a000202,1,
[16:43:24.764] [bmv2] [T] [thread 33438] [29.0] [cxt 0] Action MyIngress.ipv4_forward
[16:43:24.764] [bmv2] [T] [thread 33438] [29.0] [cxt 0] basico.p4(94) Primitive standard_metadata.egress_spec = port
[16:43:24.764] [bmv2] [T] [thread 33438] [29.0] [cxt 0] basico.p4(95) Primitive hdr.ethernet.srcAddr = hdr.ethernet.dstAddr
[16:43:24.764] [bmv2] [T] [thread 33438] [29.0] [cxt 0] basico.p4(96) Primitive hdr.ethernet.dstAddr = dstAddr
[16:43:24.764] [bmv2] [T] [thread 33438] [29.0] [cxt 0] basico.p4(97) Primitive hdr.ipv4.ttl = hdr.ipv4.ttl - 1
[16:43:24.764] [bmv2] [D] [thread 33438] [29.0] [cxt 0] Pipeline 'ingress': end
[16:43:24.764] [bmv2] [D] [thread 33438] [29.0] [cxt 0] Egress port is 1
[16:43:24.764] [bmv2] [D] [thread 33440] [29.0] [cxt 0] Pipeline 'egress': start
[16:43:24.764] [bmv2] [D] [thread 33440] [29.0] [cxt 0] Pipeline 'egress': end
[16:43:24.764] [bmv2] [D] [thread 33440] [29.0] [cxt 0] Deparser 'deparser': start
[16:43:24.764] [bmv2] [D] [thread 33440] [29.0] [cxt 0] Updating checksum 'cksum'
[16:43:24.764] [bmv2] [D] [thread 33440] [29.0] [cxt 0] Deparsing header 'ethernet'
[16:43:24.764] [bmv2] [D] [thread 33440] [29.0] [cxt 0] Deparsing header 'ipv4'
[16:43:24.764] [bmv2] [D] [thread 33440] [29.0] [cxt 0] Deparser 'deparser': end
[16:43:24.764] [bmv2] [D] [thread 33443] [29.0] [cxt 0] Transmitting packet of size 98 out of port 1
[16:43:24.764] [bmv2] [D] [thread 33438] [30.0] [cxt 0] Processing packet received on port 1
[16:43:24.764] [bmv2] [D] [thread 33438] [30.0] [cxt 0] Parser 'parser': start
[16:43:24.764] [bmv2] [D] [thread 33438] [30.0] [cxt 0] Parser 'parser' entering state 'start'
[16:43:24.764] [bmv2] [D] [thread 33438] [30.0] [cxt 0] Extracting header 'ethernet'
[16:43:24.764] [bmv2] [D] [thread 33438] [30.0] [cxt 0] Parser state 'start': key is 0800
[16:43:24.764] [bmv2] [T] [thread 33438] [30.0] [cxt 0] Bytes parsed: 14
[16:43:24.764] [bmv2] [D] [thread 33438] [30.0] [cxt 0] Parser 'parser' entering state 'parse_ipv4'
[16:43:24.764] [bmv2] [D] [thread 33438] [30.0] [cxt 0] Extracting header 'ipv4'
[16:43:24.764] [bmv2] [D] [thread 33438] [30.0] [cxt 0] Parser state 'parse_ipv4' has no switch, going to default next state
[16:43:24.764] [bmv2] [T] [thread 33438] [30.0] [cxt 0] Bytes parsed: 34
[16:43:24.764] [bmv2] [D] [thread 33438] [30.0] [cxt 0] Parser 'parser': end
[16:43:24.764] [bmv2] [D] [thread 33438] [30.0] [cxt 0] Pipeline 'ingress': start
[16:43:24.764] [bmv2] [T] [thread 33438] [30.0] [cxt 0] basico.p4(114) Condition "hdr.ipv4.isValid()" (node_2) is true
[16:43:24.764] [bmv2] [T] [thread 33438] [30.0] [cxt 0] Applying table 'MyIngress.ipv4_lpm'
[16:43:24.764] [bmv2] [D] [thread 33438] [30.0] [cxt 0] Looking up key:
* hdr.ipv4.dstAddr    : 0a000303

[16:43:24.764] [bmv2] [D] [thread 33438] [30.0] [cxt 0] Table 'MyIngress.ipv4_lpm': hit with handle 2
[16:43:24.764] [bmv2] [D] [thread 33438] [30.0] [cxt 0] Dumping entry 2
Match key:
* hdr.ipv4.dstAddr    : LPM       0a000300/24
Action entry: MyIngress.ipv4_forward - 10200,2,

[16:43:24.764] [bmv2] [D] [thread 33438] [30.0] [cxt 0] Action entry is MyIngress.ipv4_forward - 10200,2,
[16:43:24.764] [bmv2] [T] [thread 33438] [30.0] [cxt 0] Action MyIngress.ipv4_forward
[16:43:24.764] [bmv2] [T] [thread 33438] [30.0] [cxt 0] basico.p4(94) Primitive standard_metadata.egress_spec = port
[16:43:24.764] [bmv2] [T] [thread 33438] [30.0] [cxt 0] basico.p4(95) Primitive hdr.ethernet.srcAddr = hdr.ethernet.dstAddr
[16:43:24.764] [bmv2] [T] [thread 33438] [30.0] [cxt 0] basico.p4(96) Primitive hdr.ethernet.dstAddr = dstAddr
[16:43:24.764] [bmv2] [T] [thread 33438] [30.0] [cxt 0] basico.p4(97) Primitive hdr.ipv4.ttl = hdr.ipv4.ttl - 1
[16:43:24.764] [bmv2] [D] [thread 33438] [30.0] [cxt 0] Pipeline 'ingress': end
[16:43:24.764] [bmv2] [D] [thread 33438] [30.0] [cxt 0] Egress port is 2
[16:43:24.764] [bmv2] [D] [thread 33441] [30.0] [cxt 0] Pipeline 'egress': start
[16:43:24.764] [bmv2] [D] [thread 33441] [30.0] [cxt 0] Pipeline 'egress': end
[16:43:24.764] [bmv2] [D] [thread 33441] [30.0] [cxt 0] Deparser 'deparser': start
[16:43:24.764] [bmv2] [D] [thread 33441] [30.0] [cxt 0] Updating checksum 'cksum'
[16:43:24.764] [bmv2] [D] [thread 33441] [30.0] [cxt 0] Deparsing header 'ethernet'
[16:43:24.764] [bmv2] [D] [thread 33441] [30.0] [cxt 0] Deparsing header 'ipv4'
[16:43:24.764] [bmv2] [D] [thread 33441] [30.0] [cxt 0] Deparser 'deparser': end
[16:43:24.764] [bmv2] [D] [thread 33443] [30.0] [cxt 0] Transmitting packet of size 98 out of port 2
[16:43:24.799] [bmv2] [D] [thread 33438] [31.0] [cxt 0] Processing packet received on port 2
[16:43:24.799] [bmv2] [D] [thread 33438] [31.0] [cxt 0] Parser 'parser': start
[16:43:24.799] [bmv2] [D] [thread 33438] [31.0] [cxt 0] Parser 'parser' entering state 'start'
[16:43:24.799] [bmv2] [D] [thread 33438] [31.0] [cxt 0] Extracting header 'ethernet'
[16:43:24.799] [bmv2] [D] [thread 33438] [31.0] [cxt 0] Parser state 'start': key is 0800
[16:43:24.799] [bmv2] [T] [thread 33438] [31.0] [cxt 0] Bytes parsed: 14
[16:43:24.799] [bmv2] [D] [thread 33438] [31.0] [cxt 0] Parser 'parser' entering state 'parse_ipv4'
[16:43:24.799] [bmv2] [D] [thread 33438] [31.0] [cxt 0] Extracting header 'ipv4'
[16:43:24.799] [bmv2] [D] [thread 33438] [31.0] [cxt 0] Parser state 'parse_ipv4' has no switch, going to default next state
[16:43:24.799] [bmv2] [T] [thread 33438] [31.0] [cxt 0] Bytes parsed: 34
[16:43:24.799] [bmv2] [D] [thread 33438] [31.0] [cxt 0] Parser 'parser': end
[16:43:24.799] [bmv2] [D] [thread 33438] [31.0] [cxt 0] Pipeline 'ingress': start
[16:43:24.799] [bmv2] [T] [thread 33438] [31.0] [cxt 0] basico.p4(114) Condition "hdr.ipv4.isValid()" (node_2) is true
[16:43:24.799] [bmv2] [T] [thread 33438] [31.0] [cxt 0] Applying table 'MyIngress.ipv4_lpm'
[16:43:24.799] [bmv2] [D] [thread 33438] [31.0] [cxt 0] Looking up key:
* hdr.ipv4.dstAddr    : 0a000202

[16:43:24.799] [bmv2] [D] [thread 33438] [31.0] [cxt 0] Table 'MyIngress.ipv4_lpm': hit with handle 1
[16:43:24.799] [bmv2] [D] [thread 33438] [31.0] [cxt 0] Dumping entry 1
Match key:
* hdr.ipv4.dstAddr    : LPM       0a000202/32
Action entry: MyIngress.ipv4_forward - a000202,1,

[16:43:24.799] [bmv2] [D] [thread 33438] [31.0] [cxt 0] Action entry is MyIngress.ipv4_forward - a000202,1,
[16:43:24.799] [bmv2] [T] [thread 33438] [31.0] [cxt 0] Action MyIngress.ipv4_forward
[16:43:24.799] [bmv2] [T] [thread 33438] [31.0] [cxt 0] basico.p4(94) Primitive standard_metadata.egress_spec = port
[16:43:24.799] [bmv2] [T] [thread 33438] [31.0] [cxt 0] basico.p4(95) Primitive hdr.ethernet.srcAddr = hdr.ethernet.dstAddr
[16:43:24.799] [bmv2] [T] [thread 33438] [31.0] [cxt 0] basico.p4(96) Primitive hdr.ethernet.dstAddr = dstAddr
[16:43:24.799] [bmv2] [T] [thread 33438] [31.0] [cxt 0] basico.p4(97) Primitive hdr.ipv4.ttl = hdr.ipv4.ttl - 1
[16:43:24.799] [bmv2] [D] [thread 33438] [31.0] [cxt 0] Pipeline 'ingress': end
[16:43:24.799] [bmv2] [D] [thread 33438] [31.0] [cxt 0] Egress port is 1
[16:43:24.800] [bmv2] [D] [thread 33440] [31.0] [cxt 0] Pipeline 'egress': start
[16:43:24.800] [bmv2] [D] [thread 33440] [31.0] [cxt 0] Pipeline 'egress': end
[16:43:24.800] [bmv2] [D] [thread 33440] [31.0] [cxt 0] Deparser 'deparser': start
[16:43:24.800] [bmv2] [D] [thread 33440] [31.0] [cxt 0] Updating checksum 'cksum'
[16:43:24.800] [bmv2] [D] [thread 33440] [31.0] [cxt 0] Deparsing header 'ethernet'
[16:43:24.800] [bmv2] [D] [thread 33440] [31.0] [cxt 0] Deparsing header 'ipv4'
[16:43:24.800] [bmv2] [D] [thread 33440] [31.0] [cxt 0] Deparser 'deparser': end
[16:43:24.801] [bmv2] [D] [thread 33443] [31.0] [cxt 0] Transmitting packet of size 98 out of port 1
[16:43:24.801] [bmv2] [D] [thread 33438] [32.0] [cxt 0] Processing packet received on port 1
[16:43:24.801] [bmv2] [D] [thread 33438] [32.0] [cxt 0] Parser 'parser': start
[16:43:24.801] [bmv2] [D] [thread 33438] [32.0] [cxt 0] Parser 'parser' entering state 'start'
[16:43:24.801] [bmv2] [D] [thread 33438] [32.0] [cxt 0] Extracting header 'ethernet'
[16:43:24.801] [bmv2] [D] [thread 33438] [32.0] [cxt 0] Parser state 'start': key is 0800
[16:43:24.801] [bmv2] [T] [thread 33438] [32.0] [cxt 0] Bytes parsed: 14
[16:43:24.801] [bmv2] [D] [thread 33438] [32.0] [cxt 0] Parser 'parser' entering state 'parse_ipv4'
[16:43:24.801] [bmv2] [D] [thread 33438] [32.0] [cxt 0] Extracting header 'ipv4'
[16:43:24.801] [bmv2] [D] [thread 33438] [32.0] [cxt 0] Parser state 'parse_ipv4' has no switch, going to default next state
[16:43:24.801] [bmv2] [T] [thread 33438] [32.0] [cxt 0] Bytes parsed: 34
[16:43:24.801] [bmv2] [D] [thread 33438] [32.0] [cxt 0] Parser 'parser': end
[16:43:24.801] [bmv2] [D] [thread 33438] [32.0] [cxt 0] Pipeline 'ingress': start
[16:43:24.801] [bmv2] [T] [thread 33438] [32.0] [cxt 0] basico.p4(114) Condition "hdr.ipv4.isValid()" (node_2) is true
[16:43:24.801] [bmv2] [T] [thread 33438] [32.0] [cxt 0] Applying table 'MyIngress.ipv4_lpm'
[16:43:24.801] [bmv2] [D] [thread 33438] [32.0] [cxt 0] Looking up key:
* hdr.ipv4.dstAddr    : 0a000304

[16:43:24.801] [bmv2] [D] [thread 33438] [32.0] [cxt 0] Table 'MyIngress.ipv4_lpm': hit with handle 2
[16:43:24.801] [bmv2] [D] [thread 33438] [32.0] [cxt 0] Dumping entry 2
Match key:
* hdr.ipv4.dstAddr    : LPM       0a000300/24
Action entry: MyIngress.ipv4_forward - 10200,2,

[16:43:24.801] [bmv2] [D] [thread 33438] [32.0] [cxt 0] Action entry is MyIngress.ipv4_forward - 10200,2,
[16:43:24.801] [bmv2] [T] [thread 33438] [32.0] [cxt 0] Action MyIngress.ipv4_forward
[16:43:24.801] [bmv2] [T] [thread 33438] [32.0] [cxt 0] basico.p4(94) Primitive standard_metadata.egress_spec = port
[16:43:24.801] [bmv2] [T] [thread 33438] [32.0] [cxt 0] basico.p4(95) Primitive hdr.ethernet.srcAddr = hdr.ethernet.dstAddr
[16:43:24.801] [bmv2] [T] [thread 33438] [32.0] [cxt 0] basico.p4(96) Primitive hdr.ethernet.dstAddr = dstAddr
[16:43:24.801] [bmv2] [T] [thread 33438] [32.0] [cxt 0] basico.p4(97) Primitive hdr.ipv4.ttl = hdr.ipv4.ttl - 1
[16:43:24.801] [bmv2] [D] [thread 33438] [32.0] [cxt 0] Pipeline 'ingress': end
[16:43:24.801] [bmv2] [D] [thread 33438] [32.0] [cxt 0] Egress port is 2
[16:43:24.801] [bmv2] [D] [thread 33441] [32.0] [cxt 0] Pipeline 'egress': start
[16:43:24.801] [bmv2] [D] [thread 33441] [32.0] [cxt 0] Pipeline 'egress': end
[16:43:24.801] [bmv2] [D] [thread 33441] [32.0] [cxt 0] Deparser 'deparser': start
[16:43:24.801] [bmv2] [D] [thread 33441] [32.0] [cxt 0] Updating checksum 'cksum'
[16:43:24.801] [bmv2] [D] [thread 33441] [32.0] [cxt 0] Deparsing header 'ethernet'
[16:43:24.801] [bmv2] [D] [thread 33441] [32.0] [cxt 0] Deparsing header 'ipv4'
[16:43:24.801] [bmv2] [D] [thread 33441] [32.0] [cxt 0] Deparser 'deparser': end
[16:43:24.801] [bmv2] [D] [thread 33443] [32.0] [cxt 0] Transmitting packet of size 98 out of port 2
